2025-12-28 00:07:33 - core.sensor_reader - ERROR - [sensor_reader.py:176] - Failed to initialize Modbus instrument on COM3: could not open port 'COM3': OSError(22, 'The semaphore timeout period has expired.', None, 121)
2025-12-28 00:07:33 - core.sensor_reader - ERROR - [sensor_reader.py:134] - Failed to initialize sensor reader: Modbus init failed on COM3: could not open port 'COM3': OSError(22, 'The semaphore timeout period has expired.', None, 121)
2025-12-28 00:07:33 - core.sensor_reader - ERROR - [sensor_reader.py:593] - Failed to initialize reader: Initialization failed: Modbus init failed on COM3: could not open port 'COM3': OSError(22, 'The semaphore timeout period has expired.', None, 121)
2025-12-28 00:07:33 - core.sensor_reader - ERROR - [sensor_reader.py:627] - Sensor read error: Sensor reader not initialized
2025-12-28 00:07:34 - core.sensor_reader - ERROR - [sensor_reader.py:627] - Sensor read error: Sensor reader not initialized
2025-12-28 00:07:35 - core.sensor_reader - ERROR - [sensor_reader.py:627] - Sensor read error: Sensor reader not initialized
2025-12-28 00:07:36 - core.sensor_reader - ERROR - [sensor_reader.py:627] - Sensor read error: Sensor reader not initialized
2025-12-28 00:07:37 - core.sensor_reader - ERROR - [sensor_reader.py:627] - Sensor read error: Sensor reader not initialized
2025-12-28 00:07:38 - core.sensor_reader - ERROR - [sensor_reader.py:627] - Sensor read error: Sensor reader not initialized
2025-12-28 00:07:39 - core.sensor_reader - ERROR - [sensor_reader.py:627] - Sensor read error: Sensor reader not initialized
2025-12-28 00:07:40 - core.sensor_reader - ERROR - [sensor_reader.py:627] - Sensor read error: Sensor reader not initialized
2025-12-28 00:07:41 - core.sensor_reader - ERROR - [sensor_reader.py:627] - Sensor read error: Sensor reader not initialized
2025-12-28 00:07:42 - core.sensor_reader - ERROR - [sensor_reader.py:627] - Sensor read error: Sensor reader not initialized
2025-12-28 00:07:43 - core.sensor_reader - ERROR - [sensor_reader.py:627] - Sensor read error: Sensor reader not initialized
2025-12-28 00:07:44 - core.sensor_reader - ERROR - [sensor_reader.py:627] - Sensor read error: Sensor reader not initialized
2025-12-28 00:07:45 - core.sensor_reader - ERROR - [sensor_reader.py:627] - Sensor read error: Sensor reader not initialized
2025-12-28 00:07:46 - core.sensor_reader - ERROR - [sensor_reader.py:627] - Sensor read error: Sensor reader not initialized
2025-12-28 00:07:47 - core.sensor_reader - ERROR - [sensor_reader.py:627] - Sensor read error: Sensor reader not initialized
2025-12-28 00:07:48 - core.sensor_reader - ERROR - [sensor_reader.py:627] - Sensor read error: Sensor reader not initialized
2025-12-28 00:07:49 - core.sensor_reader - ERROR - [sensor_reader.py:627] - Sensor read error: Sensor reader not initialized
2025-12-28 00:07:50 - core.sensor_reader - ERROR - [sensor_reader.py:627] - Sensor read error: Sensor reader not initialized
2025-12-28 00:07:51 - core.sensor_reader - ERROR - [sensor_reader.py:627] - Sensor read error: Sensor reader not initialized
2025-12-28 00:07:52 - core.sensor_reader - ERROR - [sensor_reader.py:627] - Sensor read error: Sensor reader not initialized
2025-12-28 00:07:53 - core.sensor_reader - ERROR - [sensor_reader.py:627] - Sensor read error: Sensor reader not initialized
2025-12-28 00:07:54 - core.sensor_reader - ERROR - [sensor_reader.py:627] - Sensor read error: Sensor reader not initialized
2025-12-28 00:07:55 - core.sensor_reader - ERROR - [sensor_reader.py:627] - Sensor read error: Sensor reader not initialized
2025-12-28 00:07:56 - core.sensor_reader - ERROR - [sensor_reader.py:627] - Sensor read error: Sensor reader not initialized
2025-12-28 00:07:57 - core.sensor_reader - ERROR - [sensor_reader.py:627] - Sensor read error: Sensor reader not initialized
2025-12-28 00:07:58 - core.sensor_reader - ERROR - [sensor_reader.py:627] - Sensor read error: Sensor reader not initialized
2025-12-28 00:07:59 - core.sensor_reader - ERROR - [sensor_reader.py:627] - Sensor read error: Sensor reader not initialized
2025-12-28 00:08:00 - core.sensor_reader - ERROR - [sensor_reader.py:627] - Sensor read error: Sensor reader not initialized
2025-12-28 00:08:01 - core.sensor_reader - ERROR - [sensor_reader.py:627] - Sensor read error: Sensor reader not initialized
2025-12-28 00:08:02 - core.sensor_reader - ERROR - [sensor_reader.py:627] - Sensor read error: Sensor reader not initialized
2025-12-28 00:08:03 - core.sensor_reader - ERROR - [sensor_reader.py:627] - Sensor read error: Sensor reader not initialized
2025-12-28 00:08:04 - core.sensor_reader - ERROR - [sensor_reader.py:627] - Sensor read error: Sensor reader not initialized
2025-12-28 00:08:05 - core.sensor_reader - ERROR - [sensor_reader.py:627] - Sensor read error: Sensor reader not initialized
2025-12-28 00:08:06 - core.sensor_reader - ERROR - [sensor_reader.py:627] - Sensor read error: Sensor reader not initialized
2025-12-28 00:08:07 - core.sensor_reader - ERROR - [sensor_reader.py:627] - Sensor read error: Sensor reader not initialized
2025-12-28 00:08:08 - core.sensor_reader - ERROR - [sensor_reader.py:627] - Sensor read error: Sensor reader not initialized
2025-12-28 00:08:09 - core.sensor_reader - ERROR - [sensor_reader.py:627] - Sensor read error: Sensor reader not initialized
2025-12-28 00:08:10 - core.sensor_reader - ERROR - [sensor_reader.py:627] - Sensor read error: Sensor reader not initialized
2025-12-28 00:08:11 - core.sensor_reader - ERROR - [sensor_reader.py:627] - Sensor read error: Sensor reader not initialized
2025-12-28 00:08:12 - core.sensor_reader - ERROR - [sensor_reader.py:627] - Sensor read error: Sensor reader not initialized
2025-12-28 00:08:13 - core.sensor_reader - ERROR - [sensor_reader.py:627] - Sensor read error: Sensor reader not initialized
2025-12-28 00:08:14 - core.sensor_reader - ERROR - [sensor_reader.py:627] - Sensor read error: Sensor reader not initialized
2025-12-28 00:08:15 - core.sensor_reader - ERROR - [sensor_reader.py:627] - Sensor read error: Sensor reader not initialized
2025-12-28 00:08:16 - core.sensor_reader - ERROR - [sensor_reader.py:627] - Sensor read error: Sensor reader not initialized
2025-12-28 00:08:17 - core.sensor_reader - ERROR - [sensor_reader.py:627] - Sensor read error: Sensor reader not initialized
2025-12-28 00:08:18 - core.sensor_reader - ERROR - [sensor_reader.py:627] - Sensor read error: Sensor reader not initialized
2025-12-28 00:08:19 - core.sensor_reader - ERROR - [sensor_reader.py:627] - Sensor read error: Sensor reader not initialized
2025-12-28 00:08:20 - core.sensor_reader - ERROR - [sensor_reader.py:627] - Sensor read error: Sensor reader not initialized
2025-12-28 00:08:21 - core.sensor_reader - ERROR - [sensor_reader.py:627] - Sensor read error: Sensor reader not initialized
2025-12-28 00:08:22 - core.sensor_reader - ERROR - [sensor_reader.py:627] - Sensor read error: Sensor reader not initialized
2025-12-28 00:08:23 - core.sensor_reader - ERROR - [sensor_reader.py:627] - Sensor read error: Sensor reader not initialized
2025-12-28 00:08:24 - core.sensor_reader - ERROR - [sensor_reader.py:627] - Sensor read error: Sensor reader not initialized
2025-12-28 00:08:25 - core.sensor_reader - ERROR - [sensor_reader.py:627] - Sensor read error: Sensor reader not initialized
2025-12-28 00:08:26 - core.sensor_reader - ERROR - [sensor_reader.py:627] - Sensor read error: Sensor reader not initialized
2025-12-28 00:08:27 - core.sensor_reader - ERROR - [sensor_reader.py:627] - Sensor read error: Sensor reader not initialized
2025-12-28 00:08:28 - core.sensor_reader - ERROR - [sensor_reader.py:627] - Sensor read error: Sensor reader not initialized
2025-12-28 00:08:29 - core.sensor_reader - ERROR - [sensor_reader.py:627] - Sensor read error: Sensor reader not initialized
2025-12-28 00:08:30 - core.sensor_reader - ERROR - [sensor_reader.py:627] - Sensor read error: Sensor reader not initialized
2025-12-28 00:08:31 - core.sensor_reader - ERROR - [sensor_reader.py:627] - Sensor read error: Sensor reader not initialized
2025-12-28 00:08:32 - core.sensor_reader - ERROR - [sensor_reader.py:627] - Sensor read error: Sensor reader not initialized
2025-12-28 00:08:33 - core.sensor_reader - ERROR - [sensor_reader.py:627] - Sensor read error: Sensor reader not initialized
2025-12-28 00:08:34 - core.sensor_reader - ERROR - [sensor_reader.py:627] - Sensor read error: Sensor reader not initialized
2025-12-28 00:08:35 - core.sensor_reader - ERROR - [sensor_reader.py:627] - Sensor read error: Sensor reader not initialized
2025-12-28 00:08:36 - core.sensor_reader - ERROR - [sensor_reader.py:627] - Sensor read error: Sensor reader not initialized
2025-12-28 00:08:37 - core.sensor_reader - ERROR - [sensor_reader.py:627] - Sensor read error: Sensor reader not initialized
2025-12-28 00:08:38 - core.sensor_reader - ERROR - [sensor_reader.py:627] - Sensor read error: Sensor reader not initialized
2025-12-28 00:08:39 - core.sensor_reader - ERROR - [sensor_reader.py:627] - Sensor read error: Sensor reader not initialized
2025-12-28 00:08:40 - core.sensor_reader - ERROR - [sensor_reader.py:627] - Sensor read error: Sensor reader not initialized
2025-12-28 00:08:41 - core.sensor_reader - ERROR - [sensor_reader.py:627] - Sensor read error: Sensor reader not initialized
2025-12-28 00:08:42 - core.sensor_reader - ERROR - [sensor_reader.py:627] - Sensor read error: Sensor reader not initialized
2025-12-28 00:08:43 - core.sensor_reader - ERROR - [sensor_reader.py:627] - Sensor read error: Sensor reader not initialized
2025-12-28 00:08:44 - core.sensor_reader - ERROR - [sensor_reader.py:627] - Sensor read error: Sensor reader not initialized
2025-12-28 00:08:45 - core.sensor_reader - ERROR - [sensor_reader.py:627] - Sensor read error: Sensor reader not initialized
2025-12-28 00:08:46 - core.sensor_reader - ERROR - [sensor_reader.py:627] - Sensor read error: Sensor reader not initialized
2025-12-28 00:08:47 - core.sensor_reader - ERROR - [sensor_reader.py:627] - Sensor read error: Sensor reader not initialized
2025-12-28 00:08:48 - core.sensor_reader - ERROR - [sensor_reader.py:627] - Sensor read error: Sensor reader not initialized
2025-12-28 00:08:49 - core.sensor_reader - ERROR - [sensor_reader.py:627] - Sensor read error: Sensor reader not initialized
2025-12-28 00:08:50 - core.sensor_reader - ERROR - [sensor_reader.py:627] - Sensor read error: Sensor reader not initialized
2025-12-28 00:08:51 - core.sensor_reader - ERROR - [sensor_reader.py:627] - Sensor read error: Sensor reader not initialized
2025-12-28 00:08:52 - core.sensor_reader - ERROR - [sensor_reader.py:627] - Sensor read error: Sensor reader not initialized
2025-12-28 00:08:53 - core.sensor_reader - INFO - [sensor_reader.py:173] - Modbus instrument initialized on COM5 (slave 1)
2025-12-28 00:08:53 - core.sensor_reader - INFO - [sensor_reader.py:132] - Sensor reader initialized with frequency 3200.0 Hz
2025-12-28 00:08:57 - core.sensor_reader - ERROR - [sensor_reader.py:323] - Failed to read register block 43501: No communication with the instrument (no answer)
2025-12-28 00:08:57 - core.sensor_reader - WARNING - [sensor_reader.py:405] - Extended bands not supported by this sensor: Register block read failed: No communication with the instrument (no answer)
