2026-01-08 00:01:34 - database.operational_db - INFO - [operational_db.py:96] - Operational database initialized successfully
2026-01-08 00:01:34 - core.sensor_reader - ERROR - [sensor_reader.py:791] - Sensor read error: Sensor reader not initialized
2026-01-08 00:01:35 - core.sensor_reader - ERROR - [sensor_reader.py:791] - Sensor read error: Sensor reader not initialized
2026-01-08 00:01:36 - core.sensor_reader - ERROR - [sensor_reader.py:791] - Sensor read error: Sensor reader not initialized
2026-01-08 00:01:37 - core.sensor_reader - ERROR - [sensor_reader.py:791] - Sensor read error: Sensor reader not initialized
2026-01-08 00:01:38 - core.sensor_reader - ERROR - [sensor_reader.py:791] - Sensor read error: Sensor reader not initialized
2026-01-08 00:01:39 - core.sensor_reader - ERROR - [sensor_reader.py:791] - Sensor read error: Sensor reader not initialized
2026-01-08 00:01:40 - core.sensor_reader - ERROR - [sensor_reader.py:791] - Sensor read error: Sensor reader not initialized
2026-01-08 00:01:41 - core.sensor_reader - ERROR - [sensor_reader.py:791] - Sensor read error: Sensor reader not initialized
2026-01-08 00:01:42 - core.sensor_reader - ERROR - [sensor_reader.py:791] - Sensor read error: Sensor reader not initialized
2026-01-08 00:01:43 - core.sensor_reader - ERROR - [sensor_reader.py:791] - Sensor read error: Sensor reader not initialized
2026-01-08 00:01:44 - core.sensor_reader - ERROR - [sensor_reader.py:791] - Sensor read error: Sensor reader not initialized
2026-01-08 00:01:45 - core.sensor_reader - ERROR - [sensor_reader.py:791] - Sensor read error: Sensor reader not initialized
2026-01-08 00:01:46 - core.sensor_reader - ERROR - [sensor_reader.py:791] - Sensor read error: Sensor reader not initialized
2026-01-08 00:01:47 - core.sensor_reader - ERROR - [sensor_reader.py:791] - Sensor read error: Sensor reader not initialized
2026-01-08 00:01:48 - core.sensor_reader - ERROR - [sensor_reader.py:791] - Sensor read error: Sensor reader not initialized
2026-01-08 00:01:49 - core.sensor_reader - ERROR - [sensor_reader.py:791] - Sensor read error: Sensor reader not initialized
2026-01-08 00:01:50 - core.sensor_reader - ERROR - [sensor_reader.py:791] - Sensor read error: Sensor reader not initialized
2026-01-08 00:01:50 - core.sensor_reader - ERROR - [sensor_reader.py:272] - Failed to initialize Modbus instrument on COM5: could not open port 'COM5': PermissionError(13, 'Access is denied.', None, 5)
2026-01-08 00:01:50 - core.sensor_reader - ERROR - [sensor_reader.py:227] - Failed to initialize sensor reader: Modbus init failed on COM5: could not open port 'COM5': PermissionError(13, 'Access is denied.', None, 5)
2026-01-08 00:01:50 - core.sensor_reader - ERROR - [sensor_reader.py:757] - Failed to initialize reader: Initialization failed: Modbus init failed on COM5: could not open port 'COM5': PermissionError(13, 'Access is denied.', None, 5)
2026-01-08 00:01:51 - core.sensor_reader - ERROR - [sensor_reader.py:791] - Sensor read error: Sensor reader not initialized
2026-01-08 00:01:52 - core.sensor_reader - ERROR - [sensor_reader.py:791] - Sensor read error: Sensor reader not initialized
2026-01-08 00:01:53 - core.sensor_reader - ERROR - [sensor_reader.py:791] - Sensor read error: Sensor reader not initialized
2026-01-08 00:01:53 - core.sensor_reader - ERROR - [sensor_reader.py:272] - Failed to initialize Modbus instrument on COM5: could not open port 'COM5': PermissionError(13, 'Access is denied.', None, 5)
2026-01-08 00:01:53 - core.sensor_reader - ERROR - [sensor_reader.py:227] - Failed to initialize sensor reader: Modbus init failed on COM5: could not open port 'COM5': PermissionError(13, 'Access is denied.', None, 5)
2026-01-08 00:01:53 - core.sensor_reader - ERROR - [sensor_reader.py:757] - Failed to initialize reader: Initialization failed: Modbus init failed on COM5: could not open port 'COM5': PermissionError(13, 'Access is denied.', None, 5)
2026-01-08 00:01:54 - core.sensor_reader - ERROR - [sensor_reader.py:791] - Sensor read error: Sensor reader not initialized
2026-01-08 00:01:55 - core.sensor_reader - ERROR - [sensor_reader.py:791] - Sensor read error: Sensor reader not initialized
2026-01-08 00:01:56 - core.sensor_reader - ERROR - [sensor_reader.py:791] - Sensor read error: Sensor reader not initialized
2026-01-08 00:01:57 - core.sensor_reader - ERROR - [sensor_reader.py:791] - Sensor read error: Sensor reader not initialized
2026-01-08 00:01:58 - core.sensor_reader - ERROR - [sensor_reader.py:272] - Failed to initialize Modbus instrument on COM5: could not open port 'COM5': PermissionError(13, 'Access is denied.', None, 5)
2026-01-08 00:01:58 - core.sensor_reader - ERROR - [sensor_reader.py:227] - Failed to initialize sensor reader: Modbus init failed on COM5: could not open port 'COM5': PermissionError(13, 'Access is denied.', None, 5)
2026-01-08 00:01:58 - core.sensor_reader - ERROR - [sensor_reader.py:757] - Failed to initialize reader: Initialization failed: Modbus init failed on COM5: could not open port 'COM5': PermissionError(13, 'Access is denied.', None, 5)
2026-01-08 00:01:58 - core.sensor_reader - ERROR - [sensor_reader.py:791] - Sensor read error: Sensor reader not initialized
2026-01-08 00:01:58 - core.sensor_reader - ERROR - [sensor_reader.py:272] - Failed to initialize Modbus instrument on COM5: could not open port 'COM5': PermissionError(13, 'Access is denied.', None, 5)
2026-01-08 00:01:58 - core.sensor_reader - ERROR - [sensor_reader.py:227] - Failed to initialize sensor reader: Modbus init failed on COM5: could not open port 'COM5': PermissionError(13, 'Access is denied.', None, 5)
2026-01-08 00:01:58 - core.sensor_reader - ERROR - [sensor_reader.py:757] - Failed to initialize reader: Initialization failed: Modbus init failed on COM5: could not open port 'COM5': PermissionError(13, 'Access is denied.', None, 5)
2026-01-08 00:01:58 - core.sensor_reader - ERROR - [sensor_reader.py:272] - Failed to initialize Modbus instrument on COM5: could not open port 'COM5': PermissionError(13, 'Access is denied.', None, 5)
2026-01-08 00:01:58 - core.sensor_reader - ERROR - [sensor_reader.py:227] - Failed to initialize sensor reader: Modbus init failed on COM5: could not open port 'COM5': PermissionError(13, 'Access is denied.', None, 5)
2026-01-08 00:01:58 - core.sensor_reader - ERROR - [sensor_reader.py:757] - Failed to initialize reader: Initialization failed: Modbus init failed on COM5: could not open port 'COM5': PermissionError(13, 'Access is denied.', None, 5)
2026-01-08 00:01:59 - core.sensor_reader - ERROR - [sensor_reader.py:791] - Sensor read error: Sensor reader not initialized
2026-01-08 00:02:00 - core.sensor_reader - ERROR - [sensor_reader.py:791] - Sensor read error: Sensor reader not initialized
2026-01-08 00:02:01 - core.sensor_reader - ERROR - [sensor_reader.py:791] - Sensor read error: Sensor reader not initialized
2026-01-08 00:02:02 - core.sensor_reader - ERROR - [sensor_reader.py:791] - Sensor read error: Sensor reader not initialized
2026-01-08 00:02:03 - core.sensor_reader - ERROR - [sensor_reader.py:791] - Sensor read error: Sensor reader not initialized
2026-01-08 00:02:04 - core.sensor_reader - ERROR - [sensor_reader.py:791] - Sensor read error: Sensor reader not initialized
2026-01-08 00:02:05 - core.sensor_reader - ERROR - [sensor_reader.py:791] - Sensor read error: Sensor reader not initialized
2026-01-08 00:02:06 - core.sensor_reader - ERROR - [sensor_reader.py:791] - Sensor read error: Sensor reader not initialized
2026-01-08 00:02:07 - core.sensor_reader - ERROR - [sensor_reader.py:791] - Sensor read error: Sensor reader not initialized
2026-01-08 00:02:08 - core.sensor_reader - ERROR - [sensor_reader.py:791] - Sensor read error: Sensor reader not initialized
2026-01-08 00:02:09 - core.sensor_reader - ERROR - [sensor_reader.py:791] - Sensor read error: Sensor reader not initialized
2026-01-08 00:02:10 - core.sensor_reader - ERROR - [sensor_reader.py:791] - Sensor read error: Sensor reader not initialized
2026-01-08 00:02:11 - core.sensor_reader - ERROR - [sensor_reader.py:791] - Sensor read error: Sensor reader not initialized
2026-01-08 00:02:12 - core.sensor_reader - ERROR - [sensor_reader.py:791] - Sensor read error: Sensor reader not initialized
2026-01-08 00:02:13 - core.sensor_reader - ERROR - [sensor_reader.py:791] - Sensor read error: Sensor reader not initialized
2026-01-08 00:02:14 - core.sensor_reader - ERROR - [sensor_reader.py:791] - Sensor read error: Sensor reader not initialized
2026-01-08 00:02:15 - core.sensor_reader - ERROR - [sensor_reader.py:791] - Sensor read error: Sensor reader not initialized
2026-01-08 00:02:16 - core.sensor_reader - ERROR - [sensor_reader.py:791] - Sensor read error: Sensor reader not initialized
2026-01-08 00:02:17 - core.sensor_reader - ERROR - [sensor_reader.py:791] - Sensor read error: Sensor reader not initialized
2026-01-08 00:02:18 - core.sensor_reader - ERROR - [sensor_reader.py:791] - Sensor read error: Sensor reader not initialized
2026-01-08 00:02:19 - core.sensor_reader - ERROR - [sensor_reader.py:791] - Sensor read error: Sensor reader not initialized
2026-01-08 00:02:20 - core.sensor_reader - ERROR - [sensor_reader.py:791] - Sensor read error: Sensor reader not initialized
2026-01-08 00:02:21 - core.sensor_reader - ERROR - [sensor_reader.py:791] - Sensor read error: Sensor reader not initialized
2026-01-08 00:02:22 - core.sensor_reader - ERROR - [sensor_reader.py:791] - Sensor read error: Sensor reader not initialized
2026-01-08 00:02:23 - core.sensor_reader - ERROR - [sensor_reader.py:791] - Sensor read error: Sensor reader not initialized
2026-01-08 00:02:24 - core.sensor_reader - ERROR - [sensor_reader.py:791] - Sensor read error: Sensor reader not initialized
2026-01-08 00:02:25 - core.sensor_reader - ERROR - [sensor_reader.py:791] - Sensor read error: Sensor reader not initialized
2026-01-08 00:02:26 - core.sensor_reader - ERROR - [sensor_reader.py:791] - Sensor read error: Sensor reader not initialized
2026-01-08 00:02:27 - core.sensor_reader - ERROR - [sensor_reader.py:791] - Sensor read error: Sensor reader not initialized
2026-01-08 00:02:28 - core.sensor_reader - ERROR - [sensor_reader.py:791] - Sensor read error: Sensor reader not initialized
2026-01-08 00:02:29 - core.sensor_reader - ERROR - [sensor_reader.py:791] - Sensor read error: Sensor reader not initialized
2026-01-08 00:02:30 - core.sensor_reader - ERROR - [sensor_reader.py:791] - Sensor read error: Sensor reader not initialized
2026-01-08 00:02:31 - core.sensor_reader - ERROR - [sensor_reader.py:791] - Sensor read error: Sensor reader not initialized
2026-01-08 00:02:32 - core.sensor_reader - ERROR - [sensor_reader.py:791] - Sensor read error: Sensor reader not initialized
2026-01-08 00:02:33 - core.sensor_reader - ERROR - [sensor_reader.py:791] - Sensor read error: Sensor reader not initialized
2026-01-08 00:02:34 - core.sensor_reader - ERROR - [sensor_reader.py:791] - Sensor read error: Sensor reader not initialized
2026-01-08 00:02:35 - core.sensor_reader - ERROR - [sensor_reader.py:791] - Sensor read error: Sensor reader not initialized
2026-01-08 00:02:36 - core.sensor_reader - ERROR - [sensor_reader.py:791] - Sensor read error: Sensor reader not initialized
2026-01-08 00:02:37 - core.sensor_reader - ERROR - [sensor_reader.py:791] - Sensor read error: Sensor reader not initialized
2026-01-08 00:02:38 - core.sensor_reader - ERROR - [sensor_reader.py:791] - Sensor read error: Sensor reader not initialized
2026-01-08 00:02:39 - core.sensor_reader - ERROR - [sensor_reader.py:791] - Sensor read error: Sensor reader not initialized
2026-01-08 00:02:40 - core.sensor_reader - ERROR - [sensor_reader.py:791] - Sensor read error: Sensor reader not initialized
2026-01-08 00:02:41 - core.sensor_reader - ERROR - [sensor_reader.py:791] - Sensor read error: Sensor reader not initialized
2026-01-08 00:02:42 - core.sensor_reader - ERROR - [sensor_reader.py:791] - Sensor read error: Sensor reader not initialized
2026-01-08 00:02:43 - core.sensor_reader - ERROR - [sensor_reader.py:791] - Sensor read error: Sensor reader not initialized
