2025-12-29 13:25:40 - database.operational_db - INFO - [operational_db.py:96] - Operational database initialized successfully
2025-12-29 13:25:40 - core.sensor_reader - INFO - [sensor_reader.py:181] - Modbus instrument initialized on COM5 (slave 1)
2025-12-29 13:25:40 - core.sensor_reader - INFO - [sensor_reader.py:140] - Sensor reader initialized with frequency 3200.0 Hz
2025-12-29 13:25:44 - core.sensor_reader - ERROR - [sensor_reader.py:349] - Failed to read register block 43501: No communication with the instrument (no answer)
2025-12-29 13:25:44 - core.sensor_reader - WARNING - [sensor_reader.py:431] - Extended bands not supported by this sensor: Register block read failed: No communication with the instrument (no answer)
2025-12-29 13:30:13 - core.sensor_reader - ERROR - [sensor_reader.py:306] - Failed to read scalar values: Failed to read register 42410 after 3 attempts: WriteFile failed (PermissionError(13, 'Access is denied.', None, 5))
2025-12-29 13:30:13 - core.sensor_reader - WARNING - [sensor_reader.py:487] - Connection test failed, attempting reconnect: Failed to read register 40043 after 2 attempts: WriteFile failed (PermissionError(13, 'Access is denied.', None, 5))
2025-12-29 13:30:13 - core.sensor_reader - ERROR - [sensor_reader.py:184] - Failed to initialize Modbus instrument on COM5: Cannot configure port, something went wrong. Original message: PermissionError(13, 'Access is denied.', None, 5)
2025-12-29 13:30:14 - core.sensor_reader - WARNING - [sensor_reader.py:487] - Connection test failed, attempting reconnect: Failed to read register 40043 after 2 attempts: could not open port 'COM5': FileNotFoundError(2, 'The system cannot find the file specified.', None, 2)
2025-12-29 13:30:14 - core.sensor_reader - ERROR - [sensor_reader.py:184] - Failed to initialize Modbus instrument on COM5: could not open port 'COM5': FileNotFoundError(2, 'The system cannot find the file specified.', None, 2)
2025-12-29 13:30:14 - core.sensor_reader - WARNING - [sensor_reader.py:487] - Connection test failed, attempting reconnect: Failed to read register 40043 after 2 attempts: could not open port 'COM5': FileNotFoundError(2, 'The system cannot find the file specified.', None, 2)
2025-12-29 13:30:14 - core.sensor_reader - ERROR - [sensor_reader.py:184] - Failed to initialize Modbus instrument on COM5: could not open port 'COM5': FileNotFoundError(2, 'The system cannot find the file specified.', None, 2)
2025-12-29 13:30:15 - core.sensor_reader - WARNING - [sensor_reader.py:487] - Connection test failed, attempting reconnect: Failed to read register 40043 after 2 attempts: could not open port 'COM5': FileNotFoundError(2, 'The system cannot find the file specified.', None, 2)
2025-12-29 13:30:15 - core.sensor_reader - ERROR - [sensor_reader.py:184] - Failed to initialize Modbus instrument on COM5: could not open port 'COM5': FileNotFoundError(2, 'The system cannot find the file specified.', None, 2)
2025-12-29 13:30:15 - core.sensor_reader - WARNING - [sensor_reader.py:487] - Connection test failed, attempting reconnect: Failed to read register 40043 after 2 attempts: could not open port 'COM5': FileNotFoundError(2, 'The system cannot find the file specified.', None, 2)
2025-12-29 13:30:15 - core.sensor_reader - ERROR - [sensor_reader.py:184] - Failed to initialize Modbus instrument on COM5: could not open port 'COM5': FileNotFoundError(2, 'The system cannot find the file specified.', None, 2)
2025-12-29 13:30:16 - core.sensor_reader - WARNING - [sensor_reader.py:487] - Connection test failed, attempting reconnect: Failed to read register 40043 after 2 attempts: could not open port 'COM5': FileNotFoundError(2, 'The system cannot find the file specified.', None, 2)
2025-12-29 13:30:16 - core.sensor_reader - ERROR - [sensor_reader.py:184] - Failed to initialize Modbus instrument on COM5: could not open port 'COM5': FileNotFoundError(2, 'The system cannot find the file specified.', None, 2)
2025-12-29 13:30:16 - core.sensor_reader - WARNING - [sensor_reader.py:487] - Connection test failed, attempting reconnect: Failed to read register 40043 after 2 attempts: could not open port 'COM5': FileNotFoundError(2, 'The system cannot find the file specified.', None, 2)
2025-12-29 13:30:16 - core.sensor_reader - ERROR - [sensor_reader.py:184] - Failed to initialize Modbus instrument on COM5: could not open port 'COM5': FileNotFoundError(2, 'The system cannot find the file specified.', None, 2)
2025-12-29 13:30:17 - core.sensor_reader - WARNING - [sensor_reader.py:487] - Connection test failed, attempting reconnect: Failed to read register 40043 after 2 attempts: could not open port 'COM5': FileNotFoundError(2, 'The system cannot find the file specified.', None, 2)
2025-12-29 13:30:17 - core.sensor_reader - ERROR - [sensor_reader.py:184] - Failed to initialize Modbus instrument on COM5: could not open port 'COM5': FileNotFoundError(2, 'The system cannot find the file specified.', None, 2)
2025-12-29 13:30:17 - core.sensor_reader - WARNING - [sensor_reader.py:487] - Connection test failed, attempting reconnect: Failed to read register 40043 after 2 attempts: could not open port 'COM5': FileNotFoundError(2, 'The system cannot find the file specified.', None, 2)
2025-12-29 13:30:17 - core.sensor_reader - ERROR - [sensor_reader.py:184] - Failed to initialize Modbus instrument on COM5: could not open port 'COM5': FileNotFoundError(2, 'The system cannot find the file specified.', None, 2)
2025-12-29 13:30:18 - core.sensor_reader - WARNING - [sensor_reader.py:487] - Connection test failed, attempting reconnect: Failed to read register 40043 after 2 attempts: could not open port 'COM5': FileNotFoundError(2, 'The system cannot find the file specified.', None, 2)
2025-12-29 13:30:18 - core.sensor_reader - ERROR - [sensor_reader.py:184] - Failed to initialize Modbus instrument on COM5: could not open port 'COM5': FileNotFoundError(2, 'The system cannot find the file specified.', None, 2)
2025-12-29 13:30:18 - core.sensor_reader - WARNING - [sensor_reader.py:487] - Connection test failed, attempting reconnect: Failed to read register 40043 after 2 attempts: could not open port 'COM5': FileNotFoundError(2, 'The system cannot find the file specified.', None, 2)
2025-12-29 13:30:18 - core.sensor_reader - ERROR - [sensor_reader.py:184] - Failed to initialize Modbus instrument on COM5: could not open port 'COM5': FileNotFoundError(2, 'The system cannot find the file specified.', None, 2)
2025-12-29 13:30:19 - core.sensor_reader - WARNING - [sensor_reader.py:487] - Connection test failed, attempting reconnect: Failed to read register 40043 after 2 attempts: could not open port 'COM5': FileNotFoundError(2, 'The system cannot find the file specified.', None, 2)
2025-12-29 13:30:19 - core.sensor_reader - ERROR - [sensor_reader.py:184] - Failed to initialize Modbus instrument on COM5: could not open port 'COM5': FileNotFoundError(2, 'The system cannot find the file specified.', None, 2)
2025-12-29 13:30:19 - core.sensor_reader - WARNING - [sensor_reader.py:487] - Connection test failed, attempting reconnect: Failed to read register 40043 after 2 attempts: could not open port 'COM5': FileNotFoundError(2, 'The system cannot find the file specified.', None, 2)
2025-12-29 13:30:19 - core.sensor_reader - ERROR - [sensor_reader.py:184] - Failed to initialize Modbus instrument on COM5: could not open port 'COM5': FileNotFoundError(2, 'The system cannot find the file specified.', None, 2)
2025-12-29 13:30:20 - core.sensor_reader - WARNING - [sensor_reader.py:487] - Connection test failed, attempting reconnect: Failed to read register 40043 after 2 attempts: could not open port 'COM5': FileNotFoundError(2, 'The system cannot find the file specified.', None, 2)
2025-12-29 13:30:20 - core.sensor_reader - ERROR - [sensor_reader.py:184] - Failed to initialize Modbus instrument on COM5: could not open port 'COM5': FileNotFoundError(2, 'The system cannot find the file specified.', None, 2)
2025-12-29 13:30:20 - core.sensor_reader - WARNING - [sensor_reader.py:487] - Connection test failed, attempting reconnect: Failed to read register 40043 after 2 attempts: could not open port 'COM5': FileNotFoundError(2, 'The system cannot find the file specified.', None, 2)
2025-12-29 13:30:20 - core.sensor_reader - ERROR - [sensor_reader.py:184] - Failed to initialize Modbus instrument on COM5: could not open port 'COM5': FileNotFoundError(2, 'The system cannot find the file specified.', None, 2)
2025-12-29 13:30:21 - core.sensor_reader - WARNING - [sensor_reader.py:487] - Connection test failed, attempting reconnect: Failed to read register 40043 after 2 attempts: could not open port 'COM5': FileNotFoundError(2, 'The system cannot find the file specified.', None, 2)
2025-12-29 13:30:21 - core.sensor_reader - ERROR - [sensor_reader.py:184] - Failed to initialize Modbus instrument on COM5: could not open port 'COM5': FileNotFoundError(2, 'The system cannot find the file specified.', None, 2)
2025-12-29 13:30:21 - core.sensor_reader - WARNING - [sensor_reader.py:487] - Connection test failed, attempting reconnect: Failed to read register 40043 after 2 attempts: could not open port 'COM5': FileNotFoundError(2, 'The system cannot find the file specified.', None, 2)
2025-12-29 13:30:21 - core.sensor_reader - ERROR - [sensor_reader.py:184] - Failed to initialize Modbus instrument on COM5: could not open port 'COM5': FileNotFoundError(2, 'The system cannot find the file specified.', None, 2)
