2026-01-07 18:35:38 - database.operational_db - INFO - [operational_db.py:96] - Operational database initialized successfully
2026-01-07 18:35:38 - core.sensor_reader - INFO - [sensor_reader.py:266] - Modbus instrument initialized on COM5 (slave 1)
2026-01-07 18:35:38 - core.sensor_reader - INFO - [sensor_reader.py:225] - Sensor reader initialized with frequency 3200.0 Hz
2026-01-07 18:35:48 - core.sensor_reader - ERROR - [sensor_reader.py:408] - Failed to read scalar values: Failed to read register 40043 after 3 attempts: No communication with the instrument (no answer)
2026-01-07 18:35:54 - core.sensor_reader - WARNING - [sensor_reader.py:589] - Connection test failed, attempting reconnect: Failed to read register 40043 after 2 attempts: No communication with the instrument (no answer)
2026-01-07 18:35:54 - core.sensor_reader - INFO - [sensor_reader.py:266] - Modbus instrument initialized on COM5 (slave 1)
2026-01-07 18:35:58 - core.sensor_reader - ERROR - [sensor_reader.py:408] - Failed to read scalar values: Failed to read register 40043 after 3 attempts: ReadFile failed (OSError(9, 'The handle is invalid.', None, 6))
2026-01-07 18:35:58 - core.sensor_reader - WARNING - [sensor_reader.py:589] - Connection test failed, attempting reconnect: Failed to read register 40043 after 2 attempts: WriteFile failed (OSError(9, 'The handle is invalid.', None, 6))
2026-01-07 18:35:58 - core.sensor_reader - ERROR - [sensor_reader.py:269] - Failed to initialize Modbus instrument on COM5: Cannot configure port, something went wrong. Original message: OSError(9, 'The handle is invalid.', None, 6)
2026-01-07 18:35:58 - core.sensor_reader - WARNING - [sensor_reader.py:589] - Connection test failed, attempting reconnect: Failed to read register 40043 after 2 attempts: WriteFile failed (OSError(9, 'The handle is invalid.', None, 6))
2026-01-07 18:35:58 - core.sensor_reader - ERROR - [sensor_reader.py:269] - Failed to initialize Modbus instrument on COM5: Cannot configure port, something went wrong. Original message: OSError(9, 'The handle is invalid.', None, 6)
2026-01-07 18:35:59 - core.sensor_reader - WARNING - [sensor_reader.py:589] - Connection test failed, attempting reconnect: Failed to read register 40043 after 2 attempts: WriteFile failed (OSError(9, 'The handle is invalid.', None, 6))
2026-01-07 18:35:59 - core.sensor_reader - ERROR - [sensor_reader.py:269] - Failed to initialize Modbus instrument on COM5: Cannot configure port, something went wrong. Original message: OSError(9, 'The handle is invalid.', None, 6)
2026-01-07 18:35:59 - core.sensor_reader - WARNING - [sensor_reader.py:589] - Connection test failed, attempting reconnect: Failed to read register 40043 after 2 attempts: WriteFile failed (OSError(9, 'The handle is invalid.', None, 6))
2026-01-07 18:35:59 - core.sensor_reader - ERROR - [sensor_reader.py:269] - Failed to initialize Modbus instrument on COM5: Cannot configure port, something went wrong. Original message: OSError(9, 'The handle is invalid.', None, 6)
2026-01-07 18:36:01 - core.sensor_reader - WARNING - [sensor_reader.py:589] - Connection test failed, attempting reconnect: Failed to read register 40043 after 2 attempts: No communication with the instrument (no answer)
2026-01-07 18:36:01 - core.sensor_reader - INFO - [sensor_reader.py:266] - Modbus instrument initialized on COM5 (slave 1)
2026-01-07 18:36:03 - core.sensor_reader - ERROR - [sensor_reader.py:408] - Failed to read scalar values: Failed to read register 40043 after 3 attempts: WriteFile failed (OSError(9, 'The handle is invalid.', None, 6))
2026-01-07 18:36:03 - core.sensor_reader - WARNING - [sensor_reader.py:589] - Connection test failed, attempting reconnect: Failed to read register 40043 after 2 attempts: WriteFile failed (OSError(9, 'The handle is invalid.', None, 6))
2026-01-07 18:36:03 - core.sensor_reader - ERROR - [sensor_reader.py:269] - Failed to initialize Modbus instrument on COM5: Cannot configure port, something went wrong. Original message: OSError(9, 'The handle is invalid.', None, 6)
2026-01-07 18:36:04 - core.sensor_reader - WARNING - [sensor_reader.py:589] - Connection test failed, attempting reconnect: Failed to read register 40043 after 2 attempts: WriteFile failed (OSError(9, 'The handle is invalid.', None, 6))
2026-01-07 18:36:04 - core.sensor_reader - ERROR - [sensor_reader.py:269] - Failed to initialize Modbus instrument on COM5: Cannot configure port, something went wrong. Original message: OSError(9, 'The handle is invalid.', None, 6)
2026-01-07 18:36:04 - core.sensor_reader - WARNING - [sensor_reader.py:589] - Connection test failed, attempting reconnect: Failed to read register 40043 after 2 attempts: WriteFile failed (OSError(9, 'The handle is invalid.', None, 6))
2026-01-07 18:36:04 - core.sensor_reader - ERROR - [sensor_reader.py:269] - Failed to initialize Modbus instrument on COM5: Cannot configure port, something went wrong. Original message: OSError(9, 'The handle is invalid.', None, 6)
2026-01-07 18:36:05 - core.sensor_reader - WARNING - [sensor_reader.py:589] - Connection test failed, attempting reconnect: Failed to read register 40043 after 2 attempts: WriteFile failed (OSError(9, 'The handle is invalid.', None, 6))
2026-01-07 18:36:05 - core.sensor_reader - ERROR - [sensor_reader.py:269] - Failed to initialize Modbus instrument on COM5: Cannot configure port, something went wrong. Original message: OSError(9, 'The handle is invalid.', None, 6)
2026-01-07 18:36:06 - core.sensor_reader - WARNING - [sensor_reader.py:589] - Connection test failed, attempting reconnect: Failed to read register 40043 after 2 attempts: No communication with the instrument (no answer)
2026-01-07 18:36:06 - core.sensor_reader - INFO - [sensor_reader.py:266] - Modbus instrument initialized on COM5 (slave 1)
2026-01-07 18:36:11 - core.sensor_reader - ERROR - [sensor_reader.py:408] - Failed to read scalar values: Failed to read register 40043 after 3 attempts: WriteFile failed (OSError(9, 'The handle is invalid.', None, 6))
2026-01-07 18:36:11 - core.sensor_reader - WARNING - [sensor_reader.py:589] - Connection test failed, attempting reconnect: Failed to read register 40043 after 2 attempts: WriteFile failed (OSError(9, 'The handle is invalid.', None, 6))
2026-01-07 18:36:11 - core.sensor_reader - ERROR - [sensor_reader.py:269] - Failed to initialize Modbus instrument on COM5: Cannot configure port, something went wrong. Original message: OSError(9, 'The handle is invalid.', None, 6)
2026-01-07 18:36:11 - core.sensor_reader - WARNING - [sensor_reader.py:589] - Connection test failed, attempting reconnect: Failed to read register 40043 after 2 attempts: WriteFile failed (OSError(9, 'The handle is invalid.', None, 6))
2026-01-07 18:36:11 - core.sensor_reader - ERROR - [sensor_reader.py:269] - Failed to initialize Modbus instrument on COM5: Cannot configure port, something went wrong. Original message: OSError(9, 'The handle is invalid.', None, 6)
2026-01-07 18:36:12 - core.sensor_reader - WARNING - [sensor_reader.py:589] - Connection test failed, attempting reconnect: Failed to read register 40043 after 2 attempts: WriteFile failed (OSError(9, 'The handle is invalid.', None, 6))
2026-01-07 18:36:12 - core.sensor_reader - ERROR - [sensor_reader.py:269] - Failed to initialize Modbus instrument on COM5: Cannot configure port, something went wrong. Original message: OSError(9, 'The handle is invalid.', None, 6)
2026-01-07 18:36:12 - core.sensor_reader - WARNING - [sensor_reader.py:589] - Connection test failed, attempting reconnect: Failed to read register 40043 after 2 attempts: WriteFile failed (OSError(9, 'The handle is invalid.', None, 6))
2026-01-07 18:36:12 - core.sensor_reader - ERROR - [sensor_reader.py:269] - Failed to initialize Modbus instrument on COM5: Cannot configure port, something went wrong. Original message: OSError(9, 'The handle is invalid.', None, 6)
2026-01-07 18:36:14 - core.sensor_reader - WARNING - [sensor_reader.py:589] - Connection test failed, attempting reconnect: Failed to read register 40043 after 2 attempts: No communication with the instrument (no answer)
2026-01-07 18:36:14 - core.sensor_reader - INFO - [sensor_reader.py:266] - Modbus instrument initialized on COM5 (slave 1)
2026-01-07 18:36:23 - core.sensor_reader - ERROR - [sensor_reader.py:408] - Failed to read scalar values: Failed to read register 40043 after 3 attempts: No communication with the instrument (no answer)
