2026-01-06 23:01:11 - database.operational_db - INFO - [operational_db.py:96] - Operational database initialized successfully
2026-01-06 23:01:11 - core.sensor_reader - INFO - [sensor_reader.py:266] - Modbus instrument initialized on COM5 (slave 1)
2026-01-06 23:01:11 - core.sensor_reader - INFO - [sensor_reader.py:225] - Sensor reader initialized with frequency 3200.0 Hz
2026-01-06 23:01:21 - core.sensor_reader - ERROR - [sensor_reader.py:408] - Failed to read scalar values: Failed to read register 40043 after 3 attempts: No communication with the instrument (no answer)
2026-01-06 23:01:27 - core.sensor_reader - WARNING - [sensor_reader.py:589] - Connection test failed, attempting reconnect: Failed to read register 40043 after 2 attempts: No communication with the instrument (no answer)
2026-01-06 23:01:27 - core.sensor_reader - INFO - [sensor_reader.py:266] - Modbus instrument initialized on COM5 (slave 1)
2026-01-06 23:01:36 - core.sensor_reader - ERROR - [sensor_reader.py:408] - Failed to read scalar values: Failed to read register 40043 after 3 attempts: No communication with the instrument (no answer)
2026-01-06 23:01:42 - core.sensor_reader - WARNING - [sensor_reader.py:589] - Connection test failed, attempting reconnect: Failed to read register 40043 after 2 attempts: No communication with the instrument (no answer)
2026-01-06 23:01:43 - core.sensor_reader - INFO - [sensor_reader.py:266] - Modbus instrument initialized on COM5 (slave 1)
2026-01-06 23:01:52 - core.sensor_reader - ERROR - [sensor_reader.py:408] - Failed to read scalar values: Failed to read register 40043 after 3 attempts: No communication with the instrument (no answer)
2026-01-06 23:01:52 - core.sensor_reader - INFO - [sensor_reader.py:266] - Modbus instrument initialized on COM5 (slave 1)
2026-01-06 23:01:52 - core.sensor_reader - INFO - [sensor_reader.py:225] - Sensor reader initialized with frequency 3200.0 Hz
2026-01-06 23:02:01 - core.sensor_reader - ERROR - [sensor_reader.py:408] - Failed to read scalar values: Failed to read register 40043 after 3 attempts: No communication with the instrument (no answer)
2026-01-06 23:02:08 - core.sensor_reader - WARNING - [sensor_reader.py:589] - Connection test failed, attempting reconnect: Failed to read register 40043 after 2 attempts: No communication with the instrument (no answer)
2026-01-06 23:02:08 - core.sensor_reader - INFO - [sensor_reader.py:266] - Modbus instrument initialized on COM5 (slave 1)
2026-01-06 23:02:17 - core.sensor_reader - ERROR - [sensor_reader.py:408] - Failed to read scalar values: Failed to read register 40043 after 3 attempts: No communication with the instrument (no answer)
2026-01-06 23:02:17 - core.sensor_reader - INFO - [sensor_reader.py:266] - Modbus instrument initialized on COM5 (slave 1)
2026-01-06 23:02:17 - core.sensor_reader - INFO - [sensor_reader.py:225] - Sensor reader initialized with frequency 3200.0 Hz
2026-01-06 23:02:26 - core.sensor_reader - ERROR - [sensor_reader.py:408] - Failed to read scalar values: Failed to read register 40043 after 3 attempts: No communication with the instrument (no answer)
2026-01-06 23:02:27 - core.sensor_reader - INFO - [sensor_reader.py:266] - Modbus instrument initialized on COM5 (slave 1)
2026-01-06 23:02:27 - core.sensor_reader - INFO - [sensor_reader.py:225] - Sensor reader initialized with frequency 3200.0 Hz
2026-01-06 23:02:36 - core.sensor_reader - ERROR - [sensor_reader.py:408] - Failed to read scalar values: Failed to read register 40043 after 3 attempts: No communication with the instrument (no answer)
2026-01-06 23:02:36 - core.sensor_reader - INFO - [sensor_reader.py:266] - Modbus instrument initialized on COM5 (slave 1)
2026-01-06 23:02:36 - core.sensor_reader - INFO - [sensor_reader.py:225] - Sensor reader initialized with frequency 3200.0 Hz
2026-01-06 23:02:46 - core.sensor_reader - ERROR - [sensor_reader.py:408] - Failed to read scalar values: Failed to read register 40043 after 3 attempts: No communication with the instrument (no answer)
2026-01-06 23:02:52 - core.sensor_reader - WARNING - [sensor_reader.py:589] - Connection test failed, attempting reconnect: Failed to read register 40043 after 2 attempts: No communication with the instrument (no answer)
2026-01-06 23:02:52 - core.sensor_reader - INFO - [sensor_reader.py:266] - Modbus instrument initialized on COM5 (slave 1)
2026-01-06 23:03:01 - core.sensor_reader - ERROR - [sensor_reader.py:408] - Failed to read scalar values: Failed to read register 40043 after 3 attempts: No communication with the instrument (no answer)
2026-01-06 23:03:01 - core.sensor_reader - INFO - [sensor_reader.py:266] - Modbus instrument initialized on COM5 (slave 1)
2026-01-06 23:03:01 - core.sensor_reader - INFO - [sensor_reader.py:225] - Sensor reader initialized with frequency 3200.0 Hz
2026-01-06 23:03:11 - core.sensor_reader - ERROR - [sensor_reader.py:408] - Failed to read scalar values: Failed to read register 40043 after 3 attempts: No communication with the instrument (no answer)
2026-01-06 23:03:11 - core.sensor_reader - INFO - [sensor_reader.py:266] - Modbus instrument initialized on COM5 (slave 1)
2026-01-06 23:03:11 - core.sensor_reader - INFO - [sensor_reader.py:225] - Sensor reader initialized with frequency 3200.0 Hz
2026-01-06 23:03:20 - core.sensor_reader - ERROR - [sensor_reader.py:408] - Failed to read scalar values: Failed to read register 40043 after 3 attempts: No communication with the instrument (no answer)
2026-01-06 23:03:20 - core.sensor_reader - INFO - [sensor_reader.py:266] - Modbus instrument initialized on COM5 (slave 1)
2026-01-06 23:03:20 - core.sensor_reader - INFO - [sensor_reader.py:225] - Sensor reader initialized with frequency 3200.0 Hz
2026-01-06 23:03:30 - core.sensor_reader - ERROR - [sensor_reader.py:408] - Failed to read scalar values: Failed to read register 40043 after 3 attempts: No communication with the instrument (no answer)
2026-01-06 23:03:36 - core.sensor_reader - WARNING - [sensor_reader.py:589] - Connection test failed, attempting reconnect: Failed to read register 40043 after 2 attempts: No communication with the instrument (no answer)
2026-01-06 23:03:36 - core.sensor_reader - INFO - [sensor_reader.py:266] - Modbus instrument initialized on COM5 (slave 1)
2026-01-06 23:03:45 - core.sensor_reader - ERROR - [sensor_reader.py:408] - Failed to read scalar values: Failed to read register 40043 after 3 attempts: No communication with the instrument (no answer)
2026-01-06 23:03:45 - core.sensor_reader - INFO - [sensor_reader.py:266] - Modbus instrument initialized on COM5 (slave 1)
2026-01-06 23:03:45 - core.sensor_reader - INFO - [sensor_reader.py:225] - Sensor reader initialized with frequency 3200.0 Hz
