2025-12-27 18:16:54 - core.sensor_reader - ERROR - [sensor_reader.py:136] - Failed to initialize Modbus instrument on COM3: could not open port 'COM3': OSError(22, 'The semaphore timeout period has expired.', None, 121)
2025-12-27 18:16:54 - core.sensor_reader - ERROR - [sensor_reader.py:94] - Failed to initialize sensor reader: Modbus init failed on COM3: could not open port 'COM3': OSError(22, 'The semaphore timeout period has expired.', None, 121)
2025-12-27 18:16:54 - core.sensor_reader - ERROR - [sensor_reader.py:430] - Failed to initialize reader: Initialization failed: Modbus init failed on COM3: could not open port 'COM3': OSError(22, 'The semaphore timeout period has expired.', None, 121)
2025-12-27 18:16:54 - core.sensor_reader - ERROR - [sensor_reader.py:464] - Sensor read error: Sensor reader not initialized
2025-12-27 18:16:55 - core.sensor_reader - ERROR - [sensor_reader.py:464] - Sensor read error: Sensor reader not initialized
2025-12-27 18:16:55 - core.sensor_reader - INFO - [sensor_reader.py:133] - Modbus instrument initialized on COM5 (slave 1)
2025-12-27 18:16:55 - core.sensor_reader - INFO - [sensor_reader.py:92] - Sensor reader initialized with frequency 3200.0 Hz
2025-12-27 18:16:59 - core.sensor_reader - ERROR - [sensor_reader.py:283] - Failed to read register block 43501: No communication with the instrument (no answer)
2025-12-27 18:16:59 - core.sensor_reader - ERROR - [sensor_reader.py:346] - Failed to read band values: Register block read failed: No communication with the instrument (no answer)
2025-12-27 18:16:59 - core.sensor_reader - WARNING - [sensor_reader.py:374] - Band read failed, using empty bands
2025-12-27 18:17:00 - core.sensor_reader - INFO - [sensor_reader.py:133] - Modbus instrument initialized on COM5 (slave 1)
2025-12-27 18:17:00 - core.sensor_reader - INFO - [sensor_reader.py:92] - Sensor reader initialized with frequency 3200.0 Hz
2025-12-27 18:17:03 - core.sensor_reader - ERROR - [sensor_reader.py:283] - Failed to read register block 43501: No communication with the instrument (no answer)
2025-12-27 18:17:03 - core.sensor_reader - ERROR - [sensor_reader.py:346] - Failed to read band values: Register block read failed: No communication with the instrument (no answer)
2025-12-27 18:17:03 - core.sensor_reader - WARNING - [sensor_reader.py:374] - Band read failed, using empty bands
2025-12-27 18:17:07 - core.sensor_reader - ERROR - [sensor_reader.py:283] - Failed to read register block 43501: No communication with the instrument (no answer)
2025-12-27 18:17:07 - core.sensor_reader - ERROR - [sensor_reader.py:346] - Failed to read band values: Register block read failed: No communication with the instrument (no answer)
2025-12-27 18:17:07 - core.sensor_reader - WARNING - [sensor_reader.py:374] - Band read failed, using empty bands
2025-12-27 18:17:10 - core.sensor_reader - ERROR - [sensor_reader.py:283] - Failed to read register block 43501: No communication with the instrument (no answer)
2025-12-27 18:17:10 - core.sensor_reader - ERROR - [sensor_reader.py:346] - Failed to read band values: Register block read failed: No communication with the instrument (no answer)
2025-12-27 18:17:10 - core.sensor_reader - WARNING - [sensor_reader.py:374] - Band read failed, using empty bands
2025-12-27 18:17:14 - core.sensor_reader - ERROR - [sensor_reader.py:283] - Failed to read register block 43501: No communication with the instrument (no answer)
2025-12-27 18:17:14 - core.sensor_reader - ERROR - [sensor_reader.py:346] - Failed to read band values: Register block read failed: No communication with the instrument (no answer)
2025-12-27 18:17:14 - core.sensor_reader - WARNING - [sensor_reader.py:374] - Band read failed, using empty bands
2025-12-27 18:17:17 - core.sensor_reader - ERROR - [sensor_reader.py:283] - Failed to read register block 43501: No communication with the instrument (no answer)
2025-12-27 18:17:17 - core.sensor_reader - ERROR - [sensor_reader.py:346] - Failed to read band values: Register block read failed: No communication with the instrument (no answer)
2025-12-27 18:17:17 - core.sensor_reader - WARNING - [sensor_reader.py:374] - Band read failed, using empty bands
2025-12-27 18:17:21 - core.sensor_reader - ERROR - [sensor_reader.py:283] - Failed to read register block 43501: No communication with the instrument (no answer)
2025-12-27 18:17:21 - core.sensor_reader - ERROR - [sensor_reader.py:346] - Failed to read band values: Register block read failed: No communication with the instrument (no answer)
2025-12-27 18:17:21 - core.sensor_reader - WARNING - [sensor_reader.py:374] - Band read failed, using empty bands
2025-12-27 18:17:24 - core.sensor_reader - ERROR - [sensor_reader.py:283] - Failed to read register block 43501: No communication with the instrument (no answer)
2025-12-27 18:17:24 - core.sensor_reader - ERROR - [sensor_reader.py:346] - Failed to read band values: Register block read failed: No communication with the instrument (no answer)
2025-12-27 18:17:24 - core.sensor_reader - WARNING - [sensor_reader.py:374] - Band read failed, using empty bands
2025-12-27 18:17:28 - core.sensor_reader - ERROR - [sensor_reader.py:283] - Failed to read register block 43501: No communication with the instrument (no answer)
2025-12-27 18:17:28 - core.sensor_reader - ERROR - [sensor_reader.py:346] - Failed to read band values: Register block read failed: No communication with the instrument (no answer)
2025-12-27 18:17:28 - core.sensor_reader - WARNING - [sensor_reader.py:374] - Band read failed, using empty bands
2025-12-27 18:17:31 - core.sensor_reader - ERROR - [sensor_reader.py:283] - Failed to read register block 43501: No communication with the instrument (no answer)
2025-12-27 18:17:31 - core.sensor_reader - ERROR - [sensor_reader.py:346] - Failed to read band values: Register block read failed: No communication with the instrument (no answer)
2025-12-27 18:17:31 - core.sensor_reader - WARNING - [sensor_reader.py:374] - Band read failed, using empty bands
2025-12-27 18:17:34 - core.sensor_reader - ERROR - [sensor_reader.py:283] - Failed to read register block 43501: No communication with the instrument (no answer)
2025-12-27 18:17:34 - core.sensor_reader - ERROR - [sensor_reader.py:346] - Failed to read band values: Register block read failed: No communication with the instrument (no answer)
2025-12-27 18:17:34 - core.sensor_reader - WARNING - [sensor_reader.py:374] - Band read failed, using empty bands
2025-12-27 18:17:38 - core.sensor_reader - ERROR - [sensor_reader.py:283] - Failed to read register block 43501: No communication with the instrument (no answer)
2025-12-27 18:17:38 - core.sensor_reader - ERROR - [sensor_reader.py:346] - Failed to read band values: Register block read failed: No communication with the instrument (no answer)
2025-12-27 18:17:38 - core.sensor_reader - WARNING - [sensor_reader.py:374] - Band read failed, using empty bands
2025-12-27 18:17:41 - core.sensor_reader - ERROR - [sensor_reader.py:283] - Failed to read register block 43501: No communication with the instrument (no answer)
2025-12-27 18:17:41 - core.sensor_reader - ERROR - [sensor_reader.py:346] - Failed to read band values: Register block read failed: No communication with the instrument (no answer)
2025-12-27 18:17:41 - core.sensor_reader - WARNING - [sensor_reader.py:374] - Band read failed, using empty bands
2025-12-27 18:17:45 - core.sensor_reader - ERROR - [sensor_reader.py:283] - Failed to read register block 43501: No communication with the instrument (no answer)
2025-12-27 18:17:45 - core.sensor_reader - ERROR - [sensor_reader.py:346] - Failed to read band values: Register block read failed: No communication with the instrument (no answer)
2025-12-27 18:17:45 - core.sensor_reader - WARNING - [sensor_reader.py:374] - Band read failed, using empty bands
2025-12-27 18:17:48 - core.sensor_reader - ERROR - [sensor_reader.py:283] - Failed to read register block 43501: No communication with the instrument (no answer)
2025-12-27 18:17:48 - core.sensor_reader - ERROR - [sensor_reader.py:346] - Failed to read band values: Register block read failed: No communication with the instrument (no answer)
2025-12-27 18:17:48 - core.sensor_reader - WARNING - [sensor_reader.py:374] - Band read failed, using empty bands
2025-12-27 18:17:52 - core.sensor_reader - ERROR - [sensor_reader.py:283] - Failed to read register block 43501: No communication with the instrument (no answer)
2025-12-27 18:17:52 - core.sensor_reader - ERROR - [sensor_reader.py:346] - Failed to read band values: Register block read failed: No communication with the instrument (no answer)
2025-12-27 18:17:52 - core.sensor_reader - WARNING - [sensor_reader.py:374] - Band read failed, using empty bands
2025-12-27 18:17:55 - core.sensor_reader - ERROR - [sensor_reader.py:283] - Failed to read register block 43501: No communication with the instrument (no answer)
2025-12-27 18:17:55 - core.sensor_reader - ERROR - [sensor_reader.py:346] - Failed to read band values: Register block read failed: No communication with the instrument (no answer)
2025-12-27 18:17:55 - core.sensor_reader - WARNING - [sensor_reader.py:374] - Band read failed, using empty bands
2025-12-27 18:17:59 - core.sensor_reader - ERROR - [sensor_reader.py:283] - Failed to read register block 43501: No communication with the instrument (no answer)
2025-12-27 18:17:59 - core.sensor_reader - ERROR - [sensor_reader.py:346] - Failed to read band values: Register block read failed: No communication with the instrument (no answer)
2025-12-27 18:17:59 - core.sensor_reader - WARNING - [sensor_reader.py:374] - Band read failed, using empty bands
2025-12-27 18:18:02 - core.sensor_reader - ERROR - [sensor_reader.py:283] - Failed to read register block 43501: No communication with the instrument (no answer)
2025-12-27 18:18:02 - core.sensor_reader - ERROR - [sensor_reader.py:346] - Failed to read band values: Register block read failed: No communication with the instrument (no answer)
2025-12-27 18:18:02 - core.sensor_reader - WARNING - [sensor_reader.py:374] - Band read failed, using empty bands
2025-12-27 18:18:06 - core.sensor_reader - ERROR - [sensor_reader.py:283] - Failed to read register block 43501: No communication with the instrument (no answer)
2025-12-27 18:18:06 - core.sensor_reader - ERROR - [sensor_reader.py:346] - Failed to read band values: Register block read failed: No communication with the instrument (no answer)
2025-12-27 18:18:06 - core.sensor_reader - WARNING - [sensor_reader.py:374] - Band read failed, using empty bands
2025-12-27 18:18:09 - core.sensor_reader - ERROR - [sensor_reader.py:283] - Failed to read register block 43501: No communication with the instrument (no answer)
2025-12-27 18:18:09 - core.sensor_reader - ERROR - [sensor_reader.py:346] - Failed to read band values: Register block read failed: No communication with the instrument (no answer)
2025-12-27 18:18:09 - core.sensor_reader - WARNING - [sensor_reader.py:374] - Band read failed, using empty bands
2025-12-27 18:18:13 - core.sensor_reader - ERROR - [sensor_reader.py:283] - Failed to read register block 43501: No communication with the instrument (no answer)
2025-12-27 18:18:13 - core.sensor_reader - ERROR - [sensor_reader.py:346] - Failed to read band values: Register block read failed: No communication with the instrument (no answer)
2025-12-27 18:18:13 - core.sensor_reader - WARNING - [sensor_reader.py:374] - Band read failed, using empty bands
2025-12-27 18:18:16 - core.sensor_reader - ERROR - [sensor_reader.py:283] - Failed to read register block 43501: No communication with the instrument (no answer)
2025-12-27 18:18:16 - core.sensor_reader - ERROR - [sensor_reader.py:346] - Failed to read band values: Register block read failed: No communication with the instrument (no answer)
2025-12-27 18:18:16 - core.sensor_reader - WARNING - [sensor_reader.py:374] - Band read failed, using empty bands
2025-12-27 18:18:20 - core.sensor_reader - ERROR - [sensor_reader.py:283] - Failed to read register block 43501: No communication with the instrument (no answer)
2025-12-27 18:18:20 - core.sensor_reader - ERROR - [sensor_reader.py:346] - Failed to read band values: Register block read failed: No communication with the instrument (no answer)
2025-12-27 18:18:20 - core.sensor_reader - WARNING - [sensor_reader.py:374] - Band read failed, using empty bands
2025-12-27 18:18:23 - core.sensor_reader - ERROR - [sensor_reader.py:283] - Failed to read register block 43501: No communication with the instrument (no answer)
2025-12-27 18:18:23 - core.sensor_reader - ERROR - [sensor_reader.py:346] - Failed to read band values: Register block read failed: No communication with the instrument (no answer)
2025-12-27 18:18:23 - core.sensor_reader - WARNING - [sensor_reader.py:374] - Band read failed, using empty bands
2025-12-27 18:18:26 - core.sensor_reader - ERROR - [sensor_reader.py:283] - Failed to read register block 43501: No communication with the instrument (no answer)
2025-12-27 18:18:26 - core.sensor_reader - ERROR - [sensor_reader.py:346] - Failed to read band values: Register block read failed: No communication with the instrument (no answer)
2025-12-27 18:18:26 - core.sensor_reader - WARNING - [sensor_reader.py:374] - Band read failed, using empty bands
2025-12-27 18:18:30 - core.sensor_reader - ERROR - [sensor_reader.py:283] - Failed to read register block 43501: No communication with the instrument (no answer)
2025-12-27 18:18:30 - core.sensor_reader - ERROR - [sensor_reader.py:346] - Failed to read band values: Register block read failed: No communication with the instrument (no answer)
2025-12-27 18:18:30 - core.sensor_reader - WARNING - [sensor_reader.py:374] - Band read failed, using empty bands
2025-12-27 18:18:33 - core.sensor_reader - ERROR - [sensor_reader.py:283] - Failed to read register block 43501: No communication with the instrument (no answer)
2025-12-27 18:18:33 - core.sensor_reader - ERROR - [sensor_reader.py:346] - Failed to read band values: Register block read failed: No communication with the instrument (no answer)
2025-12-27 18:18:33 - core.sensor_reader - WARNING - [sensor_reader.py:374] - Band read failed, using empty bands
2025-12-27 18:18:37 - core.sensor_reader - ERROR - [sensor_reader.py:283] - Failed to read register block 43501: No communication with the instrument (no answer)
2025-12-27 18:18:37 - core.sensor_reader - ERROR - [sensor_reader.py:346] - Failed to read band values: Register block read failed: No communication with the instrument (no answer)
2025-12-27 18:18:37 - core.sensor_reader - WARNING - [sensor_reader.py:374] - Band read failed, using empty bands
2025-12-27 18:18:40 - core.sensor_reader - ERROR - [sensor_reader.py:283] - Failed to read register block 43501: No communication with the instrument (no answer)
2025-12-27 18:18:40 - core.sensor_reader - ERROR - [sensor_reader.py:346] - Failed to read band values: Register block read failed: No communication with the instrument (no answer)
2025-12-27 18:18:40 - core.sensor_reader - WARNING - [sensor_reader.py:374] - Band read failed, using empty bands
2025-12-27 18:18:44 - core.sensor_reader - ERROR - [sensor_reader.py:283] - Failed to read register block 43501: No communication with the instrument (no answer)
2025-12-27 18:18:44 - core.sensor_reader - ERROR - [sensor_reader.py:346] - Failed to read band values: Register block read failed: No communication with the instrument (no answer)
2025-12-27 18:18:44 - core.sensor_reader - WARNING - [sensor_reader.py:374] - Band read failed, using empty bands
2025-12-27 18:18:47 - core.sensor_reader - ERROR - [sensor_reader.py:283] - Failed to read register block 43501: No communication with the instrument (no answer)
2025-12-27 18:18:47 - core.sensor_reader - ERROR - [sensor_reader.py:346] - Failed to read band values: Register block read failed: No communication with the instrument (no answer)
2025-12-27 18:18:47 - core.sensor_reader - WARNING - [sensor_reader.py:374] - Band read failed, using empty bands
2025-12-27 18:18:51 - core.sensor_reader - ERROR - [sensor_reader.py:283] - Failed to read register block 43501: No communication with the instrument (no answer)
2025-12-27 18:18:51 - core.sensor_reader - ERROR - [sensor_reader.py:346] - Failed to read band values: Register block read failed: No communication with the instrument (no answer)
2025-12-27 18:18:51 - core.sensor_reader - WARNING - [sensor_reader.py:374] - Band read failed, using empty bands
2025-12-27 18:18:54 - core.sensor_reader - ERROR - [sensor_reader.py:283] - Failed to read register block 43501: No communication with the instrument (no answer)
2025-12-27 18:18:54 - core.sensor_reader - ERROR - [sensor_reader.py:346] - Failed to read band values: Register block read failed: No communication with the instrument (no answer)
2025-12-27 18:18:54 - core.sensor_reader - WARNING - [sensor_reader.py:374] - Band read failed, using empty bands
2025-12-27 18:18:58 - core.sensor_reader - ERROR - [sensor_reader.py:283] - Failed to read register block 43501: No communication with the instrument (no answer)
2025-12-27 18:18:58 - core.sensor_reader - ERROR - [sensor_reader.py:346] - Failed to read band values: Register block read failed: No communication with the instrument (no answer)
2025-12-27 18:18:58 - core.sensor_reader - WARNING - [sensor_reader.py:374] - Band read failed, using empty bands
2025-12-27 18:19:01 - core.sensor_reader - ERROR - [sensor_reader.py:283] - Failed to read register block 43501: No communication with the instrument (no answer)
2025-12-27 18:19:01 - core.sensor_reader - ERROR - [sensor_reader.py:346] - Failed to read band values: Register block read failed: No communication with the instrument (no answer)
2025-12-27 18:19:01 - core.sensor_reader - WARNING - [sensor_reader.py:374] - Band read failed, using empty bands
2025-12-27 18:19:04 - core.sensor_reader - ERROR - [sensor_reader.py:283] - Failed to read register block 43501: No communication with the instrument (no answer)
2025-12-27 18:19:04 - core.sensor_reader - ERROR - [sensor_reader.py:346] - Failed to read band values: Register block read failed: No communication with the instrument (no answer)
2025-12-27 18:19:04 - core.sensor_reader - WARNING - [sensor_reader.py:374] - Band read failed, using empty bands
2025-12-27 18:19:08 - core.sensor_reader - ERROR - [sensor_reader.py:283] - Failed to read register block 43501: No communication with the instrument (no answer)
2025-12-27 18:19:08 - core.sensor_reader - ERROR - [sensor_reader.py:346] - Failed to read band values: Register block read failed: No communication with the instrument (no answer)
2025-12-27 18:19:08 - core.sensor_reader - WARNING - [sensor_reader.py:374] - Band read failed, using empty bands
2025-12-27 18:19:11 - core.sensor_reader - ERROR - [sensor_reader.py:283] - Failed to read register block 43501: No communication with the instrument (no answer)
2025-12-27 18:19:11 - core.sensor_reader - ERROR - [sensor_reader.py:346] - Failed to read band values: Register block read failed: No communication with the instrument (no answer)
2025-12-27 18:19:11 - core.sensor_reader - WARNING - [sensor_reader.py:374] - Band read failed, using empty bands
2025-12-27 18:19:15 - core.sensor_reader - ERROR - [sensor_reader.py:283] - Failed to read register block 43501: No communication with the instrument (no answer)
2025-12-27 18:19:15 - core.sensor_reader - ERROR - [sensor_reader.py:346] - Failed to read band values: Register block read failed: No communication with the instrument (no answer)
2025-12-27 18:19:15 - core.sensor_reader - WARNING - [sensor_reader.py:374] - Band read failed, using empty bands
2025-12-27 18:19:18 - core.sensor_reader - ERROR - [sensor_reader.py:283] - Failed to read register block 43501: No communication with the instrument (no answer)
2025-12-27 18:19:18 - core.sensor_reader - ERROR - [sensor_reader.py:346] - Failed to read band values: Register block read failed: No communication with the instrument (no answer)
2025-12-27 18:19:18 - core.sensor_reader - WARNING - [sensor_reader.py:374] - Band read failed, using empty bands
2025-12-27 18:19:22 - core.sensor_reader - ERROR - [sensor_reader.py:283] - Failed to read register block 43501: No communication with the instrument (no answer)
2025-12-27 18:19:22 - core.sensor_reader - ERROR - [sensor_reader.py:346] - Failed to read band values: Register block read failed: No communication with the instrument (no answer)
2025-12-27 18:19:22 - core.sensor_reader - WARNING - [sensor_reader.py:374] - Band read failed, using empty bands
2025-12-27 18:19:25 - core.sensor_reader - ERROR - [sensor_reader.py:283] - Failed to read register block 43501: No communication with the instrument (no answer)
2025-12-27 18:19:25 - core.sensor_reader - ERROR - [sensor_reader.py:346] - Failed to read band values: Register block read failed: No communication with the instrument (no answer)
2025-12-27 18:19:25 - core.sensor_reader - WARNING - [sensor_reader.py:374] - Band read failed, using empty bands
2025-12-27 18:19:29 - core.sensor_reader - ERROR - [sensor_reader.py:283] - Failed to read register block 43501: No communication with the instrument (no answer)
2025-12-27 18:19:29 - core.sensor_reader - ERROR - [sensor_reader.py:346] - Failed to read band values: Register block read failed: No communication with the instrument (no answer)
2025-12-27 18:19:29 - core.sensor_reader - WARNING - [sensor_reader.py:374] - Band read failed, using empty bands
2025-12-27 18:19:32 - core.sensor_reader - ERROR - [sensor_reader.py:283] - Failed to read register block 43501: No communication with the instrument (no answer)
2025-12-27 18:19:32 - core.sensor_reader - ERROR - [sensor_reader.py:346] - Failed to read band values: Register block read failed: No communication with the instrument (no answer)
2025-12-27 18:19:32 - core.sensor_reader - WARNING - [sensor_reader.py:374] - Band read failed, using empty bands
2025-12-27 18:19:36 - core.sensor_reader - ERROR - [sensor_reader.py:283] - Failed to read register block 43501: No communication with the instrument (no answer)
2025-12-27 18:19:36 - core.sensor_reader - ERROR - [sensor_reader.py:346] - Failed to read band values: Register block read failed: No communication with the instrument (no answer)
2025-12-27 18:19:36 - core.sensor_reader - WARNING - [sensor_reader.py:374] - Band read failed, using empty bands
2025-12-27 18:19:39 - core.sensor_reader - ERROR - [sensor_reader.py:283] - Failed to read register block 43501: No communication with the instrument (no answer)
2025-12-27 18:19:39 - core.sensor_reader - ERROR - [sensor_reader.py:346] - Failed to read band values: Register block read failed: No communication with the instrument (no answer)
2025-12-27 18:19:39 - core.sensor_reader - WARNING - [sensor_reader.py:374] - Band read failed, using empty bands
2025-12-27 18:19:43 - core.sensor_reader - ERROR - [sensor_reader.py:283] - Failed to read register block 43501: No communication with the instrument (no answer)
2025-12-27 18:19:43 - core.sensor_reader - ERROR - [sensor_reader.py:346] - Failed to read band values: Register block read failed: No communication with the instrument (no answer)
2025-12-27 18:19:43 - core.sensor_reader - WARNING - [sensor_reader.py:374] - Band read failed, using empty bands
2025-12-27 18:19:46 - core.sensor_reader - ERROR - [sensor_reader.py:283] - Failed to read register block 43501: No communication with the instrument (no answer)
2025-12-27 18:19:46 - core.sensor_reader - ERROR - [sensor_reader.py:346] - Failed to read band values: Register block read failed: No communication with the instrument (no answer)
2025-12-27 18:19:46 - core.sensor_reader - WARNING - [sensor_reader.py:374] - Band read failed, using empty bands
2025-12-27 18:19:50 - core.sensor_reader - ERROR - [sensor_reader.py:283] - Failed to read register block 43501: No communication with the instrument (no answer)
2025-12-27 18:19:50 - core.sensor_reader - ERROR - [sensor_reader.py:346] - Failed to read band values: Register block read failed: No communication with the instrument (no answer)
2025-12-27 18:19:50 - core.sensor_reader - WARNING - [sensor_reader.py:374] - Band read failed, using empty bands
2025-12-27 18:19:53 - core.sensor_reader - ERROR - [sensor_reader.py:283] - Failed to read register block 43501: No communication with the instrument (no answer)
2025-12-27 18:19:53 - core.sensor_reader - ERROR - [sensor_reader.py:346] - Failed to read band values: Register block read failed: No communication with the instrument (no answer)
2025-12-27 18:19:53 - core.sensor_reader - WARNING - [sensor_reader.py:374] - Band read failed, using empty bands
2025-12-27 18:19:56 - core.sensor_reader - ERROR - [sensor_reader.py:283] - Failed to read register block 43501: No communication with the instrument (no answer)
2025-12-27 18:19:56 - core.sensor_reader - ERROR - [sensor_reader.py:346] - Failed to read band values: Register block read failed: No communication with the instrument (no answer)
2025-12-27 18:19:56 - core.sensor_reader - WARNING - [sensor_reader.py:374] - Band read failed, using empty bands
2025-12-27 18:20:00 - core.sensor_reader - ERROR - [sensor_reader.py:283] - Failed to read register block 43501: No communication with the instrument (no answer)
2025-12-27 18:20:00 - core.sensor_reader - ERROR - [sensor_reader.py:346] - Failed to read band values: Register block read failed: No communication with the instrument (no answer)
2025-12-27 18:20:00 - core.sensor_reader - WARNING - [sensor_reader.py:374] - Band read failed, using empty bands
2025-12-27 18:20:06 - core.sensor_reader - ERROR - [sensor_reader.py:283] - Failed to read register block 43501: No communication with the instrument (no answer)
2025-12-27 18:20:06 - core.sensor_reader - ERROR - [sensor_reader.py:346] - Failed to read band values: Register block read failed: No communication with the instrument (no answer)
2025-12-27 18:20:06 - core.sensor_reader - WARNING - [sensor_reader.py:374] - Band read failed, using empty bands
2025-12-27 18:20:10 - core.sensor_reader - ERROR - [sensor_reader.py:283] - Failed to read register block 43501: No communication with the instrument (no answer)
2025-12-27 18:20:10 - core.sensor_reader - ERROR - [sensor_reader.py:346] - Failed to read band values: Register block read failed: No communication with the instrument (no answer)
2025-12-27 18:20:10 - core.sensor_reader - WARNING - [sensor_reader.py:374] - Band read failed, using empty bands
2025-12-27 18:20:13 - core.sensor_reader - ERROR - [sensor_reader.py:283] - Failed to read register block 43501: No communication with the instrument (no answer)
2025-12-27 18:20:13 - core.sensor_reader - ERROR - [sensor_reader.py:346] - Failed to read band values: Register block read failed: No communication with the instrument (no answer)
2025-12-27 18:20:13 - core.sensor_reader - WARNING - [sensor_reader.py:374] - Band read failed, using empty bands
2025-12-27 18:20:17 - core.sensor_reader - ERROR - [sensor_reader.py:283] - Failed to read register block 43501: No communication with the instrument (no answer)
2025-12-27 18:20:17 - core.sensor_reader - ERROR - [sensor_reader.py:346] - Failed to read band values: Register block read failed: No communication with the instrument (no answer)
2025-12-27 18:20:17 - core.sensor_reader - WARNING - [sensor_reader.py:374] - Band read failed, using empty bands
2025-12-27 18:20:20 - core.sensor_reader - ERROR - [sensor_reader.py:283] - Failed to read register block 43501: No communication with the instrument (no answer)
2025-12-27 18:20:20 - core.sensor_reader - ERROR - [sensor_reader.py:346] - Failed to read band values: Register block read failed: No communication with the instrument (no answer)
2025-12-27 18:20:20 - core.sensor_reader - WARNING - [sensor_reader.py:374] - Band read failed, using empty bands
2025-12-27 18:20:24 - core.sensor_reader - ERROR - [sensor_reader.py:283] - Failed to read register block 43501: No communication with the instrument (no answer)
2025-12-27 18:20:24 - core.sensor_reader - ERROR - [sensor_reader.py:346] - Failed to read band values: Register block read failed: No communication with the instrument (no answer)
2025-12-27 18:20:24 - core.sensor_reader - WARNING - [sensor_reader.py:374] - Band read failed, using empty bands
2025-12-27 18:20:27 - core.sensor_reader - ERROR - [sensor_reader.py:283] - Failed to read register block 43501: No communication with the instrument (no answer)
2025-12-27 18:20:27 - core.sensor_reader - ERROR - [sensor_reader.py:346] - Failed to read band values: Register block read failed: No communication with the instrument (no answer)
2025-12-27 18:20:27 - core.sensor_reader - WARNING - [sensor_reader.py:374] - Band read failed, using empty bands
2025-12-27 18:20:31 - core.sensor_reader - ERROR - [sensor_reader.py:283] - Failed to read register block 43501: No communication with the instrument (no answer)
2025-12-27 18:20:31 - core.sensor_reader - ERROR - [sensor_reader.py:346] - Failed to read band values: Register block read failed: No communication with the instrument (no answer)
2025-12-27 18:20:31 - core.sensor_reader - WARNING - [sensor_reader.py:374] - Band read failed, using empty bands
2025-12-27 18:20:34 - core.sensor_reader - ERROR - [sensor_reader.py:283] - Failed to read register block 43501: No communication with the instrument (no answer)
2025-12-27 18:20:34 - core.sensor_reader - ERROR - [sensor_reader.py:346] - Failed to read band values: Register block read failed: No communication with the instrument (no answer)
2025-12-27 18:20:34 - core.sensor_reader - WARNING - [sensor_reader.py:374] - Band read failed, using empty bands
2025-12-27 18:20:38 - core.sensor_reader - ERROR - [sensor_reader.py:283] - Failed to read register block 43501: No communication with the instrument (no answer)
2025-12-27 18:20:38 - core.sensor_reader - ERROR - [sensor_reader.py:346] - Failed to read band values: Register block read failed: No communication with the instrument (no answer)
2025-12-27 18:20:38 - core.sensor_reader - WARNING - [sensor_reader.py:374] - Band read failed, using empty bands
2025-12-27 18:20:41 - core.sensor_reader - ERROR - [sensor_reader.py:283] - Failed to read register block 43501: No communication with the instrument (no answer)
2025-12-27 18:20:41 - core.sensor_reader - ERROR - [sensor_reader.py:346] - Failed to read band values: Register block read failed: No communication with the instrument (no answer)
2025-12-27 18:20:41 - core.sensor_reader - WARNING - [sensor_reader.py:374] - Band read failed, using empty bands
2025-12-27 18:20:44 - core.sensor_reader - ERROR - [sensor_reader.py:283] - Failed to read register block 43501: No communication with the instrument (no answer)
2025-12-27 18:20:44 - core.sensor_reader - ERROR - [sensor_reader.py:346] - Failed to read band values: Register block read failed: No communication with the instrument (no answer)
2025-12-27 18:20:44 - core.sensor_reader - WARNING - [sensor_reader.py:374] - Band read failed, using empty bands
2025-12-27 18:20:48 - core.sensor_reader - ERROR - [sensor_reader.py:283] - Failed to read register block 43501: No communication with the instrument (no answer)
2025-12-27 18:20:48 - core.sensor_reader - ERROR - [sensor_reader.py:346] - Failed to read band values: Register block read failed: No communication with the instrument (no answer)
2025-12-27 18:20:48 - core.sensor_reader - WARNING - [sensor_reader.py:374] - Band read failed, using empty bands
2025-12-27 18:20:51 - core.sensor_reader - ERROR - [sensor_reader.py:283] - Failed to read register block 43501: No communication with the instrument (no answer)
2025-12-27 18:20:51 - core.sensor_reader - ERROR - [sensor_reader.py:346] - Failed to read band values: Register block read failed: No communication with the instrument (no answer)
2025-12-27 18:20:51 - core.sensor_reader - WARNING - [sensor_reader.py:374] - Band read failed, using empty bands
2025-12-27 18:20:55 - core.sensor_reader - ERROR - [sensor_reader.py:283] - Failed to read register block 43501: No communication with the instrument (no answer)
2025-12-27 18:20:55 - core.sensor_reader - ERROR - [sensor_reader.py:346] - Failed to read band values: Register block read failed: No communication with the instrument (no answer)
2025-12-27 18:20:55 - core.sensor_reader - WARNING - [sensor_reader.py:374] - Band read failed, using empty bands
2025-12-27 18:20:58 - core.sensor_reader - ERROR - [sensor_reader.py:283] - Failed to read register block 43501: No communication with the instrument (no answer)
2025-12-27 18:20:58 - core.sensor_reader - ERROR - [sensor_reader.py:346] - Failed to read band values: Register block read failed: No communication with the instrument (no answer)
2025-12-27 18:20:58 - core.sensor_reader - WARNING - [sensor_reader.py:374] - Band read failed, using empty bands
2025-12-27 18:21:02 - core.sensor_reader - ERROR - [sensor_reader.py:283] - Failed to read register block 43501: No communication with the instrument (no answer)
2025-12-27 18:21:02 - core.sensor_reader - ERROR - [sensor_reader.py:346] - Failed to read band values: Register block read failed: No communication with the instrument (no answer)
2025-12-27 18:21:02 - core.sensor_reader - WARNING - [sensor_reader.py:374] - Band read failed, using empty bands
2025-12-27 18:21:05 - core.sensor_reader - ERROR - [sensor_reader.py:283] - Failed to read register block 43501: No communication with the instrument (no answer)
2025-12-27 18:21:05 - core.sensor_reader - ERROR - [sensor_reader.py:346] - Failed to read band values: Register block read failed: No communication with the instrument (no answer)
2025-12-27 18:21:05 - core.sensor_reader - WARNING - [sensor_reader.py:374] - Band read failed, using empty bands
2025-12-27 18:21:09 - core.sensor_reader - ERROR - [sensor_reader.py:283] - Failed to read register block 43501: No communication with the instrument (no answer)
2025-12-27 18:21:09 - core.sensor_reader - ERROR - [sensor_reader.py:346] - Failed to read band values: Register block read failed: No communication with the instrument (no answer)
2025-12-27 18:21:09 - core.sensor_reader - WARNING - [sensor_reader.py:374] - Band read failed, using empty bands
2025-12-27 18:21:12 - core.sensor_reader - ERROR - [sensor_reader.py:283] - Failed to read register block 43501: No communication with the instrument (no answer)
2025-12-27 18:21:12 - core.sensor_reader - ERROR - [sensor_reader.py:346] - Failed to read band values: Register block read failed: No communication with the instrument (no answer)
2025-12-27 18:21:12 - core.sensor_reader - WARNING - [sensor_reader.py:374] - Band read failed, using empty bands
2025-12-27 18:21:15 - core.sensor_reader - ERROR - [sensor_reader.py:283] - Failed to read register block 43501: No communication with the instrument (no answer)
2025-12-27 18:21:15 - core.sensor_reader - ERROR - [sensor_reader.py:346] - Failed to read band values: Register block read failed: No communication with the instrument (no answer)
2025-12-27 18:21:15 - core.sensor_reader - WARNING - [sensor_reader.py:374] - Band read failed, using empty bands
2025-12-27 18:21:19 - core.sensor_reader - ERROR - [sensor_reader.py:283] - Failed to read register block 43501: No communication with the instrument (no answer)
2025-12-27 18:21:19 - core.sensor_reader - ERROR - [sensor_reader.py:346] - Failed to read band values: Register block read failed: No communication with the instrument (no answer)
2025-12-27 18:21:19 - core.sensor_reader - WARNING - [sensor_reader.py:374] - Band read failed, using empty bands
2025-12-27 18:21:22 - core.sensor_reader - ERROR - [sensor_reader.py:283] - Failed to read register block 43501: No communication with the instrument (no answer)
2025-12-27 18:21:22 - core.sensor_reader - ERROR - [sensor_reader.py:346] - Failed to read band values: Register block read failed: No communication with the instrument (no answer)
2025-12-27 18:21:22 - core.sensor_reader - WARNING - [sensor_reader.py:374] - Band read failed, using empty bands
2025-12-27 18:21:26 - core.sensor_reader - ERROR - [sensor_reader.py:283] - Failed to read register block 43501: No communication with the instrument (no answer)
2025-12-27 18:21:26 - core.sensor_reader - ERROR - [sensor_reader.py:346] - Failed to read band values: Register block read failed: No communication with the instrument (no answer)
2025-12-27 18:21:26 - core.sensor_reader - WARNING - [sensor_reader.py:374] - Band read failed, using empty bands
2025-12-27 18:21:29 - core.sensor_reader - ERROR - [sensor_reader.py:283] - Failed to read register block 43501: No communication with the instrument (no answer)
2025-12-27 18:21:29 - core.sensor_reader - ERROR - [sensor_reader.py:346] - Failed to read band values: Register block read failed: No communication with the instrument (no answer)
2025-12-27 18:21:29 - core.sensor_reader - WARNING - [sensor_reader.py:374] - Band read failed, using empty bands
2025-12-27 18:21:33 - core.sensor_reader - ERROR - [sensor_reader.py:283] - Failed to read register block 43501: No communication with the instrument (no answer)
2025-12-27 18:21:33 - core.sensor_reader - ERROR - [sensor_reader.py:346] - Failed to read band values: Register block read failed: No communication with the instrument (no answer)
2025-12-27 18:21:33 - core.sensor_reader - WARNING - [sensor_reader.py:374] - Band read failed, using empty bands
2025-12-27 18:21:36 - core.sensor_reader - ERROR - [sensor_reader.py:283] - Failed to read register block 43501: No communication with the instrument (no answer)
2025-12-27 18:21:36 - core.sensor_reader - ERROR - [sensor_reader.py:346] - Failed to read band values: Register block read failed: No communication with the instrument (no answer)
2025-12-27 18:21:36 - core.sensor_reader - WARNING - [sensor_reader.py:374] - Band read failed, using empty bands
2025-12-27 18:21:40 - core.sensor_reader - ERROR - [sensor_reader.py:283] - Failed to read register block 43501: No communication with the instrument (no answer)
2025-12-27 18:21:40 - core.sensor_reader - ERROR - [sensor_reader.py:346] - Failed to read band values: Register block read failed: No communication with the instrument (no answer)
2025-12-27 18:21:40 - core.sensor_reader - WARNING - [sensor_reader.py:374] - Band read failed, using empty bands
2025-12-27 18:21:43 - core.sensor_reader - ERROR - [sensor_reader.py:283] - Failed to read register block 43501: No communication with the instrument (no answer)
2025-12-27 18:21:43 - core.sensor_reader - ERROR - [sensor_reader.py:346] - Failed to read band values: Register block read failed: No communication with the instrument (no answer)
2025-12-27 18:21:43 - core.sensor_reader - WARNING - [sensor_reader.py:374] - Band read failed, using empty bands
2025-12-27 18:21:46 - core.sensor_reader - ERROR - [sensor_reader.py:283] - Failed to read register block 43501: No communication with the instrument (no answer)
2025-12-27 18:21:46 - core.sensor_reader - ERROR - [sensor_reader.py:346] - Failed to read band values: Register block read failed: No communication with the instrument (no answer)
2025-12-27 18:21:46 - core.sensor_reader - WARNING - [sensor_reader.py:374] - Band read failed, using empty bands
2025-12-27 18:21:50 - core.sensor_reader - ERROR - [sensor_reader.py:283] - Failed to read register block 43501: No communication with the instrument (no answer)
2025-12-27 18:21:50 - core.sensor_reader - ERROR - [sensor_reader.py:346] - Failed to read band values: Register block read failed: No communication with the instrument (no answer)
2025-12-27 18:21:50 - core.sensor_reader - WARNING - [sensor_reader.py:374] - Band read failed, using empty bands
2025-12-27 18:21:53 - core.sensor_reader - ERROR - [sensor_reader.py:283] - Failed to read register block 43501: No communication with the instrument (no answer)
2025-12-27 18:21:53 - core.sensor_reader - ERROR - [sensor_reader.py:346] - Failed to read band values: Register block read failed: No communication with the instrument (no answer)
2025-12-27 18:21:53 - core.sensor_reader - WARNING - [sensor_reader.py:374] - Band read failed, using empty bands
2025-12-27 18:21:57 - core.sensor_reader - ERROR - [sensor_reader.py:283] - Failed to read register block 43501: No communication with the instrument (no answer)
2025-12-27 18:21:57 - core.sensor_reader - ERROR - [sensor_reader.py:346] - Failed to read band values: Register block read failed: No communication with the instrument (no answer)
2025-12-27 18:21:57 - core.sensor_reader - WARNING - [sensor_reader.py:374] - Band read failed, using empty bands
2025-12-27 18:22:00 - core.sensor_reader - ERROR - [sensor_reader.py:283] - Failed to read register block 43501: No communication with the instrument (no answer)
2025-12-27 18:22:00 - core.sensor_reader - ERROR - [sensor_reader.py:346] - Failed to read band values: Register block read failed: No communication with the instrument (no answer)
2025-12-27 18:22:00 - core.sensor_reader - WARNING - [sensor_reader.py:374] - Band read failed, using empty bands
2025-12-27 18:22:04 - core.sensor_reader - ERROR - [sensor_reader.py:283] - Failed to read register block 43501: No communication with the instrument (no answer)
2025-12-27 18:22:04 - core.sensor_reader - ERROR - [sensor_reader.py:346] - Failed to read band values: Register block read failed: No communication with the instrument (no answer)
2025-12-27 18:22:04 - core.sensor_reader - WARNING - [sensor_reader.py:374] - Band read failed, using empty bands
2025-12-27 18:22:10 - core.sensor_reader - ERROR - [sensor_reader.py:283] - Failed to read register block 43501: No communication with the instrument (no answer)
2025-12-27 18:22:10 - core.sensor_reader - ERROR - [sensor_reader.py:346] - Failed to read band values: Register block read failed: No communication with the instrument (no answer)
2025-12-27 18:22:10 - core.sensor_reader - WARNING - [sensor_reader.py:374] - Band read failed, using empty bands
2025-12-27 18:22:14 - core.sensor_reader - ERROR - [sensor_reader.py:283] - Failed to read register block 43501: No communication with the instrument (no answer)
2025-12-27 18:22:14 - core.sensor_reader - ERROR - [sensor_reader.py:346] - Failed to read band values: Register block read failed: No communication with the instrument (no answer)
2025-12-27 18:22:14 - core.sensor_reader - WARNING - [sensor_reader.py:374] - Band read failed, using empty bands
2025-12-27 18:22:17 - core.sensor_reader - ERROR - [sensor_reader.py:283] - Failed to read register block 43501: No communication with the instrument (no answer)
2025-12-27 18:22:17 - core.sensor_reader - ERROR - [sensor_reader.py:346] - Failed to read band values: Register block read failed: No communication with the instrument (no answer)
2025-12-27 18:22:17 - core.sensor_reader - WARNING - [sensor_reader.py:374] - Band read failed, using empty bands
2025-12-27 18:22:21 - core.sensor_reader - ERROR - [sensor_reader.py:283] - Failed to read register block 43501: No communication with the instrument (no answer)
2025-12-27 18:22:21 - core.sensor_reader - ERROR - [sensor_reader.py:346] - Failed to read band values: Register block read failed: No communication with the instrument (no answer)
2025-12-27 18:22:21 - core.sensor_reader - WARNING - [sensor_reader.py:374] - Band read failed, using empty bands
2025-12-27 18:22:24 - core.sensor_reader - ERROR - [sensor_reader.py:283] - Failed to read register block 43501: No communication with the instrument (no answer)
2025-12-27 18:22:24 - core.sensor_reader - ERROR - [sensor_reader.py:346] - Failed to read band values: Register block read failed: No communication with the instrument (no answer)
2025-12-27 18:22:24 - core.sensor_reader - WARNING - [sensor_reader.py:374] - Band read failed, using empty bands
2025-12-27 18:22:31 - core.sensor_reader - ERROR - [sensor_reader.py:283] - Failed to read register block 43501: No communication with the instrument (no answer)
2025-12-27 18:22:31 - core.sensor_reader - ERROR - [sensor_reader.py:346] - Failed to read band values: Register block read failed: No communication with the instrument (no answer)
2025-12-27 18:22:31 - core.sensor_reader - WARNING - [sensor_reader.py:374] - Band read failed, using empty bands
