2026-01-07 18:01:44 - database.operational_db - INFO - [operational_db.py:96] - Operational database initialized successfully
2026-01-07 18:01:45 - core.sensor_reader - INFO - [sensor_reader.py:266] - Modbus instrument initialized on COM5 (slave 1)
2026-01-07 18:01:45 - core.sensor_reader - INFO - [sensor_reader.py:225] - Sensor reader initialized with frequency 3200.0 Hz
2026-01-07 18:01:54 - core.sensor_reader - ERROR - [sensor_reader.py:408] - Failed to read scalar values: Failed to read register 40043 after 3 attempts: No communication with the instrument (no answer)
2026-01-07 18:02:00 - core.sensor_reader - WARNING - [sensor_reader.py:589] - Connection test failed, attempting reconnect: Failed to read register 40043 after 2 attempts: No communication with the instrument (no answer)
2026-01-07 18:02:00 - core.sensor_reader - INFO - [sensor_reader.py:266] - Modbus instrument initialized on COM5 (slave 1)
2026-01-07 18:02:09 - core.sensor_reader - ERROR - [sensor_reader.py:408] - Failed to read scalar values: Failed to read register 40043 after 3 attempts: No communication with the instrument (no answer)
2026-01-07 18:02:15 - core.sensor_reader - WARNING - [sensor_reader.py:589] - Connection test failed, attempting reconnect: Failed to read register 40043 after 2 attempts: No communication with the instrument (no answer)
2026-01-07 18:02:16 - core.sensor_reader - INFO - [sensor_reader.py:266] - Modbus instrument initialized on COM5 (slave 1)
2026-01-07 18:02:25 - core.sensor_reader - ERROR - [sensor_reader.py:408] - Failed to read scalar values: Failed to read register 40043 after 3 attempts: No communication with the instrument (no answer)
2026-01-07 18:02:25 - core.sensor_reader - INFO - [sensor_reader.py:266] - Modbus instrument initialized on COM5 (slave 1)
2026-01-07 18:02:25 - core.sensor_reader - INFO - [sensor_reader.py:225] - Sensor reader initialized with frequency 3200.0 Hz
2026-01-07 18:02:34 - core.sensor_reader - ERROR - [sensor_reader.py:408] - Failed to read scalar values: Failed to read register 40043 after 3 attempts: No communication with the instrument (no answer)
2026-01-07 18:02:41 - core.sensor_reader - WARNING - [sensor_reader.py:589] - Connection test failed, attempting reconnect: Failed to read register 40043 after 2 attempts: No communication with the instrument (no answer)
2026-01-07 18:02:41 - core.sensor_reader - INFO - [sensor_reader.py:266] - Modbus instrument initialized on COM5 (slave 1)
2026-01-07 18:02:50 - core.sensor_reader - ERROR - [sensor_reader.py:408] - Failed to read scalar values: Failed to read register 40043 after 3 attempts: No communication with the instrument (no answer)
2026-01-07 18:02:50 - core.sensor_reader - INFO - [sensor_reader.py:266] - Modbus instrument initialized on COM5 (slave 1)
2026-01-07 18:02:50 - core.sensor_reader - INFO - [sensor_reader.py:225] - Sensor reader initialized with frequency 3200.0 Hz
2026-01-07 18:02:59 - core.sensor_reader - ERROR - [sensor_reader.py:408] - Failed to read scalar values: Failed to read register 40043 after 3 attempts: No communication with the instrument (no answer)
2026-01-07 18:03:00 - core.sensor_reader - INFO - [sensor_reader.py:266] - Modbus instrument initialized on COM5 (slave 1)
2026-01-07 18:03:00 - core.sensor_reader - INFO - [sensor_reader.py:225] - Sensor reader initialized with frequency 3200.0 Hz
2026-01-07 18:03:09 - core.sensor_reader - ERROR - [sensor_reader.py:408] - Failed to read scalar values: Failed to read register 40043 after 3 attempts: No communication with the instrument (no answer)
2026-01-07 18:03:09 - core.sensor_reader - INFO - [sensor_reader.py:266] - Modbus instrument initialized on COM5 (slave 1)
2026-01-07 18:03:09 - core.sensor_reader - INFO - [sensor_reader.py:225] - Sensor reader initialized with frequency 3200.0 Hz
2026-01-07 18:03:19 - core.sensor_reader - ERROR - [sensor_reader.py:408] - Failed to read scalar values: Failed to read register 40043 after 3 attempts: No communication with the instrument (no answer)
2026-01-07 18:03:25 - core.sensor_reader - WARNING - [sensor_reader.py:589] - Connection test failed, attempting reconnect: Failed to read register 40043 after 2 attempts: No communication with the instrument (no answer)
2026-01-07 18:03:25 - core.sensor_reader - INFO - [sensor_reader.py:266] - Modbus instrument initialized on COM5 (slave 1)
2026-01-07 18:03:34 - core.sensor_reader - ERROR - [sensor_reader.py:408] - Failed to read scalar values: Failed to read register 40043 after 3 attempts: No communication with the instrument (no answer)
2026-01-07 18:03:34 - core.sensor_reader - INFO - [sensor_reader.py:266] - Modbus instrument initialized on COM5 (slave 1)
2026-01-07 18:03:34 - core.sensor_reader - INFO - [sensor_reader.py:225] - Sensor reader initialized with frequency 3200.0 Hz
2026-01-07 18:03:44 - core.sensor_reader - ERROR - [sensor_reader.py:408] - Failed to read scalar values: Failed to read register 40043 after 3 attempts: No communication with the instrument (no answer)
2026-01-07 18:03:44 - core.sensor_reader - INFO - [sensor_reader.py:266] - Modbus instrument initialized on COM5 (slave 1)
2026-01-07 18:03:44 - core.sensor_reader - INFO - [sensor_reader.py:225] - Sensor reader initialized with frequency 3200.0 Hz
