2026-01-01 14:30:23 - database.operational_db - INFO - [operational_db.py:96] - Operational database initialized successfully
2026-01-01 14:30:23 - core.sensor_reader - INFO - [sensor_reader.py:266] - Modbus instrument initialized on COM8 (slave 1)
2026-01-01 14:30:23 - core.sensor_reader - INFO - [sensor_reader.py:225] - Sensor reader initialized with frequency 3200.0 Hz
2026-01-01 14:30:32 - core.sensor_reader - ERROR - [sensor_reader.py:408] - Failed to read scalar values: Failed to read register 40043 after 3 attempts: No communication with the instrument (no answer)
2026-01-01 14:30:38 - core.sensor_reader - WARNING - [sensor_reader.py:589] - Connection test failed, attempting reconnect: Failed to read register 40043 after 2 attempts: No communication with the instrument (no answer)
2026-01-01 14:30:38 - core.sensor_reader - INFO - [sensor_reader.py:266] - Modbus instrument initialized on COM8 (slave 1)
2026-01-01 14:30:48 - core.sensor_reader - ERROR - [sensor_reader.py:408] - Failed to read scalar values: Failed to read register 40043 after 3 attempts: No communication with the instrument (no answer)
2026-01-01 14:30:48 - core.sensor_reader - INFO - [sensor_reader.py:266] - Modbus instrument initialized on COM8 (slave 1)
2026-01-01 14:30:48 - core.sensor_reader - INFO - [sensor_reader.py:225] - Sensor reader initialized with frequency 3200.0 Hz
2026-01-01 14:30:54 - core.sensor_reader - WARNING - [sensor_reader.py:589] - Connection test failed, attempting reconnect: Failed to read register 40043 after 2 attempts: Checksum error in rtu mode: b'Co' instead of b'h7' . The response is: b'-Net\tCo' (plain response: b'-Net\tCo')
2026-01-01 14:30:54 - core.sensor_reader - INFO - [sensor_reader.py:266] - Modbus instrument initialized on COM8 (slave 1)
2026-01-01 14:31:01 - core.sensor_reader - ERROR - [sensor_reader.py:408] - Failed to read scalar values: Failed to read register 40043 after 3 attempts: No communication with the instrument (no answer)
2026-01-01 14:31:10 - core.sensor_reader - ERROR - [sensor_reader.py:408] - Failed to read scalar values: Failed to read register 40043 after 3 attempts: No communication with the instrument (no answer)
2026-01-01 14:31:11 - core.sensor_reader - INFO - [sensor_reader.py:266] - Modbus instrument initialized on COM8 (slave 1)
2026-01-01 14:31:11 - core.sensor_reader - INFO - [sensor_reader.py:225] - Sensor reader initialized with frequency 3200.0 Hz
2026-01-01 14:31:20 - core.sensor_reader - ERROR - [sensor_reader.py:408] - Failed to read scalar values: Failed to read register 40043 after 3 attempts: No communication with the instrument (no answer)
2026-01-01 14:31:26 - core.sensor_reader - WARNING - [sensor_reader.py:589] - Connection test failed, attempting reconnect: Failed to read register 40043 after 2 attempts: No communication with the instrument (no answer)
2026-01-01 14:31:26 - core.sensor_reader - INFO - [sensor_reader.py:266] - Modbus instrument initialized on COM8 (slave 1)
2026-01-01 14:31:35 - core.sensor_reader - ERROR - [sensor_reader.py:408] - Failed to read scalar values: Failed to read register 40043 after 3 attempts: No communication with the instrument (no answer)
2026-01-01 14:31:36 - core.sensor_reader - INFO - [sensor_reader.py:266] - Modbus instrument initialized on COM8 (slave 1)
2026-01-01 14:31:36 - core.sensor_reader - INFO - [sensor_reader.py:225] - Sensor reader initialized with frequency 3200.0 Hz
2026-01-01 14:31:45 - core.sensor_reader - ERROR - [sensor_reader.py:408] - Failed to read scalar values: Failed to read register 40043 after 3 attempts: No communication with the instrument (no answer)
2026-01-01 14:31:51 - core.sensor_reader - WARNING - [sensor_reader.py:589] - Connection test failed, attempting reconnect: Failed to read register 40043 after 2 attempts: No communication with the instrument (no answer)
2026-01-01 14:31:51 - core.sensor_reader - INFO - [sensor_reader.py:266] - Modbus instrument initialized on COM8 (slave 1)
2026-01-01 14:31:56 - core.sensor_reader - ERROR - [sensor_reader.py:408] - Failed to read scalar values: Failed to read register 40043 after 3 attempts: Checksum error in rtu mode: b'20' instead of b'h7' . The response is: b'-Net\t20' (plain response: b'-Net\t20')
