2025-12-29 00:17:14 - database.operational_db - INFO - [operational_db.py:96] - Operational database initialized successfully
2025-12-29 00:17:14 - core.sensor_reader - ERROR - [sensor_reader.py:633] - Sensor read error: Sensor reader not initialized
2025-12-29 00:17:14 - core.sensor_reader - ERROR - [sensor_reader.py:633] - Sensor read error: Sensor reader not initialized
2025-12-29 00:17:15 - core.sensor_reader - ERROR - [sensor_reader.py:633] - Sensor read error: Sensor reader not initialized
2025-12-29 00:17:15 - core.sensor_reader - ERROR - [sensor_reader.py:633] - Sensor read error: Sensor reader not initialized
2025-12-29 00:17:16 - core.sensor_reader - ERROR - [sensor_reader.py:633] - Sensor read error: Sensor reader not initialized
2025-12-29 00:17:16 - core.sensor_reader - ERROR - [sensor_reader.py:633] - Sensor read error: Sensor reader not initialized
2025-12-29 00:17:17 - core.sensor_reader - ERROR - [sensor_reader.py:633] - Sensor read error: Sensor reader not initialized
2025-12-29 00:17:17 - core.sensor_reader - ERROR - [sensor_reader.py:633] - Sensor read error: Sensor reader not initialized
2025-12-29 00:17:18 - core.sensor_reader - ERROR - [sensor_reader.py:633] - Sensor read error: Sensor reader not initialized
2025-12-29 00:17:18 - core.sensor_reader - ERROR - [sensor_reader.py:633] - Sensor read error: Sensor reader not initialized
2025-12-29 00:17:19 - core.sensor_reader - ERROR - [sensor_reader.py:633] - Sensor read error: Sensor reader not initialized
2025-12-29 00:17:19 - core.sensor_reader - ERROR - [sensor_reader.py:633] - Sensor read error: Sensor reader not initialized
2025-12-29 00:17:20 - core.sensor_reader - ERROR - [sensor_reader.py:633] - Sensor read error: Sensor reader not initialized
2025-12-29 00:17:20 - core.sensor_reader - ERROR - [sensor_reader.py:633] - Sensor read error: Sensor reader not initialized
2025-12-29 00:17:21 - core.sensor_reader - ERROR - [sensor_reader.py:633] - Sensor read error: Sensor reader not initialized
2025-12-29 00:17:21 - core.sensor_reader - ERROR - [sensor_reader.py:633] - Sensor read error: Sensor reader not initialized
2025-12-29 00:17:22 - core.sensor_reader - ERROR - [sensor_reader.py:633] - Sensor read error: Sensor reader not initialized
2025-12-29 00:17:22 - core.sensor_reader - ERROR - [sensor_reader.py:633] - Sensor read error: Sensor reader not initialized
2025-12-29 00:17:23 - core.sensor_reader - ERROR - [sensor_reader.py:633] - Sensor read error: Sensor reader not initialized
2025-12-29 00:17:23 - core.sensor_reader - ERROR - [sensor_reader.py:633] - Sensor read error: Sensor reader not initialized
2025-12-29 00:17:24 - core.sensor_reader - ERROR - [sensor_reader.py:633] - Sensor read error: Sensor reader not initialized
2025-12-29 00:17:24 - core.sensor_reader - ERROR - [sensor_reader.py:633] - Sensor read error: Sensor reader not initialized
2025-12-29 00:17:25 - core.sensor_reader - ERROR - [sensor_reader.py:633] - Sensor read error: Sensor reader not initialized
2025-12-29 00:17:25 - core.sensor_reader - ERROR - [sensor_reader.py:633] - Sensor read error: Sensor reader not initialized
2025-12-29 00:17:26 - core.sensor_reader - INFO - [sensor_reader.py:173] - Modbus instrument initialized on COM5 (slave 1)
2025-12-29 00:17:26 - core.sensor_reader - INFO - [sensor_reader.py:132] - Sensor reader initialized with frequency 3200.0 Hz
2025-12-29 00:17:35 - core.sensor_reader - ERROR - [sensor_reader.py:286] - Failed to read scalar values: Failed to read register 40043 after 3 attempts: No communication with the instrument (no answer)
2025-12-29 00:17:41 - core.sensor_reader - WARNING - [sensor_reader.py:468] - Connection test failed, attempting reconnect: Failed to read register 40043 after 2 attempts: No communication with the instrument (no answer)
2025-12-29 00:17:41 - core.sensor_reader - INFO - [sensor_reader.py:173] - Modbus instrument initialized on COM5 (slave 1)
2025-12-29 00:17:50 - core.sensor_reader - ERROR - [sensor_reader.py:286] - Failed to read scalar values: Failed to read register 40043 after 3 attempts: No communication with the instrument (no answer)
2025-12-29 00:17:51 - core.sensor_reader - INFO - [sensor_reader.py:173] - Modbus instrument initialized on COM5 (slave 1)
2025-12-29 00:17:51 - core.sensor_reader - INFO - [sensor_reader.py:132] - Sensor reader initialized with frequency 3200.0 Hz
2025-12-29 00:18:00 - core.sensor_reader - ERROR - [sensor_reader.py:286] - Failed to read scalar values: Failed to read register 40043 after 3 attempts: No communication with the instrument (no answer)
2025-12-29 00:18:00 - core.sensor_reader - INFO - [sensor_reader.py:173] - Modbus instrument initialized on COM5 (slave 1)
2025-12-29 00:18:00 - core.sensor_reader - INFO - [sensor_reader.py:132] - Sensor reader initialized with frequency 3200.0 Hz
2025-12-29 00:18:10 - core.sensor_reader - ERROR - [sensor_reader.py:286] - Failed to read scalar values: Failed to read register 40043 after 3 attempts: No communication with the instrument (no answer)
2025-12-29 00:18:10 - core.sensor_reader - INFO - [sensor_reader.py:173] - Modbus instrument initialized on COM5 (slave 1)
2025-12-29 00:18:10 - core.sensor_reader - INFO - [sensor_reader.py:132] - Sensor reader initialized with frequency 3200.0 Hz
2025-12-29 00:18:19 - core.sensor_reader - ERROR - [sensor_reader.py:286] - Failed to read scalar values: Failed to read register 40043 after 3 attempts: No communication with the instrument (no answer)
2025-12-29 00:18:25 - core.sensor_reader - WARNING - [sensor_reader.py:468] - Connection test failed, attempting reconnect: Failed to read register 40043 after 2 attempts: No communication with the instrument (no answer)
2025-12-29 00:18:25 - core.sensor_reader - INFO - [sensor_reader.py:173] - Modbus instrument initialized on COM5 (slave 1)
2025-12-29 00:18:35 - core.sensor_reader - ERROR - [sensor_reader.py:286] - Failed to read scalar values: Failed to read register 40043 after 3 attempts: No communication with the instrument (no answer)
2025-12-29 00:18:35 - core.sensor_reader - INFO - [sensor_reader.py:173] - Modbus instrument initialized on COM5 (slave 1)
2025-12-29 00:18:35 - core.sensor_reader - INFO - [sensor_reader.py:132] - Sensor reader initialized with frequency 3200.0 Hz
2025-12-29 00:18:44 - core.sensor_reader - ERROR - [sensor_reader.py:286] - Failed to read scalar values: Failed to read register 40043 after 3 attempts: No communication with the instrument (no answer)
2025-12-29 00:18:44 - core.sensor_reader - INFO - [sensor_reader.py:173] - Modbus instrument initialized on COM5 (slave 1)
2025-12-29 00:18:44 - core.sensor_reader - INFO - [sensor_reader.py:132] - Sensor reader initialized with frequency 3200.0 Hz
2025-12-29 00:18:54 - core.sensor_reader - ERROR - [sensor_reader.py:286] - Failed to read scalar values: Failed to read register 40043 after 3 attempts: No communication with the instrument (no answer)
2025-12-29 00:18:54 - core.sensor_reader - INFO - [sensor_reader.py:173] - Modbus instrument initialized on COM5 (slave 1)
2025-12-29 00:18:54 - core.sensor_reader - INFO - [sensor_reader.py:132] - Sensor reader initialized with frequency 3200.0 Hz
2025-12-29 00:19:03 - core.sensor_reader - ERROR - [sensor_reader.py:286] - Failed to read scalar values: Failed to read register 40043 after 3 attempts: No communication with the instrument (no answer)
2025-12-29 00:19:09 - core.sensor_reader - WARNING - [sensor_reader.py:468] - Connection test failed, attempting reconnect: Failed to read register 40043 after 2 attempts: No communication with the instrument (no answer)
2025-12-29 00:19:09 - core.sensor_reader - INFO - [sensor_reader.py:173] - Modbus instrument initialized on COM5 (slave 1)
2025-12-29 00:19:19 - core.sensor_reader - ERROR - [sensor_reader.py:286] - Failed to read scalar values: Failed to read register 40043 after 3 attempts: No communication with the instrument (no answer)
2025-12-29 00:19:19 - core.sensor_reader - INFO - [sensor_reader.py:173] - Modbus instrument initialized on COM5 (slave 1)
2025-12-29 00:19:19 - core.sensor_reader - INFO - [sensor_reader.py:132] - Sensor reader initialized with frequency 3200.0 Hz
2025-12-29 00:19:28 - core.sensor_reader - ERROR - [sensor_reader.py:286] - Failed to read scalar values: Failed to read register 40043 after 3 attempts: No communication with the instrument (no answer)
2025-12-29 00:19:29 - core.sensor_reader - INFO - [sensor_reader.py:173] - Modbus instrument initialized on COM5 (slave 1)
2025-12-29 00:19:29 - core.sensor_reader - INFO - [sensor_reader.py:132] - Sensor reader initialized with frequency 3200.0 Hz
2025-12-29 00:19:38 - core.sensor_reader - ERROR - [sensor_reader.py:286] - Failed to read scalar values: Failed to read register 40043 after 3 attempts: No communication with the instrument (no answer)
2025-12-29 00:19:38 - core.sensor_reader - INFO - [sensor_reader.py:173] - Modbus instrument initialized on COM5 (slave 1)
2025-12-29 00:19:38 - core.sensor_reader - INFO - [sensor_reader.py:132] - Sensor reader initialized with frequency 3200.0 Hz
2025-12-29 00:19:47 - core.sensor_reader - ERROR - [sensor_reader.py:286] - Failed to read scalar values: Failed to read register 40043 after 3 attempts: No communication with the instrument (no answer)
2025-12-29 00:19:54 - core.sensor_reader - WARNING - [sensor_reader.py:468] - Connection test failed, attempting reconnect: Failed to read register 40043 after 2 attempts: No communication with the instrument (no answer)
2025-12-29 00:19:54 - core.sensor_reader - INFO - [sensor_reader.py:173] - Modbus instrument initialized on COM5 (slave 1)
2025-12-29 00:20:03 - core.sensor_reader - ERROR - [sensor_reader.py:286] - Failed to read scalar values: Failed to read register 40043 after 3 attempts: No communication with the instrument (no answer)
2025-12-29 00:20:09 - core.sensor_reader - WARNING - [sensor_reader.py:468] - Connection test failed, attempting reconnect: Failed to read register 40043 after 2 attempts: No communication with the instrument (no answer)
2025-12-29 00:20:09 - core.sensor_reader - INFO - [sensor_reader.py:173] - Modbus instrument initialized on COM5 (slave 1)
2025-12-29 00:20:18 - core.sensor_reader - ERROR - [sensor_reader.py:286] - Failed to read scalar values: Failed to read register 40043 after 3 attempts: No communication with the instrument (no answer)
2025-12-29 00:20:25 - core.sensor_reader - WARNING - [sensor_reader.py:468] - Connection test failed, attempting reconnect: Failed to read register 40043 after 2 attempts: No communication with the instrument (no answer)
2025-12-29 00:20:25 - core.sensor_reader - INFO - [sensor_reader.py:173] - Modbus instrument initialized on COM5 (slave 1)
2025-12-29 00:20:34 - core.sensor_reader - ERROR - [sensor_reader.py:286] - Failed to read scalar values: Failed to read register 40043 after 3 attempts: No communication with the instrument (no answer)
2025-12-29 00:20:40 - core.sensor_reader - WARNING - [sensor_reader.py:468] - Connection test failed, attempting reconnect: Failed to read register 40043 after 2 attempts: No communication with the instrument (no answer)
2025-12-29 00:20:40 - core.sensor_reader - INFO - [sensor_reader.py:173] - Modbus instrument initialized on COM5 (slave 1)
2025-12-29 00:20:49 - core.sensor_reader - ERROR - [sensor_reader.py:286] - Failed to read scalar values: Failed to read register 40043 after 3 attempts: No communication with the instrument (no answer)
2025-12-29 00:20:56 - core.sensor_reader - WARNING - [sensor_reader.py:468] - Connection test failed, attempting reconnect: Failed to read register 40043 after 2 attempts: No communication with the instrument (no answer)
2025-12-29 00:20:56 - core.sensor_reader - INFO - [sensor_reader.py:173] - Modbus instrument initialized on COM5 (slave 1)
2025-12-29 00:21:05 - core.sensor_reader - ERROR - [sensor_reader.py:286] - Failed to read scalar values: Failed to read register 40043 after 3 attempts: No communication with the instrument (no answer)
2025-12-29 00:21:11 - core.sensor_reader - WARNING - [sensor_reader.py:468] - Connection test failed, attempting reconnect: Failed to read register 40043 after 2 attempts: No communication with the instrument (no answer)
2025-12-29 00:21:11 - core.sensor_reader - INFO - [sensor_reader.py:173] - Modbus instrument initialized on COM5 (slave 1)
2025-12-29 00:21:21 - core.sensor_reader - ERROR - [sensor_reader.py:286] - Failed to read scalar values: Failed to read register 40043 after 3 attempts: No communication with the instrument (no answer)
2025-12-29 00:21:27 - core.sensor_reader - WARNING - [sensor_reader.py:468] - Connection test failed, attempting reconnect: Failed to read register 40043 after 2 attempts: No communication with the instrument (no answer)
2025-12-29 00:21:27 - core.sensor_reader - INFO - [sensor_reader.py:173] - Modbus instrument initialized on COM5 (slave 1)
2025-12-29 00:21:36 - core.sensor_reader - ERROR - [sensor_reader.py:286] - Failed to read scalar values: Failed to read register 40043 after 3 attempts: No communication with the instrument (no answer)
2025-12-29 00:21:42 - core.sensor_reader - WARNING - [sensor_reader.py:468] - Connection test failed, attempting reconnect: Failed to read register 40043 after 2 attempts: No communication with the instrument (no answer)
2025-12-29 00:21:42 - core.sensor_reader - INFO - [sensor_reader.py:173] - Modbus instrument initialized on COM5 (slave 1)
2025-12-29 00:21:52 - core.sensor_reader - ERROR - [sensor_reader.py:286] - Failed to read scalar values: Failed to read register 40043 after 3 attempts: No communication with the instrument (no answer)
2025-12-29 00:21:58 - core.sensor_reader - WARNING - [sensor_reader.py:468] - Connection test failed, attempting reconnect: Failed to read register 40043 after 2 attempts: No communication with the instrument (no answer)
2025-12-29 00:21:58 - core.sensor_reader - INFO - [sensor_reader.py:173] - Modbus instrument initialized on COM5 (slave 1)
2025-12-29 00:22:07 - core.sensor_reader - ERROR - [sensor_reader.py:286] - Failed to read scalar values: Failed to read register 40043 after 3 attempts: No communication with the instrument (no answer)
2025-12-29 00:22:13 - core.sensor_reader - WARNING - [sensor_reader.py:468] - Connection test failed, attempting reconnect: Failed to read register 40043 after 2 attempts: No communication with the instrument (no answer)
2025-12-29 00:22:13 - core.sensor_reader - INFO - [sensor_reader.py:173] - Modbus instrument initialized on COM5 (slave 1)
2025-12-29 00:22:23 - core.sensor_reader - ERROR - [sensor_reader.py:286] - Failed to read scalar values: Failed to read register 40043 after 3 attempts: No communication with the instrument (no answer)
2025-12-29 00:22:29 - core.sensor_reader - WARNING - [sensor_reader.py:468] - Connection test failed, attempting reconnect: Failed to read register 40043 after 2 attempts: No communication with the instrument (no answer)
2025-12-29 00:22:29 - core.sensor_reader - INFO - [sensor_reader.py:173] - Modbus instrument initialized on COM5 (slave 1)
2025-12-29 00:22:38 - core.sensor_reader - ERROR - [sensor_reader.py:286] - Failed to read scalar values: Failed to read register 40043 after 3 attempts: No communication with the instrument (no answer)
2025-12-29 00:22:44 - core.sensor_reader - WARNING - [sensor_reader.py:468] - Connection test failed, attempting reconnect: Failed to read register 40043 after 2 attempts: No communication with the instrument (no answer)
2025-12-29 00:22:44 - core.sensor_reader - INFO - [sensor_reader.py:173] - Modbus instrument initialized on COM5 (slave 1)
2025-12-29 00:22:54 - core.sensor_reader - ERROR - [sensor_reader.py:286] - Failed to read scalar values: Failed to read register 40043 after 3 attempts: No communication with the instrument (no answer)
2025-12-29 00:23:00 - core.sensor_reader - WARNING - [sensor_reader.py:468] - Connection test failed, attempting reconnect: Failed to read register 40043 after 2 attempts: No communication with the instrument (no answer)
2025-12-29 00:23:00 - core.sensor_reader - INFO - [sensor_reader.py:173] - Modbus instrument initialized on COM5 (slave 1)
2025-12-29 00:23:09 - core.sensor_reader - ERROR - [sensor_reader.py:286] - Failed to read scalar values: Failed to read register 40043 after 3 attempts: No communication with the instrument (no answer)
2025-12-29 00:23:15 - core.sensor_reader - WARNING - [sensor_reader.py:468] - Connection test failed, attempting reconnect: Failed to read register 40043 after 2 attempts: No communication with the instrument (no answer)
2025-12-29 00:23:15 - core.sensor_reader - INFO - [sensor_reader.py:173] - Modbus instrument initialized on COM5 (slave 1)
2025-12-29 00:23:25 - core.sensor_reader - ERROR - [sensor_reader.py:286] - Failed to read scalar values: Failed to read register 40043 after 3 attempts: No communication with the instrument (no answer)
2025-12-29 00:23:31 - core.sensor_reader - WARNING - [sensor_reader.py:468] - Connection test failed, attempting reconnect: Failed to read register 40043 after 2 attempts: No communication with the instrument (no answer)
2025-12-29 00:23:31 - core.sensor_reader - INFO - [sensor_reader.py:173] - Modbus instrument initialized on COM5 (slave 1)
2025-12-29 00:23:40 - core.sensor_reader - ERROR - [sensor_reader.py:286] - Failed to read scalar values: Failed to read register 40043 after 3 attempts: No communication with the instrument (no answer)
2025-12-29 00:23:46 - core.sensor_reader - WARNING - [sensor_reader.py:468] - Connection test failed, attempting reconnect: Failed to read register 40043 after 2 attempts: No communication with the instrument (no answer)
2025-12-29 00:23:46 - core.sensor_reader - INFO - [sensor_reader.py:173] - Modbus instrument initialized on COM5 (slave 1)
2025-12-29 00:23:56 - core.sensor_reader - ERROR - [sensor_reader.py:286] - Failed to read scalar values: Failed to read register 40043 after 3 attempts: No communication with the instrument (no answer)
2025-12-29 00:24:02 - core.sensor_reader - WARNING - [sensor_reader.py:468] - Connection test failed, attempting reconnect: Failed to read register 40043 after 2 attempts: No communication with the instrument (no answer)
2025-12-29 00:24:02 - core.sensor_reader - INFO - [sensor_reader.py:173] - Modbus instrument initialized on COM5 (slave 1)
2025-12-29 00:24:11 - core.sensor_reader - ERROR - [sensor_reader.py:286] - Failed to read scalar values: Failed to read register 40043 after 3 attempts: No communication with the instrument (no answer)
2025-12-29 00:24:17 - core.sensor_reader - WARNING - [sensor_reader.py:468] - Connection test failed, attempting reconnect: Failed to read register 40043 after 2 attempts: No communication with the instrument (no answer)
2025-12-29 00:24:17 - core.sensor_reader - INFO - [sensor_reader.py:173] - Modbus instrument initialized on COM5 (slave 1)
2025-12-29 00:24:27 - core.sensor_reader - ERROR - [sensor_reader.py:286] - Failed to read scalar values: Failed to read register 40043 after 3 attempts: No communication with the instrument (no answer)
2025-12-29 00:24:33 - core.sensor_reader - WARNING - [sensor_reader.py:468] - Connection test failed, attempting reconnect: Failed to read register 40043 after 2 attempts: No communication with the instrument (no answer)
2025-12-29 00:24:33 - core.sensor_reader - INFO - [sensor_reader.py:173] - Modbus instrument initialized on COM5 (slave 1)
2025-12-29 00:24:42 - core.sensor_reader - ERROR - [sensor_reader.py:286] - Failed to read scalar values: Failed to read register 40043 after 3 attempts: No communication with the instrument (no answer)
2025-12-29 00:24:48 - core.sensor_reader - WARNING - [sensor_reader.py:468] - Connection test failed, attempting reconnect: Failed to read register 40043 after 2 attempts: No communication with the instrument (no answer)
2025-12-29 00:24:48 - core.sensor_reader - INFO - [sensor_reader.py:173] - Modbus instrument initialized on COM5 (slave 1)
2025-12-29 00:24:58 - core.sensor_reader - ERROR - [sensor_reader.py:286] - Failed to read scalar values: Failed to read register 40043 after 3 attempts: No communication with the instrument (no answer)
2025-12-29 00:25:04 - core.sensor_reader - WARNING - [sensor_reader.py:468] - Connection test failed, attempting reconnect: Failed to read register 40043 after 2 attempts: No communication with the instrument (no answer)
2025-12-29 00:25:04 - core.sensor_reader - INFO - [sensor_reader.py:173] - Modbus instrument initialized on COM5 (slave 1)
2025-12-29 00:25:13 - core.sensor_reader - ERROR - [sensor_reader.py:286] - Failed to read scalar values: Failed to read register 40043 after 3 attempts: No communication with the instrument (no answer)
