2026-01-07 18:36:58 - database.operational_db - INFO - [operational_db.py:96] - Operational database initialized successfully
2026-01-07 18:36:58 - core.sensor_reader - INFO - [sensor_reader.py:266] - Modbus instrument initialized on COM5 (slave 1)
2026-01-07 18:36:58 - core.sensor_reader - INFO - [sensor_reader.py:225] - Sensor reader initialized with frequency 3200.0 Hz
2026-01-07 18:37:01 - core.sensor_reader - ERROR - [sensor_reader.py:451] - Failed to read register block 43501: No communication with the instrument (no answer)
2026-01-07 18:37:01 - core.sensor_reader - WARNING - [sensor_reader.py:533] - Extended bands not supported by this sensor: Register block read failed: No communication with the instrument (no answer)
2026-01-07 18:37:02 - core.sensor_reader - WARNING - [sensor_reader.py:589] - Connection test failed, attempting reconnect: Failed to read register 40043 after 2 attempts: WriteFile failed (OSError(9, 'The handle is invalid.', None, 6))
2026-01-07 18:37:02 - core.sensor_reader - ERROR - [sensor_reader.py:269] - Failed to initialize Modbus instrument on COM5: Cannot configure port, something went wrong. Original message: OSError(9, 'The handle is invalid.', None, 6)
2026-01-07 18:37:02 - core.sensor_reader - INFO - [sensor_reader.py:266] - Modbus instrument initialized on COM5 (slave 1)
2026-01-07 18:37:02 - core.sensor_reader - INFO - [sensor_reader.py:225] - Sensor reader initialized with frequency 3200.0 Hz
2026-01-07 18:37:30 - core.sensor_reader - INFO - [sensor_reader.py:266] - Modbus instrument initialized on COM5 (slave 1)
2026-01-07 18:37:30 - core.sensor_reader - INFO - [sensor_reader.py:225] - Sensor reader initialized with frequency 3200.0 Hz
2026-01-07 18:37:32 - core.sensor_reader - INFO - [sensor_reader.py:266] - Modbus instrument initialized on COM5 (slave 1)
2026-01-07 18:37:32 - core.sensor_reader - INFO - [sensor_reader.py:225] - Sensor reader initialized with frequency 3200.0 Hz
2026-01-07 18:38:16 - core.sensor_reader - ERROR - [sensor_reader.py:408] - Failed to read scalar values: Failed to read register 42408 after 3 attempts: WriteFile failed (OSError(9, 'The handle is invalid.', None, 6))
2026-01-07 18:38:17 - core.sensor_reader - INFO - [sensor_reader.py:266] - Modbus instrument initialized on COM5 (slave 1)
2026-01-07 18:38:17 - core.sensor_reader - INFO - [sensor_reader.py:225] - Sensor reader initialized with frequency 3200.0 Hz
2026-01-07 18:38:24 - core.sensor_reader - INFO - [sensor_reader.py:266] - Modbus instrument initialized on COM5 (slave 1)
2026-01-07 18:38:24 - core.sensor_reader - INFO - [sensor_reader.py:225] - Sensor reader initialized with frequency 3200.0 Hz
2026-01-07 18:38:25 - core.sensor_reader - INFO - [sensor_reader.py:266] - Modbus instrument initialized on COM5 (slave 1)
2026-01-07 18:38:25 - core.sensor_reader - INFO - [sensor_reader.py:225] - Sensor reader initialized with frequency 3200.0 Hz
