2025-12-27 22:58:57 - core.sensor_reader - ERROR - [sensor_reader.py:176] - Failed to initialize Modbus instrument on COM3: could not open port 'COM3': OSError(22, 'The semaphore timeout period has expired.', None, 121)
2025-12-27 22:58:57 - core.sensor_reader - ERROR - [sensor_reader.py:134] - Failed to initialize sensor reader: Modbus init failed on COM3: could not open port 'COM3': OSError(22, 'The semaphore timeout period has expired.', None, 121)
2025-12-27 22:58:57 - core.sensor_reader - ERROR - [sensor_reader.py:593] - Failed to initialize reader: Initialization failed: Modbus init failed on COM3: could not open port 'COM3': OSError(22, 'The semaphore timeout period has expired.', None, 121)
2025-12-27 22:58:57 - core.sensor_reader - ERROR - [sensor_reader.py:627] - Sensor read error: Sensor reader not initialized
2025-12-27 22:58:58 - core.sensor_reader - ERROR - [sensor_reader.py:627] - Sensor read error: Sensor reader not initialized
2025-12-27 22:58:59 - core.sensor_reader - ERROR - [sensor_reader.py:627] - Sensor read error: Sensor reader not initialized
2025-12-27 22:59:00 - core.sensor_reader - ERROR - [sensor_reader.py:627] - Sensor read error: Sensor reader not initialized
2025-12-27 22:59:01 - core.sensor_reader - ERROR - [sensor_reader.py:627] - Sensor read error: Sensor reader not initialized
2025-12-27 22:59:02 - core.sensor_reader - ERROR - [sensor_reader.py:627] - Sensor read error: Sensor reader not initialized
2025-12-27 22:59:03 - core.sensor_reader - ERROR - [sensor_reader.py:627] - Sensor read error: Sensor reader not initialized
2025-12-27 22:59:04 - core.sensor_reader - ERROR - [sensor_reader.py:627] - Sensor read error: Sensor reader not initialized
2025-12-27 22:59:05 - core.sensor_reader - ERROR - [sensor_reader.py:627] - Sensor read error: Sensor reader not initialized
2025-12-27 22:59:06 - core.sensor_reader - ERROR - [sensor_reader.py:627] - Sensor read error: Sensor reader not initialized
2025-12-27 22:59:07 - core.sensor_reader - ERROR - [sensor_reader.py:627] - Sensor read error: Sensor reader not initialized
2025-12-27 22:59:08 - core.sensor_reader - ERROR - [sensor_reader.py:627] - Sensor read error: Sensor reader not initialized
2025-12-27 22:59:09 - core.sensor_reader - ERROR - [sensor_reader.py:627] - Sensor read error: Sensor reader not initialized
2025-12-27 22:59:10 - core.sensor_reader - ERROR - [sensor_reader.py:627] - Sensor read error: Sensor reader not initialized
2025-12-27 22:59:11 - core.sensor_reader - INFO - [sensor_reader.py:173] - Modbus instrument initialized on COM5 (slave 1)
2025-12-27 22:59:11 - core.sensor_reader - INFO - [sensor_reader.py:132] - Sensor reader initialized with frequency 3200.0 Hz
2025-12-27 22:59:15 - core.sensor_reader - ERROR - [sensor_reader.py:323] - Failed to read register block 43501: No communication with the instrument (no answer)
2025-12-27 22:59:15 - core.sensor_reader - WARNING - [sensor_reader.py:405] - Extended bands not supported by this sensor: Register block read failed: No communication with the instrument (no answer)
2025-12-27 22:59:15 - core.sensor_reader - INFO - [sensor_reader.py:173] - Modbus instrument initialized on COM5 (slave 1)
2025-12-27 22:59:15 - core.sensor_reader - INFO - [sensor_reader.py:132] - Sensor reader initialized with frequency 3200.0 Hz
2025-12-27 23:08:27 - core.sensor_reader - WARNING - [sensor_reader.py:462] - Connection test failed, attempting reconnect: Failed to read register 40043 after 2 attempts: No communication with the instrument (no answer)
2025-12-27 23:08:27 - core.sensor_reader - INFO - [sensor_reader.py:173] - Modbus instrument initialized on COM5 (slave 1)
2025-12-27 23:08:28 - core.sensor_reader - ERROR - [sensor_reader.py:280] - Failed to read scalar values: Failed to read register 40043 after 3 attempts: WriteFile failed (PermissionError(13, 'Access is denied.', None, 5))
2025-12-27 23:08:28 - core.sensor_reader - WARNING - [sensor_reader.py:462] - Connection test failed, attempting reconnect: Failed to read register 40043 after 2 attempts: WriteFile failed (PermissionError(13, 'Access is denied.', None, 5))
2025-12-27 23:08:28 - core.sensor_reader - ERROR - [sensor_reader.py:176] - Failed to initialize Modbus instrument on COM5: Cannot configure port, something went wrong. Original message: PermissionError(13, 'Access is denied.', None, 5)
2025-12-27 23:11:59 - core.sensor_reader - WARNING - [sensor_reader.py:462] - Connection test failed, attempting reconnect: Failed to read register 40043 after 2 attempts: WriteFile failed (PermissionError(13, 'Access is denied.', None, 5))
2025-12-27 23:11:59 - core.sensor_reader - ERROR - [sensor_reader.py:176] - Failed to initialize Modbus instrument on COM5: Cannot configure port, something went wrong. Original message: PermissionError(13, 'Access is denied.', None, 5)
2025-12-27 23:11:59 - core.sensor_reader - WARNING - [sensor_reader.py:462] - Connection test failed, attempting reconnect: Failed to read register 40043 after 2 attempts: WriteFile failed (PermissionError(13, 'Access is denied.', None, 5))
2025-12-27 23:11:59 - core.sensor_reader - ERROR - [sensor_reader.py:176] - Failed to initialize Modbus instrument on COM5: Cannot configure port, something went wrong. Original message: PermissionError(13, 'Access is denied.', None, 5)
2025-12-27 23:12:00 - core.sensor_reader - WARNING - [sensor_reader.py:462] - Connection test failed, attempting reconnect: Failed to read register 40043 after 2 attempts: WriteFile failed (PermissionError(13, 'Access is denied.', None, 5))
2025-12-27 23:12:00 - core.sensor_reader - ERROR - [sensor_reader.py:176] - Failed to initialize Modbus instrument on COM5: Cannot configure port, something went wrong. Original message: PermissionError(13, 'Access is denied.', None, 5)
2025-12-27 23:12:01 - core.sensor_reader - WARNING - [sensor_reader.py:462] - Connection test failed, attempting reconnect: Failed to read register 40043 after 2 attempts: WriteFile failed (PermissionError(13, 'Access is denied.', None, 5))
2025-12-27 23:12:01 - core.sensor_reader - ERROR - [sensor_reader.py:176] - Failed to initialize Modbus instrument on COM5: Cannot configure port, something went wrong. Original message: PermissionError(13, 'Access is denied.', None, 5)
2025-12-27 23:12:02 - core.sensor_reader - WARNING - [sensor_reader.py:462] - Connection test failed, attempting reconnect: Failed to read register 40043 after 2 attempts: WriteFile failed (PermissionError(13, 'Access is denied.', None, 5))
2025-12-27 23:12:02 - core.sensor_reader - ERROR - [sensor_reader.py:176] - Failed to initialize Modbus instrument on COM5: Cannot configure port, something went wrong. Original message: PermissionError(13, 'Access is denied.', None, 5)
2025-12-27 23:12:03 - core.sensor_reader - WARNING - [sensor_reader.py:462] - Connection test failed, attempting reconnect: Failed to read register 40043 after 2 attempts: WriteFile failed (PermissionError(13, 'Access is denied.', None, 5))
2025-12-27 23:12:03 - core.sensor_reader - ERROR - [sensor_reader.py:176] - Failed to initialize Modbus instrument on COM5: Cannot configure port, something went wrong. Original message: PermissionError(13, 'Access is denied.', None, 5)
2025-12-27 23:12:04 - core.sensor_reader - WARNING - [sensor_reader.py:462] - Connection test failed, attempting reconnect: Failed to read register 40043 after 2 attempts: WriteFile failed (PermissionError(13, 'Access is denied.', None, 5))
2025-12-27 23:12:04 - core.sensor_reader - ERROR - [sensor_reader.py:176] - Failed to initialize Modbus instrument on COM5: Cannot configure port, something went wrong. Original message: PermissionError(13, 'Access is denied.', None, 5)
2025-12-27 23:12:05 - core.sensor_reader - WARNING - [sensor_reader.py:462] - Connection test failed, attempting reconnect: Failed to read register 40043 after 2 attempts: WriteFile failed (PermissionError(13, 'Access is denied.', None, 5))
2025-12-27 23:12:05 - core.sensor_reader - ERROR - [sensor_reader.py:176] - Failed to initialize Modbus instrument on COM5: Cannot configure port, something went wrong. Original message: PermissionError(13, 'Access is denied.', None, 5)
2025-12-27 23:12:06 - core.sensor_reader - WARNING - [sensor_reader.py:462] - Connection test failed, attempting reconnect: Failed to read register 40043 after 2 attempts: WriteFile failed (PermissionError(13, 'Access is denied.', None, 5))
2025-12-27 23:12:06 - core.sensor_reader - ERROR - [sensor_reader.py:176] - Failed to initialize Modbus instrument on COM5: Cannot configure port, something went wrong. Original message: PermissionError(13, 'Access is denied.', None, 5)
2025-12-27 23:12:07 - core.sensor_reader - WARNING - [sensor_reader.py:462] - Connection test failed, attempting reconnect: Failed to read register 40043 after 2 attempts: WriteFile failed (PermissionError(13, 'Access is denied.', None, 5))
2025-12-27 23:12:07 - core.sensor_reader - ERROR - [sensor_reader.py:176] - Failed to initialize Modbus instrument on COM5: Cannot configure port, something went wrong. Original message: PermissionError(13, 'Access is denied.', None, 5)
2025-12-27 23:12:08 - core.sensor_reader - WARNING - [sensor_reader.py:462] - Connection test failed, attempting reconnect: Failed to read register 40043 after 2 attempts: WriteFile failed (PermissionError(13, 'Access is denied.', None, 5))
2025-12-27 23:12:08 - core.sensor_reader - ERROR - [sensor_reader.py:176] - Failed to initialize Modbus instrument on COM5: Cannot configure port, something went wrong. Original message: PermissionError(13, 'Access is denied.', None, 5)
2025-12-27 23:12:09 - core.sensor_reader - WARNING - [sensor_reader.py:462] - Connection test failed, attempting reconnect: Failed to read register 40043 after 2 attempts: WriteFile failed (PermissionError(13, 'Access is denied.', None, 5))
2025-12-27 23:12:09 - core.sensor_reader - ERROR - [sensor_reader.py:176] - Failed to initialize Modbus instrument on COM5: Cannot configure port, something went wrong. Original message: PermissionError(13, 'Access is denied.', None, 5)
2025-12-27 23:12:10 - core.sensor_reader - WARNING - [sensor_reader.py:462] - Connection test failed, attempting reconnect: Failed to read register 40043 after 2 attempts: WriteFile failed (PermissionError(13, 'Access is denied.', None, 5))
2025-12-27 23:12:10 - core.sensor_reader - ERROR - [sensor_reader.py:176] - Failed to initialize Modbus instrument on COM5: Cannot configure port, something went wrong. Original message: PermissionError(13, 'Access is denied.', None, 5)
2025-12-27 23:12:11 - core.sensor_reader - WARNING - [sensor_reader.py:462] - Connection test failed, attempting reconnect: Failed to read register 40043 after 2 attempts: WriteFile failed (PermissionError(13, 'Access is denied.', None, 5))
2025-12-27 23:12:11 - core.sensor_reader - ERROR - [sensor_reader.py:176] - Failed to initialize Modbus instrument on COM5: Cannot configure port, something went wrong. Original message: PermissionError(13, 'Access is denied.', None, 5)
2025-12-27 23:12:12 - core.sensor_reader - WARNING - [sensor_reader.py:462] - Connection test failed, attempting reconnect: Failed to read register 40043 after 2 attempts: WriteFile failed (PermissionError(13, 'Access is denied.', None, 5))
2025-12-27 23:12:12 - core.sensor_reader - ERROR - [sensor_reader.py:176] - Failed to initialize Modbus instrument on COM5: Cannot configure port, something went wrong. Original message: PermissionError(13, 'Access is denied.', None, 5)
2025-12-27 23:12:13 - core.sensor_reader - WARNING - [sensor_reader.py:462] - Connection test failed, attempting reconnect: Failed to read register 40043 after 2 attempts: WriteFile failed (PermissionError(13, 'Access is denied.', None, 5))
2025-12-27 23:12:13 - core.sensor_reader - ERROR - [sensor_reader.py:176] - Failed to initialize Modbus instrument on COM5: Cannot configure port, something went wrong. Original message: PermissionError(13, 'Access is denied.', None, 5)
2025-12-27 23:12:14 - core.sensor_reader - WARNING - [sensor_reader.py:462] - Connection test failed, attempting reconnect: Failed to read register 40043 after 2 attempts: WriteFile failed (PermissionError(13, 'Access is denied.', None, 5))
2025-12-27 23:12:14 - core.sensor_reader - ERROR - [sensor_reader.py:176] - Failed to initialize Modbus instrument on COM5: Cannot configure port, something went wrong. Original message: PermissionError(13, 'Access is denied.', None, 5)
2025-12-27 23:12:15 - core.sensor_reader - WARNING - [sensor_reader.py:462] - Connection test failed, attempting reconnect: Failed to read register 40043 after 2 attempts: WriteFile failed (PermissionError(13, 'Access is denied.', None, 5))
2025-12-27 23:12:15 - core.sensor_reader - ERROR - [sensor_reader.py:176] - Failed to initialize Modbus instrument on COM5: Cannot configure port, something went wrong. Original message: PermissionError(13, 'Access is denied.', None, 5)
2025-12-27 23:12:16 - core.sensor_reader - WARNING - [sensor_reader.py:462] - Connection test failed, attempting reconnect: Failed to read register 40043 after 2 attempts: WriteFile failed (PermissionError(13, 'Access is denied.', None, 5))
2025-12-27 23:12:16 - core.sensor_reader - ERROR - [sensor_reader.py:176] - Failed to initialize Modbus instrument on COM5: Cannot configure port, something went wrong. Original message: PermissionError(13, 'Access is denied.', None, 5)
2025-12-27 23:12:17 - core.sensor_reader - WARNING - [sensor_reader.py:462] - Connection test failed, attempting reconnect: Failed to read register 40043 after 2 attempts: WriteFile failed (PermissionError(13, 'Access is denied.', None, 5))
2025-12-27 23:12:17 - core.sensor_reader - ERROR - [sensor_reader.py:176] - Failed to initialize Modbus instrument on COM5: Cannot configure port, something went wrong. Original message: PermissionError(13, 'Access is denied.', None, 5)
2025-12-27 23:12:18 - core.sensor_reader - WARNING - [sensor_reader.py:462] - Connection test failed, attempting reconnect: Failed to read register 40043 after 2 attempts: WriteFile failed (PermissionError(13, 'Access is denied.', None, 5))
2025-12-27 23:12:18 - core.sensor_reader - ERROR - [sensor_reader.py:176] - Failed to initialize Modbus instrument on COM5: Cannot configure port, something went wrong. Original message: PermissionError(13, 'Access is denied.', None, 5)
2025-12-27 23:12:19 - core.sensor_reader - WARNING - [sensor_reader.py:462] - Connection test failed, attempting reconnect: Failed to read register 40043 after 2 attempts: WriteFile failed (PermissionError(13, 'Access is denied.', None, 5))
2025-12-27 23:12:19 - core.sensor_reader - ERROR - [sensor_reader.py:176] - Failed to initialize Modbus instrument on COM5: Cannot configure port, something went wrong. Original message: PermissionError(13, 'Access is denied.', None, 5)
2025-12-27 23:12:20 - core.sensor_reader - WARNING - [sensor_reader.py:462] - Connection test failed, attempting reconnect: Failed to read register 40043 after 2 attempts: WriteFile failed (PermissionError(13, 'Access is denied.', None, 5))
2025-12-27 23:12:20 - core.sensor_reader - ERROR - [sensor_reader.py:176] - Failed to initialize Modbus instrument on COM5: Cannot configure port, something went wrong. Original message: PermissionError(13, 'Access is denied.', None, 5)
2025-12-27 23:12:21 - core.sensor_reader - WARNING - [sensor_reader.py:462] - Connection test failed, attempting reconnect: Failed to read register 40043 after 2 attempts: WriteFile failed (PermissionError(13, 'Access is denied.', None, 5))
2025-12-27 23:12:21 - core.sensor_reader - ERROR - [sensor_reader.py:176] - Failed to initialize Modbus instrument on COM5: Cannot configure port, something went wrong. Original message: PermissionError(13, 'Access is denied.', None, 5)
2025-12-27 23:12:22 - core.sensor_reader - WARNING - [sensor_reader.py:462] - Connection test failed, attempting reconnect: Failed to read register 40043 after 2 attempts: WriteFile failed (PermissionError(13, 'Access is denied.', None, 5))
2025-12-27 23:12:22 - core.sensor_reader - ERROR - [sensor_reader.py:176] - Failed to initialize Modbus instrument on COM5: Cannot configure port, something went wrong. Original message: PermissionError(13, 'Access is denied.', None, 5)
2025-12-27 23:12:23 - core.sensor_reader - WARNING - [sensor_reader.py:462] - Connection test failed, attempting reconnect: Failed to read register 40043 after 2 attempts: WriteFile failed (PermissionError(13, 'Access is denied.', None, 5))
2025-12-27 23:12:23 - core.sensor_reader - ERROR - [sensor_reader.py:176] - Failed to initialize Modbus instrument on COM5: Cannot configure port, something went wrong. Original message: PermissionError(13, 'Access is denied.', None, 5)
2025-12-27 23:12:24 - core.sensor_reader - WARNING - [sensor_reader.py:462] - Connection test failed, attempting reconnect: Failed to read register 40043 after 2 attempts: WriteFile failed (PermissionError(13, 'Access is denied.', None, 5))
2025-12-27 23:12:24 - core.sensor_reader - ERROR - [sensor_reader.py:176] - Failed to initialize Modbus instrument on COM5: Cannot configure port, something went wrong. Original message: PermissionError(13, 'Access is denied.', None, 5)
2025-12-27 23:12:25 - core.sensor_reader - WARNING - [sensor_reader.py:462] - Connection test failed, attempting reconnect: Failed to read register 40043 after 2 attempts: WriteFile failed (PermissionError(13, 'Access is denied.', None, 5))
2025-12-27 23:12:25 - core.sensor_reader - ERROR - [sensor_reader.py:176] - Failed to initialize Modbus instrument on COM5: Cannot configure port, something went wrong. Original message: PermissionError(13, 'Access is denied.', None, 5)
2025-12-27 23:12:26 - core.sensor_reader - WARNING - [sensor_reader.py:462] - Connection test failed, attempting reconnect: Failed to read register 40043 after 2 attempts: WriteFile failed (PermissionError(13, 'Access is denied.', None, 5))
2025-12-27 23:12:26 - core.sensor_reader - ERROR - [sensor_reader.py:176] - Failed to initialize Modbus instrument on COM5: Cannot configure port, something went wrong. Original message: PermissionError(13, 'Access is denied.', None, 5)
2025-12-27 23:12:27 - core.sensor_reader - WARNING - [sensor_reader.py:462] - Connection test failed, attempting reconnect: Failed to read register 40043 after 2 attempts: WriteFile failed (PermissionError(13, 'Access is denied.', None, 5))
2025-12-27 23:12:27 - core.sensor_reader - ERROR - [sensor_reader.py:176] - Failed to initialize Modbus instrument on COM5: Cannot configure port, something went wrong. Original message: PermissionError(13, 'Access is denied.', None, 5)
2025-12-27 23:12:28 - core.sensor_reader - WARNING - [sensor_reader.py:462] - Connection test failed, attempting reconnect: Failed to read register 40043 after 2 attempts: WriteFile failed (PermissionError(13, 'Access is denied.', None, 5))
2025-12-27 23:12:28 - core.sensor_reader - ERROR - [sensor_reader.py:176] - Failed to initialize Modbus instrument on COM5: Cannot configure port, something went wrong. Original message: PermissionError(13, 'Access is denied.', None, 5)
2025-12-27 23:12:29 - core.sensor_reader - WARNING - [sensor_reader.py:462] - Connection test failed, attempting reconnect: Failed to read register 40043 after 2 attempts: WriteFile failed (PermissionError(13, 'Access is denied.', None, 5))
2025-12-27 23:12:29 - core.sensor_reader - ERROR - [sensor_reader.py:176] - Failed to initialize Modbus instrument on COM5: Cannot configure port, something went wrong. Original message: PermissionError(13, 'Access is denied.', None, 5)
2025-12-27 23:12:30 - core.sensor_reader - WARNING - [sensor_reader.py:462] - Connection test failed, attempting reconnect: Failed to read register 40043 after 2 attempts: WriteFile failed (PermissionError(13, 'Access is denied.', None, 5))
2025-12-27 23:12:30 - core.sensor_reader - ERROR - [sensor_reader.py:176] - Failed to initialize Modbus instrument on COM5: Cannot configure port, something went wrong. Original message: PermissionError(13, 'Access is denied.', None, 5)
2025-12-27 23:12:31 - core.sensor_reader - WARNING - [sensor_reader.py:462] - Connection test failed, attempting reconnect: Failed to read register 40043 after 2 attempts: WriteFile failed (PermissionError(13, 'Access is denied.', None, 5))
2025-12-27 23:12:31 - core.sensor_reader - ERROR - [sensor_reader.py:176] - Failed to initialize Modbus instrument on COM5: Cannot configure port, something went wrong. Original message: PermissionError(13, 'Access is denied.', None, 5)
2025-12-27 23:12:32 - core.sensor_reader - WARNING - [sensor_reader.py:462] - Connection test failed, attempting reconnect: Failed to read register 40043 after 2 attempts: WriteFile failed (PermissionError(13, 'Access is denied.', None, 5))
2025-12-27 23:12:32 - core.sensor_reader - ERROR - [sensor_reader.py:176] - Failed to initialize Modbus instrument on COM5: Cannot configure port, something went wrong. Original message: PermissionError(13, 'Access is denied.', None, 5)
2025-12-27 23:12:33 - core.sensor_reader - WARNING - [sensor_reader.py:462] - Connection test failed, attempting reconnect: Failed to read register 40043 after 2 attempts: WriteFile failed (PermissionError(13, 'Access is denied.', None, 5))
2025-12-27 23:12:33 - core.sensor_reader - ERROR - [sensor_reader.py:176] - Failed to initialize Modbus instrument on COM5: Cannot configure port, something went wrong. Original message: PermissionError(13, 'Access is denied.', None, 5)
2025-12-27 23:12:34 - core.sensor_reader - WARNING - [sensor_reader.py:462] - Connection test failed, attempting reconnect: Failed to read register 40043 after 2 attempts: WriteFile failed (PermissionError(13, 'Access is denied.', None, 5))
2025-12-27 23:12:34 - core.sensor_reader - ERROR - [sensor_reader.py:176] - Failed to initialize Modbus instrument on COM5: Cannot configure port, something went wrong. Original message: PermissionError(13, 'Access is denied.', None, 5)
2025-12-27 23:12:35 - core.sensor_reader - WARNING - [sensor_reader.py:462] - Connection test failed, attempting reconnect: Failed to read register 40043 after 2 attempts: WriteFile failed (PermissionError(13, 'Access is denied.', None, 5))
2025-12-27 23:12:35 - core.sensor_reader - ERROR - [sensor_reader.py:176] - Failed to initialize Modbus instrument on COM5: Cannot configure port, something went wrong. Original message: PermissionError(13, 'Access is denied.', None, 5)
2025-12-27 23:12:36 - core.sensor_reader - WARNING - [sensor_reader.py:462] - Connection test failed, attempting reconnect: Failed to read register 40043 after 2 attempts: WriteFile failed (PermissionError(13, 'Access is denied.', None, 5))
2025-12-27 23:12:36 - core.sensor_reader - ERROR - [sensor_reader.py:176] - Failed to initialize Modbus instrument on COM5: Cannot configure port, something went wrong. Original message: PermissionError(13, 'Access is denied.', None, 5)
2025-12-27 23:12:37 - core.sensor_reader - WARNING - [sensor_reader.py:462] - Connection test failed, attempting reconnect: Failed to read register 40043 after 2 attempts: WriteFile failed (PermissionError(13, 'Access is denied.', None, 5))
2025-12-27 23:12:37 - core.sensor_reader - ERROR - [sensor_reader.py:176] - Failed to initialize Modbus instrument on COM5: Cannot configure port, something went wrong. Original message: PermissionError(13, 'Access is denied.', None, 5)
2025-12-27 23:12:38 - core.sensor_reader - WARNING - [sensor_reader.py:462] - Connection test failed, attempting reconnect: Failed to read register 40043 after 2 attempts: WriteFile failed (PermissionError(13, 'Access is denied.', None, 5))
2025-12-27 23:12:38 - core.sensor_reader - ERROR - [sensor_reader.py:176] - Failed to initialize Modbus instrument on COM5: Cannot configure port, something went wrong. Original message: PermissionError(13, 'Access is denied.', None, 5)
2025-12-27 23:12:39 - core.sensor_reader - WARNING - [sensor_reader.py:462] - Connection test failed, attempting reconnect: Failed to read register 40043 after 2 attempts: WriteFile failed (PermissionError(13, 'Access is denied.', None, 5))
2025-12-27 23:12:39 - core.sensor_reader - ERROR - [sensor_reader.py:176] - Failed to initialize Modbus instrument on COM5: Cannot configure port, something went wrong. Original message: PermissionError(13, 'Access is denied.', None, 5)
2025-12-27 23:12:40 - core.sensor_reader - WARNING - [sensor_reader.py:462] - Connection test failed, attempting reconnect: Failed to read register 40043 after 2 attempts: WriteFile failed (PermissionError(13, 'Access is denied.', None, 5))
2025-12-27 23:12:40 - core.sensor_reader - ERROR - [sensor_reader.py:176] - Failed to initialize Modbus instrument on COM5: Cannot configure port, something went wrong. Original message: PermissionError(13, 'Access is denied.', None, 5)
2025-12-27 23:12:41 - core.sensor_reader - WARNING - [sensor_reader.py:462] - Connection test failed, attempting reconnect: Failed to read register 40043 after 2 attempts: WriteFile failed (PermissionError(13, 'Access is denied.', None, 5))
2025-12-27 23:12:41 - core.sensor_reader - ERROR - [sensor_reader.py:176] - Failed to initialize Modbus instrument on COM5: Cannot configure port, something went wrong. Original message: PermissionError(13, 'Access is denied.', None, 5)
2025-12-27 23:12:42 - core.sensor_reader - WARNING - [sensor_reader.py:462] - Connection test failed, attempting reconnect: Failed to read register 40043 after 2 attempts: WriteFile failed (PermissionError(13, 'Access is denied.', None, 5))
2025-12-27 23:12:42 - core.sensor_reader - ERROR - [sensor_reader.py:176] - Failed to initialize Modbus instrument on COM5: Cannot configure port, something went wrong. Original message: PermissionError(13, 'Access is denied.', None, 5)
2025-12-27 23:12:43 - core.sensor_reader - WARNING - [sensor_reader.py:462] - Connection test failed, attempting reconnect: Failed to read register 40043 after 2 attempts: WriteFile failed (PermissionError(13, 'Access is denied.', None, 5))
2025-12-27 23:12:43 - core.sensor_reader - ERROR - [sensor_reader.py:176] - Failed to initialize Modbus instrument on COM5: Cannot configure port, something went wrong. Original message: PermissionError(13, 'Access is denied.', None, 5)
2025-12-27 23:12:44 - core.sensor_reader - WARNING - [sensor_reader.py:462] - Connection test failed, attempting reconnect: Failed to read register 40043 after 2 attempts: WriteFile failed (PermissionError(13, 'Access is denied.', None, 5))
2025-12-27 23:12:44 - core.sensor_reader - ERROR - [sensor_reader.py:176] - Failed to initialize Modbus instrument on COM5: Cannot configure port, something went wrong. Original message: PermissionError(13, 'Access is denied.', None, 5)
2025-12-27 23:12:45 - core.sensor_reader - WARNING - [sensor_reader.py:462] - Connection test failed, attempting reconnect: Failed to read register 40043 after 2 attempts: WriteFile failed (PermissionError(13, 'Access is denied.', None, 5))
2025-12-27 23:12:45 - core.sensor_reader - ERROR - [sensor_reader.py:176] - Failed to initialize Modbus instrument on COM5: Cannot configure port, something went wrong. Original message: PermissionError(13, 'Access is denied.', None, 5)
2025-12-27 23:12:46 - core.sensor_reader - WARNING - [sensor_reader.py:462] - Connection test failed, attempting reconnect: Failed to read register 40043 after 2 attempts: WriteFile failed (PermissionError(13, 'Access is denied.', None, 5))
2025-12-27 23:12:46 - core.sensor_reader - ERROR - [sensor_reader.py:176] - Failed to initialize Modbus instrument on COM5: Cannot configure port, something went wrong. Original message: PermissionError(13, 'Access is denied.', None, 5)
2025-12-27 23:12:47 - core.sensor_reader - WARNING - [sensor_reader.py:462] - Connection test failed, attempting reconnect: Failed to read register 40043 after 2 attempts: WriteFile failed (PermissionError(13, 'Access is denied.', None, 5))
2025-12-27 23:12:47 - core.sensor_reader - ERROR - [sensor_reader.py:176] - Failed to initialize Modbus instrument on COM5: Cannot configure port, something went wrong. Original message: PermissionError(13, 'Access is denied.', None, 5)
2025-12-27 23:12:48 - core.sensor_reader - WARNING - [sensor_reader.py:462] - Connection test failed, attempting reconnect: Failed to read register 40043 after 2 attempts: WriteFile failed (PermissionError(13, 'Access is denied.', None, 5))
2025-12-27 23:12:48 - core.sensor_reader - ERROR - [sensor_reader.py:176] - Failed to initialize Modbus instrument on COM5: Cannot configure port, something went wrong. Original message: PermissionError(13, 'Access is denied.', None, 5)
2025-12-27 23:12:49 - core.sensor_reader - WARNING - [sensor_reader.py:462] - Connection test failed, attempting reconnect: Failed to read register 40043 after 2 attempts: WriteFile failed (PermissionError(13, 'Access is denied.', None, 5))
2025-12-27 23:12:49 - core.sensor_reader - ERROR - [sensor_reader.py:176] - Failed to initialize Modbus instrument on COM5: Cannot configure port, something went wrong. Original message: PermissionError(13, 'Access is denied.', None, 5)
2025-12-27 23:12:50 - core.sensor_reader - WARNING - [sensor_reader.py:462] - Connection test failed, attempting reconnect: Failed to read register 40043 after 2 attempts: WriteFile failed (PermissionError(13, 'Access is denied.', None, 5))
2025-12-27 23:12:50 - core.sensor_reader - ERROR - [sensor_reader.py:176] - Failed to initialize Modbus instrument on COM5: Cannot configure port, something went wrong. Original message: PermissionError(13, 'Access is denied.', None, 5)
