2025-12-28 23:54:41 - database.operational_db - INFO - [operational_db.py:96] - Operational database initialized successfully
2025-12-28 23:54:42 - core.sensor_reader - INFO - [sensor_reader.py:173] - Modbus instrument initialized on COM5 (slave 1)
2025-12-28 23:54:42 - core.sensor_reader - INFO - [sensor_reader.py:132] - Sensor reader initialized with frequency 3200.0 Hz
2025-12-28 23:54:48 - core.sensor_reader - WARNING - [sensor_reader.py:468] - Connection test failed, attempting reconnect: Failed to read register 40043 after 2 attempts: No communication with the instrument (no answer)
2025-12-28 23:54:48 - core.sensor_reader - INFO - [sensor_reader.py:173] - Modbus instrument initialized on COM5 (slave 1)
2025-12-28 23:54:57 - core.sensor_reader - ERROR - [sensor_reader.py:286] - Failed to read scalar values: Failed to read register 40043 after 3 attempts: No communication with the instrument (no answer)
2025-12-28 23:54:57 - core.sensor_reader - INFO - [sensor_reader.py:173] - Modbus instrument initialized on COM5 (slave 1)
2025-12-28 23:54:57 - core.sensor_reader - INFO - [sensor_reader.py:132] - Sensor reader initialized with frequency 3200.0 Hz
2025-12-28 23:55:07 - core.sensor_reader - ERROR - [sensor_reader.py:286] - Failed to read scalar values: Failed to read register 40043 after 3 attempts: No communication with the instrument (no answer)
2025-12-28 23:55:13 - core.sensor_reader - WARNING - [sensor_reader.py:468] - Connection test failed, attempting reconnect: Failed to read register 40043 after 2 attempts: No communication with the instrument (no answer)
2025-12-28 23:55:13 - core.sensor_reader - INFO - [sensor_reader.py:173] - Modbus instrument initialized on COM5 (slave 1)
2025-12-28 23:55:22 - core.sensor_reader - ERROR - [sensor_reader.py:286] - Failed to read scalar values: Failed to read register 40043 after 3 attempts: No communication with the instrument (no answer)
2025-12-28 23:55:22 - core.sensor_reader - INFO - [sensor_reader.py:173] - Modbus instrument initialized on COM5 (slave 1)
2025-12-28 23:55:22 - core.sensor_reader - INFO - [sensor_reader.py:132] - Sensor reader initialized with frequency 3200.0 Hz
2025-12-28 23:55:32 - core.sensor_reader - ERROR - [sensor_reader.py:286] - Failed to read scalar values: Failed to read register 40043 after 3 attempts: No communication with the instrument (no answer)
2025-12-28 23:55:32 - core.sensor_reader - INFO - [sensor_reader.py:173] - Modbus instrument initialized on COM5 (slave 1)
2025-12-28 23:55:32 - core.sensor_reader - INFO - [sensor_reader.py:132] - Sensor reader initialized with frequency 3200.0 Hz
2025-12-28 23:55:41 - core.sensor_reader - ERROR - [sensor_reader.py:286] - Failed to read scalar values: Failed to read register 40043 after 3 attempts: No communication with the instrument (no answer)
2025-12-28 23:55:41 - core.sensor_reader - INFO - [sensor_reader.py:173] - Modbus instrument initialized on COM5 (slave 1)
2025-12-28 23:55:41 - core.sensor_reader - INFO - [sensor_reader.py:132] - Sensor reader initialized with frequency 3200.0 Hz
2025-12-28 23:55:51 - core.sensor_reader - ERROR - [sensor_reader.py:286] - Failed to read scalar values: Failed to read register 40043 after 3 attempts: No communication with the instrument (no answer)
2025-12-28 23:55:57 - core.sensor_reader - WARNING - [sensor_reader.py:468] - Connection test failed, attempting reconnect: Failed to read register 40043 after 2 attempts: No communication with the instrument (no answer)
2025-12-28 23:55:57 - core.sensor_reader - INFO - [sensor_reader.py:173] - Modbus instrument initialized on COM5 (slave 1)
2025-12-28 23:56:06 - core.sensor_reader - ERROR - [sensor_reader.py:286] - Failed to read scalar values: Failed to read register 40043 after 3 attempts: No communication with the instrument (no answer)
2025-12-28 23:56:07 - core.sensor_reader - INFO - [sensor_reader.py:173] - Modbus instrument initialized on COM5 (slave 1)
2025-12-28 23:56:07 - core.sensor_reader - INFO - [sensor_reader.py:132] - Sensor reader initialized with frequency 3200.0 Hz
2025-12-28 23:56:16 - core.sensor_reader - ERROR - [sensor_reader.py:286] - Failed to read scalar values: Failed to read register 40043 after 3 attempts: No communication with the instrument (no answer)
2025-12-28 23:56:16 - core.sensor_reader - INFO - [sensor_reader.py:173] - Modbus instrument initialized on COM5 (slave 1)
2025-12-28 23:56:16 - core.sensor_reader - INFO - [sensor_reader.py:132] - Sensor reader initialized with frequency 3200.0 Hz
2025-12-28 23:56:25 - core.sensor_reader - ERROR - [sensor_reader.py:286] - Failed to read scalar values: Failed to read register 40043 after 3 attempts: No communication with the instrument (no answer)
2025-12-28 23:56:32 - core.sensor_reader - WARNING - [sensor_reader.py:468] - Connection test failed, attempting reconnect: Failed to read register 40043 after 2 attempts: No communication with the instrument (no answer)
2025-12-28 23:56:32 - core.sensor_reader - INFO - [sensor_reader.py:173] - Modbus instrument initialized on COM5 (slave 1)
2025-12-28 23:56:41 - core.sensor_reader - ERROR - [sensor_reader.py:286] - Failed to read scalar values: Failed to read register 40043 after 3 attempts: No communication with the instrument (no answer)
2025-12-28 23:56:41 - core.sensor_reader - INFO - [sensor_reader.py:173] - Modbus instrument initialized on COM5 (slave 1)
2025-12-28 23:56:41 - core.sensor_reader - INFO - [sensor_reader.py:132] - Sensor reader initialized with frequency 3200.0 Hz
2025-12-28 23:56:50 - core.sensor_reader - ERROR - [sensor_reader.py:286] - Failed to read scalar values: Failed to read register 40043 after 3 attempts: No communication with the instrument (no answer)
2025-12-28 23:56:57 - core.sensor_reader - WARNING - [sensor_reader.py:468] - Connection test failed, attempting reconnect: Failed to read register 40043 after 2 attempts: No communication with the instrument (no answer)
2025-12-28 23:56:57 - core.sensor_reader - INFO - [sensor_reader.py:173] - Modbus instrument initialized on COM5 (slave 1)
2025-12-28 23:57:06 - core.sensor_reader - ERROR - [sensor_reader.py:286] - Failed to read scalar values: Failed to read register 40043 after 3 attempts: No communication with the instrument (no answer)
2025-12-28 23:57:06 - core.sensor_reader - INFO - [sensor_reader.py:173] - Modbus instrument initialized on COM5 (slave 1)
2025-12-28 23:57:06 - core.sensor_reader - INFO - [sensor_reader.py:132] - Sensor reader initialized with frequency 3200.0 Hz
2025-12-28 23:57:16 - core.sensor_reader - ERROR - [sensor_reader.py:286] - Failed to read scalar values: Failed to read register 40043 after 3 attempts: No communication with the instrument (no answer)
2025-12-28 23:57:22 - core.sensor_reader - WARNING - [sensor_reader.py:468] - Connection test failed, attempting reconnect: Failed to read register 40043 after 2 attempts: No communication with the instrument (no answer)
2025-12-28 23:57:22 - core.sensor_reader - INFO - [sensor_reader.py:173] - Modbus instrument initialized on COM5 (slave 1)
2025-12-28 23:57:31 - core.sensor_reader - ERROR - [sensor_reader.py:286] - Failed to read scalar values: Failed to read register 40043 after 3 attempts: No communication with the instrument (no answer)
