2025-12-29 00:08:17 - database.operational_db - INFO - [operational_db.py:96] - Operational database initialized successfully
2025-12-29 00:08:17 - core.sensor_reader - ERROR - [sensor_reader.py:633] - Sensor read error: Sensor reader not initialized
2025-12-29 00:08:17 - core.sensor_reader - ERROR - [sensor_reader.py:633] - Sensor read error: Sensor reader not initialized
2025-12-29 00:08:18 - core.sensor_reader - ERROR - [sensor_reader.py:633] - Sensor read error: Sensor reader not initialized
2025-12-29 00:08:18 - core.sensor_reader - ERROR - [sensor_reader.py:633] - Sensor read error: Sensor reader not initialized
2025-12-29 00:08:19 - core.sensor_reader - ERROR - [sensor_reader.py:633] - Sensor read error: Sensor reader not initialized
2025-12-29 00:08:19 - core.sensor_reader - ERROR - [sensor_reader.py:633] - Sensor read error: Sensor reader not initialized
2025-12-29 00:08:20 - core.sensor_reader - ERROR - [sensor_reader.py:633] - Sensor read error: Sensor reader not initialized
2025-12-29 00:08:20 - core.sensor_reader - ERROR - [sensor_reader.py:633] - Sensor read error: Sensor reader not initialized
2025-12-29 00:08:21 - core.sensor_reader - ERROR - [sensor_reader.py:633] - Sensor read error: Sensor reader not initialized
2025-12-29 00:08:21 - core.sensor_reader - ERROR - [sensor_reader.py:633] - Sensor read error: Sensor reader not initialized
2025-12-29 00:08:22 - core.sensor_reader - ERROR - [sensor_reader.py:633] - Sensor read error: Sensor reader not initialized
2025-12-29 00:08:22 - core.sensor_reader - ERROR - [sensor_reader.py:633] - Sensor read error: Sensor reader not initialized
2025-12-29 00:08:23 - core.sensor_reader - ERROR - [sensor_reader.py:633] - Sensor read error: Sensor reader not initialized
2025-12-29 00:08:23 - core.sensor_reader - ERROR - [sensor_reader.py:633] - Sensor read error: Sensor reader not initialized
2025-12-29 00:08:24 - core.sensor_reader - ERROR - [sensor_reader.py:633] - Sensor read error: Sensor reader not initialized
2025-12-29 00:08:24 - core.sensor_reader - ERROR - [sensor_reader.py:633] - Sensor read error: Sensor reader not initialized
2025-12-29 00:08:25 - core.sensor_reader - ERROR - [sensor_reader.py:633] - Sensor read error: Sensor reader not initialized
2025-12-29 00:08:25 - core.sensor_reader - ERROR - [sensor_reader.py:633] - Sensor read error: Sensor reader not initialized
2025-12-29 00:08:26 - core.sensor_reader - ERROR - [sensor_reader.py:633] - Sensor read error: Sensor reader not initialized
2025-12-29 00:08:26 - core.sensor_reader - ERROR - [sensor_reader.py:633] - Sensor read error: Sensor reader not initialized
2025-12-29 00:08:27 - core.sensor_reader - ERROR - [sensor_reader.py:633] - Sensor read error: Sensor reader not initialized
2025-12-29 00:08:27 - core.sensor_reader - ERROR - [sensor_reader.py:633] - Sensor read error: Sensor reader not initialized
2025-12-29 00:08:28 - core.sensor_reader - ERROR - [sensor_reader.py:633] - Sensor read error: Sensor reader not initialized
2025-12-29 00:08:28 - core.sensor_reader - ERROR - [sensor_reader.py:633] - Sensor read error: Sensor reader not initialized
2025-12-29 00:08:29 - core.sensor_reader - ERROR - [sensor_reader.py:633] - Sensor read error: Sensor reader not initialized
2025-12-29 00:08:29 - core.sensor_reader - ERROR - [sensor_reader.py:633] - Sensor read error: Sensor reader not initialized
2025-12-29 00:08:30 - core.sensor_reader - ERROR - [sensor_reader.py:633] - Sensor read error: Sensor reader not initialized
2025-12-29 00:08:30 - core.sensor_reader - ERROR - [sensor_reader.py:633] - Sensor read error: Sensor reader not initialized
2025-12-29 00:08:31 - core.sensor_reader - ERROR - [sensor_reader.py:633] - Sensor read error: Sensor reader not initialized
2025-12-29 00:08:31 - core.sensor_reader - ERROR - [sensor_reader.py:633] - Sensor read error: Sensor reader not initialized
2025-12-29 00:08:32 - core.sensor_reader - ERROR - [sensor_reader.py:633] - Sensor read error: Sensor reader not initialized
2025-12-29 00:08:32 - core.sensor_reader - ERROR - [sensor_reader.py:633] - Sensor read error: Sensor reader not initialized
2025-12-29 00:08:33 - core.sensor_reader - ERROR - [sensor_reader.py:633] - Sensor read error: Sensor reader not initialized
2025-12-29 00:08:33 - core.sensor_reader - ERROR - [sensor_reader.py:633] - Sensor read error: Sensor reader not initialized
2025-12-29 00:08:34 - core.sensor_reader - ERROR - [sensor_reader.py:633] - Sensor read error: Sensor reader not initialized
2025-12-29 00:08:34 - core.sensor_reader - ERROR - [sensor_reader.py:633] - Sensor read error: Sensor reader not initialized
2025-12-29 00:08:35 - core.sensor_reader - ERROR - [sensor_reader.py:633] - Sensor read error: Sensor reader not initialized
2025-12-29 00:08:35 - core.sensor_reader - ERROR - [sensor_reader.py:633] - Sensor read error: Sensor reader not initialized
2025-12-29 00:08:36 - core.sensor_reader - ERROR - [sensor_reader.py:633] - Sensor read error: Sensor reader not initialized
2025-12-29 00:08:36 - core.sensor_reader - ERROR - [sensor_reader.py:633] - Sensor read error: Sensor reader not initialized
2025-12-29 00:08:37 - core.sensor_reader - ERROR - [sensor_reader.py:633] - Sensor read error: Sensor reader not initialized
2025-12-29 00:08:37 - core.sensor_reader - INFO - [sensor_reader.py:173] - Modbus instrument initialized on COM5 (slave 1)
2025-12-29 00:08:37 - core.sensor_reader - INFO - [sensor_reader.py:132] - Sensor reader initialized with frequency 3200.0 Hz
2025-12-29 00:08:43 - core.sensor_reader - WARNING - [sensor_reader.py:468] - Connection test failed, attempting reconnect: Failed to read register 40043 after 2 attempts: No communication with the instrument (no answer)
2025-12-29 00:08:44 - core.sensor_reader - INFO - [sensor_reader.py:173] - Modbus instrument initialized on COM5 (slave 1)
2025-12-29 00:08:53 - core.sensor_reader - ERROR - [sensor_reader.py:286] - Failed to read scalar values: Failed to read register 40043 after 3 attempts: No communication with the instrument (no answer)
2025-12-29 00:09:02 - core.sensor_reader - ERROR - [sensor_reader.py:286] - Failed to read scalar values: Failed to read register 40043 after 3 attempts: No communication with the instrument (no answer)
2025-12-29 00:09:02 - core.sensor_reader - INFO - [sensor_reader.py:173] - Modbus instrument initialized on COM5 (slave 1)
2025-12-29 00:09:02 - core.sensor_reader - INFO - [sensor_reader.py:132] - Sensor reader initialized with frequency 3200.0 Hz
2025-12-29 00:09:12 - core.sensor_reader - ERROR - [sensor_reader.py:286] - Failed to read scalar values: Failed to read register 40043 after 3 attempts: No communication with the instrument (no answer)
2025-12-29 00:09:12 - core.sensor_reader - INFO - [sensor_reader.py:173] - Modbus instrument initialized on COM5 (slave 1)
2025-12-29 00:09:12 - core.sensor_reader - INFO - [sensor_reader.py:132] - Sensor reader initialized with frequency 3200.0 Hz
2025-12-29 00:09:21 - core.sensor_reader - ERROR - [sensor_reader.py:286] - Failed to read scalar values: Failed to read register 40043 after 3 attempts: No communication with the instrument (no answer)
2025-12-29 00:09:27 - core.sensor_reader - WARNING - [sensor_reader.py:468] - Connection test failed, attempting reconnect: Failed to read register 40043 after 2 attempts: No communication with the instrument (no answer)
2025-12-29 00:09:27 - core.sensor_reader - INFO - [sensor_reader.py:173] - Modbus instrument initialized on COM5 (slave 1)
2025-12-29 00:09:37 - core.sensor_reader - ERROR - [sensor_reader.py:286] - Failed to read scalar values: Failed to read register 40043 after 3 attempts: No communication with the instrument (no answer)
2025-12-29 00:09:37 - core.sensor_reader - INFO - [sensor_reader.py:173] - Modbus instrument initialized on COM5 (slave 1)
2025-12-29 00:09:37 - core.sensor_reader - INFO - [sensor_reader.py:132] - Sensor reader initialized with frequency 3200.0 Hz
2025-12-29 00:09:46 - core.sensor_reader - ERROR - [sensor_reader.py:286] - Failed to read scalar values: Failed to read register 40043 after 3 attempts: No communication with the instrument (no answer)
2025-12-29 00:09:47 - core.sensor_reader - INFO - [sensor_reader.py:173] - Modbus instrument initialized on COM5 (slave 1)
2025-12-29 00:09:47 - core.sensor_reader - INFO - [sensor_reader.py:132] - Sensor reader initialized with frequency 3200.0 Hz
2025-12-29 00:09:56 - core.sensor_reader - ERROR - [sensor_reader.py:286] - Failed to read scalar values: Failed to read register 40043 after 3 attempts: No communication with the instrument (no answer)
2025-12-29 00:09:56 - core.sensor_reader - INFO - [sensor_reader.py:173] - Modbus instrument initialized on COM5 (slave 1)
2025-12-29 00:09:56 - core.sensor_reader - INFO - [sensor_reader.py:132] - Sensor reader initialized with frequency 3200.0 Hz
2025-12-29 00:09:56 - core.sensor_reader - INFO - [sensor_reader.py:173] - Modbus instrument initialized on COM5 (slave 1)
2025-12-29 00:09:56 - core.sensor_reader - INFO - [sensor_reader.py:132] - Sensor reader initialized with frequency 3200.0 Hz
2025-12-29 00:10:06 - core.sensor_reader - ERROR - [sensor_reader.py:286] - Failed to read scalar values: Failed to read register 40043 after 3 attempts: No communication with the instrument (no answer)
2025-12-29 00:10:06 - core.sensor_reader - INFO - [sensor_reader.py:173] - Modbus instrument initialized on COM5 (slave 1)
2025-12-29 00:10:06 - core.sensor_reader - INFO - [sensor_reader.py:132] - Sensor reader initialized with frequency 3200.0 Hz
2025-12-29 00:10:15 - core.sensor_reader - ERROR - [sensor_reader.py:286] - Failed to read scalar values: Failed to read register 40043 after 3 attempts: No communication with the instrument (no answer)
2025-12-29 00:10:15 - core.sensor_reader - INFO - [sensor_reader.py:173] - Modbus instrument initialized on COM5 (slave 1)
2025-12-29 00:10:15 - core.sensor_reader - INFO - [sensor_reader.py:132] - Sensor reader initialized with frequency 3200.0 Hz
2025-12-29 00:10:25 - core.sensor_reader - ERROR - [sensor_reader.py:286] - Failed to read scalar values: Failed to read register 40043 after 3 attempts: No communication with the instrument (no answer)
2025-12-29 00:10:34 - core.sensor_reader - ERROR - [sensor_reader.py:286] - Failed to read scalar values: Failed to read register 40043 after 3 attempts: No communication with the instrument (no answer)
2025-12-29 00:10:40 - core.sensor_reader - WARNING - [sensor_reader.py:468] - Connection test failed, attempting reconnect: Failed to read register 40043 after 2 attempts: No communication with the instrument (no answer)
2025-12-29 00:10:40 - core.sensor_reader - INFO - [sensor_reader.py:173] - Modbus instrument initialized on COM5 (slave 1)
2025-12-29 00:10:50 - core.sensor_reader - ERROR - [sensor_reader.py:286] - Failed to read scalar values: Failed to read register 40043 after 3 attempts: No communication with the instrument (no answer)
2025-12-29 00:10:50 - core.sensor_reader - INFO - [sensor_reader.py:173] - Modbus instrument initialized on COM5 (slave 1)
2025-12-29 00:10:50 - core.sensor_reader - INFO - [sensor_reader.py:132] - Sensor reader initialized with frequency 3200.0 Hz
2025-12-29 00:10:59 - core.sensor_reader - ERROR - [sensor_reader.py:286] - Failed to read scalar values: Failed to read register 40043 after 3 attempts: No communication with the instrument (no answer)
2025-12-29 00:10:59 - core.sensor_reader - INFO - [sensor_reader.py:173] - Modbus instrument initialized on COM5 (slave 1)
2025-12-29 00:10:59 - core.sensor_reader - INFO - [sensor_reader.py:132] - Sensor reader initialized with frequency 3200.0 Hz
2025-12-29 00:11:09 - core.sensor_reader - ERROR - [sensor_reader.py:286] - Failed to read scalar values: Failed to read register 40043 after 3 attempts: No communication with the instrument (no answer)
2025-12-29 00:11:09 - core.sensor_reader - INFO - [sensor_reader.py:173] - Modbus instrument initialized on COM5 (slave 1)
2025-12-29 00:11:09 - core.sensor_reader - INFO - [sensor_reader.py:132] - Sensor reader initialized with frequency 3200.0 Hz
2025-12-29 00:11:18 - core.sensor_reader - ERROR - [sensor_reader.py:286] - Failed to read scalar values: Failed to read register 40043 after 3 attempts: No communication with the instrument (no answer)
2025-12-29 00:11:19 - core.sensor_reader - INFO - [sensor_reader.py:173] - Modbus instrument initialized on COM5 (slave 1)
2025-12-29 00:11:19 - core.sensor_reader - INFO - [sensor_reader.py:132] - Sensor reader initialized with frequency 3200.0 Hz
2025-12-29 00:11:28 - core.sensor_reader - ERROR - [sensor_reader.py:286] - Failed to read scalar values: Failed to read register 40043 after 3 attempts: No communication with the instrument (no answer)
2025-12-29 00:11:34 - core.sensor_reader - WARNING - [sensor_reader.py:468] - Connection test failed, attempting reconnect: Failed to read register 40043 after 2 attempts: No communication with the instrument (no answer)
2025-12-29 00:11:34 - core.sensor_reader - INFO - [sensor_reader.py:173] - Modbus instrument initialized on COM5 (slave 1)
