2025-12-27 22:46:49 - core.sensor_reader - ERROR - [sensor_reader.py:176] - Failed to initialize Modbus instrument on COM3: could not open port 'COM3': OSError(22, 'The semaphore timeout period has expired.', None, 121)
2025-12-27 22:46:49 - core.sensor_reader - ERROR - [sensor_reader.py:134] - Failed to initialize sensor reader: Modbus init failed on COM3: could not open port 'COM3': OSError(22, 'The semaphore timeout period has expired.', None, 121)
2025-12-27 22:46:49 - core.sensor_reader - ERROR - [sensor_reader.py:593] - Failed to initialize reader: Initialization failed: Modbus init failed on COM3: could not open port 'COM3': OSError(22, 'The semaphore timeout period has expired.', None, 121)
2025-12-27 22:46:49 - core.sensor_reader - ERROR - [sensor_reader.py:627] - Sensor read error: Sensor reader not initialized
2025-12-27 22:46:50 - core.sensor_reader - ERROR - [sensor_reader.py:627] - Sensor read error: Sensor reader not initialized
2025-12-27 22:46:51 - core.sensor_reader - ERROR - [sensor_reader.py:627] - Sensor read error: Sensor reader not initialized
2025-12-27 22:46:52 - core.sensor_reader - ERROR - [sensor_reader.py:627] - Sensor read error: Sensor reader not initialized
2025-12-27 22:46:53 - core.sensor_reader - ERROR - [sensor_reader.py:627] - Sensor read error: Sensor reader not initialized
2025-12-27 22:46:54 - core.sensor_reader - ERROR - [sensor_reader.py:627] - Sensor read error: Sensor reader not initialized
2025-12-27 22:46:55 - core.sensor_reader - ERROR - [sensor_reader.py:627] - Sensor read error: Sensor reader not initialized
2025-12-27 22:46:56 - core.sensor_reader - ERROR - [sensor_reader.py:627] - Sensor read error: Sensor reader not initialized
2025-12-27 22:46:57 - core.sensor_reader - ERROR - [sensor_reader.py:627] - Sensor read error: Sensor reader not initialized
2025-12-27 22:46:58 - core.sensor_reader - ERROR - [sensor_reader.py:627] - Sensor read error: Sensor reader not initialized
2025-12-27 22:46:59 - core.sensor_reader - ERROR - [sensor_reader.py:627] - Sensor read error: Sensor reader not initialized
2025-12-27 22:47:00 - core.sensor_reader - ERROR - [sensor_reader.py:627] - Sensor read error: Sensor reader not initialized
2025-12-27 22:47:01 - core.sensor_reader - ERROR - [sensor_reader.py:627] - Sensor read error: Sensor reader not initialized
2025-12-27 22:47:02 - core.sensor_reader - ERROR - [sensor_reader.py:627] - Sensor read error: Sensor reader not initialized
2025-12-27 22:47:03 - core.sensor_reader - ERROR - [sensor_reader.py:627] - Sensor read error: Sensor reader not initialized
2025-12-27 22:47:04 - core.sensor_reader - ERROR - [sensor_reader.py:627] - Sensor read error: Sensor reader not initialized
2025-12-27 22:47:05 - core.sensor_reader - ERROR - [sensor_reader.py:627] - Sensor read error: Sensor reader not initialized
2025-12-27 22:47:06 - core.sensor_reader - ERROR - [sensor_reader.py:627] - Sensor read error: Sensor reader not initialized
2025-12-27 22:47:07 - core.sensor_reader - ERROR - [sensor_reader.py:627] - Sensor read error: Sensor reader not initialized
2025-12-27 22:47:08 - core.sensor_reader - ERROR - [sensor_reader.py:627] - Sensor read error: Sensor reader not initialized
2025-12-27 22:47:09 - core.sensor_reader - ERROR - [sensor_reader.py:627] - Sensor read error: Sensor reader not initialized
2025-12-27 22:47:10 - core.sensor_reader - ERROR - [sensor_reader.py:627] - Sensor read error: Sensor reader not initialized
2025-12-27 22:47:11 - core.sensor_reader - ERROR - [sensor_reader.py:627] - Sensor read error: Sensor reader not initialized
2025-12-27 22:47:12 - core.sensor_reader - ERROR - [sensor_reader.py:627] - Sensor read error: Sensor reader not initialized
2025-12-27 22:47:13 - core.sensor_reader - ERROR - [sensor_reader.py:627] - Sensor read error: Sensor reader not initialized
2025-12-27 22:47:14 - core.sensor_reader - ERROR - [sensor_reader.py:627] - Sensor read error: Sensor reader not initialized
2025-12-27 22:47:15 - core.sensor_reader - ERROR - [sensor_reader.py:627] - Sensor read error: Sensor reader not initialized
2025-12-27 22:47:16 - core.sensor_reader - ERROR - [sensor_reader.py:627] - Sensor read error: Sensor reader not initialized
2025-12-27 22:47:17 - core.sensor_reader - ERROR - [sensor_reader.py:627] - Sensor read error: Sensor reader not initialized
2025-12-27 22:47:18 - core.sensor_reader - ERROR - [sensor_reader.py:627] - Sensor read error: Sensor reader not initialized
2025-12-27 22:47:19 - core.sensor_reader - ERROR - [sensor_reader.py:627] - Sensor read error: Sensor reader not initialized
2025-12-27 22:47:20 - core.sensor_reader - ERROR - [sensor_reader.py:627] - Sensor read error: Sensor reader not initialized
2025-12-27 22:47:21 - core.sensor_reader - ERROR - [sensor_reader.py:627] - Sensor read error: Sensor reader not initialized
2025-12-27 22:47:22 - core.sensor_reader - ERROR - [sensor_reader.py:627] - Sensor read error: Sensor reader not initialized
2025-12-27 22:47:23 - core.sensor_reader - ERROR - [sensor_reader.py:627] - Sensor read error: Sensor reader not initialized
2025-12-27 22:47:24 - core.sensor_reader - ERROR - [sensor_reader.py:627] - Sensor read error: Sensor reader not initialized
2025-12-27 22:47:25 - core.sensor_reader - ERROR - [sensor_reader.py:627] - Sensor read error: Sensor reader not initialized
2025-12-27 22:47:26 - core.sensor_reader - ERROR - [sensor_reader.py:627] - Sensor read error: Sensor reader not initialized
2025-12-27 22:47:27 - core.sensor_reader - ERROR - [sensor_reader.py:627] - Sensor read error: Sensor reader not initialized
2025-12-27 22:47:28 - core.sensor_reader - ERROR - [sensor_reader.py:627] - Sensor read error: Sensor reader not initialized
2025-12-27 22:47:29 - core.sensor_reader - ERROR - [sensor_reader.py:627] - Sensor read error: Sensor reader not initialized
2025-12-27 22:47:30 - core.sensor_reader - ERROR - [sensor_reader.py:627] - Sensor read error: Sensor reader not initialized
2025-12-27 22:47:31 - core.sensor_reader - ERROR - [sensor_reader.py:627] - Sensor read error: Sensor reader not initialized
2025-12-27 22:47:32 - core.sensor_reader - ERROR - [sensor_reader.py:627] - Sensor read error: Sensor reader not initialized
2025-12-27 22:47:33 - core.sensor_reader - ERROR - [sensor_reader.py:627] - Sensor read error: Sensor reader not initialized
2025-12-27 22:47:34 - core.sensor_reader - ERROR - [sensor_reader.py:627] - Sensor read error: Sensor reader not initialized
2025-12-27 22:47:35 - core.sensor_reader - ERROR - [sensor_reader.py:627] - Sensor read error: Sensor reader not initialized
2025-12-27 22:47:36 - core.sensor_reader - ERROR - [sensor_reader.py:627] - Sensor read error: Sensor reader not initialized
2025-12-27 22:47:37 - core.sensor_reader - ERROR - [sensor_reader.py:627] - Sensor read error: Sensor reader not initialized
2025-12-27 22:47:38 - core.sensor_reader - ERROR - [sensor_reader.py:627] - Sensor read error: Sensor reader not initialized
2025-12-27 22:47:39 - core.sensor_reader - ERROR - [sensor_reader.py:627] - Sensor read error: Sensor reader not initialized
2025-12-27 22:47:40 - core.sensor_reader - ERROR - [sensor_reader.py:627] - Sensor read error: Sensor reader not initialized
2025-12-27 22:47:41 - core.sensor_reader - ERROR - [sensor_reader.py:627] - Sensor read error: Sensor reader not initialized
2025-12-27 22:47:42 - core.sensor_reader - ERROR - [sensor_reader.py:627] - Sensor read error: Sensor reader not initialized
2025-12-27 22:47:43 - core.sensor_reader - ERROR - [sensor_reader.py:627] - Sensor read error: Sensor reader not initialized
2025-12-27 22:47:44 - core.sensor_reader - ERROR - [sensor_reader.py:627] - Sensor read error: Sensor reader not initialized
2025-12-27 22:47:45 - core.sensor_reader - ERROR - [sensor_reader.py:627] - Sensor read error: Sensor reader not initialized
2025-12-27 22:47:46 - core.sensor_reader - ERROR - [sensor_reader.py:627] - Sensor read error: Sensor reader not initialized
2025-12-27 22:47:47 - core.sensor_reader - INFO - [sensor_reader.py:173] - Modbus instrument initialized on COM5 (slave 1)
2025-12-27 22:47:47 - core.sensor_reader - INFO - [sensor_reader.py:132] - Sensor reader initialized with frequency 3200.0 Hz
2025-12-27 22:47:50 - core.sensor_reader - ERROR - [sensor_reader.py:323] - Failed to read register block 43501: No communication with the instrument (no answer)
2025-12-27 22:47:50 - core.sensor_reader - WARNING - [sensor_reader.py:405] - Extended bands not supported by this sensor: Register block read failed: No communication with the instrument (no answer)
2025-12-27 22:47:51 - core.sensor_reader - INFO - [sensor_reader.py:173] - Modbus instrument initialized on COM5 (slave 1)
2025-12-27 22:47:51 - core.sensor_reader - INFO - [sensor_reader.py:132] - Sensor reader initialized with frequency 3200.0 Hz
2025-12-27 22:47:52 - core.sensor_reader - INFO - [sensor_reader.py:173] - Modbus instrument initialized on COM5 (slave 1)
2025-12-27 22:47:52 - core.sensor_reader - INFO - [sensor_reader.py:132] - Sensor reader initialized with frequency 3200.0 Hz
