2025-12-23 17:16:53 - core.sensor_reader - ERROR - [sensor_reader.py:464] - Sensor read error: Sensor reader not initialized
2025-12-23 17:16:54 - core.sensor_reader - ERROR - [sensor_reader.py:464] - Sensor read error: Sensor reader not initialized
2025-12-23 17:16:55 - core.sensor_reader - ERROR - [sensor_reader.py:464] - Sensor read error: Sensor reader not initialized
2025-12-23 17:16:56 - core.sensor_reader - ERROR - [sensor_reader.py:464] - Sensor read error: Sensor reader not initialized
2025-12-23 17:16:57 - core.sensor_reader - ERROR - [sensor_reader.py:464] - Sensor read error: Sensor reader not initialized
2025-12-23 17:16:58 - core.sensor_reader - ERROR - [sensor_reader.py:464] - Sensor read error: Sensor reader not initialized
2025-12-23 17:16:59 - core.sensor_reader - ERROR - [sensor_reader.py:464] - Sensor read error: Sensor reader not initialized
2025-12-23 17:17:00 - core.sensor_reader - ERROR - [sensor_reader.py:464] - Sensor read error: Sensor reader not initialized
2025-12-23 17:17:01 - core.sensor_reader - ERROR - [sensor_reader.py:464] - Sensor read error: Sensor reader not initialized
2025-12-23 17:17:02 - core.sensor_reader - ERROR - [sensor_reader.py:464] - Sensor read error: Sensor reader not initialized
2025-12-23 17:17:03 - core.sensor_reader - ERROR - [sensor_reader.py:464] - Sensor read error: Sensor reader not initialized
2025-12-23 17:17:04 - core.sensor_reader - ERROR - [sensor_reader.py:464] - Sensor read error: Sensor reader not initialized
2025-12-23 17:17:05 - core.sensor_reader - ERROR - [sensor_reader.py:464] - Sensor read error: Sensor reader not initialized
2025-12-23 17:17:06 - core.sensor_reader - ERROR - [sensor_reader.py:464] - Sensor read error: Sensor reader not initialized
2025-12-23 17:17:07 - core.sensor_reader - ERROR - [sensor_reader.py:464] - Sensor read error: Sensor reader not initialized
2025-12-23 17:17:08 - core.sensor_reader - INFO - [sensor_reader.py:133] - Modbus instrument initialized on COM5 (slave 1)
2025-12-23 17:17:08 - core.sensor_reader - INFO - [sensor_reader.py:92] - Sensor reader initialized with frequency 3200.0 Hz
2025-12-23 17:17:17 - core.sensor_reader - ERROR - [sensor_reader.py:240] - Failed to read scalar values: Failed to read register 40043 after 3 attempts: No communication with the instrument (no answer)
2025-12-23 17:17:23 - core.sensor_reader - WARNING - [sensor_reader.py:361] - Connection test failed, attempting reconnect: Failed to read register 40043 after 2 attempts: No communication with the instrument (no answer)
2025-12-23 17:17:23 - core.sensor_reader - INFO - [sensor_reader.py:133] - Modbus instrument initialized on COM5 (slave 1)
2025-12-23 17:17:32 - core.sensor_reader - ERROR - [sensor_reader.py:240] - Failed to read scalar values: Failed to read register 40043 after 3 attempts: No communication with the instrument (no answer)
2025-12-23 17:17:32 - core.sensor_reader - ERROR - [sensor_reader.py:385] - Sensor read failed: Failed to read register 40043 after 3 attempts: No communication with the instrument (no answer)
2025-12-23 17:17:33 - core.sensor_reader - INFO - [sensor_reader.py:133] - Modbus instrument initialized on COM5 (slave 1)
2025-12-23 17:17:33 - core.sensor_reader - INFO - [sensor_reader.py:92] - Sensor reader initialized with frequency 3200.0 Hz
2025-12-23 17:17:36 - core.sensor_reader - INFO - [sensor_reader.py:133] - Modbus instrument initialized on COM5 (slave 1)
2025-12-23 17:17:36 - core.sensor_reader - INFO - [sensor_reader.py:92] - Sensor reader initialized with frequency 3200.0 Hz
2025-12-23 17:17:37 - core.sensor_reader - INFO - [sensor_reader.py:133] - Modbus instrument initialized on COM5 (slave 1)
2025-12-23 17:17:37 - core.sensor_reader - INFO - [sensor_reader.py:92] - Sensor reader initialized with frequency 3200.0 Hz
2025-12-23 17:17:38 - core.sensor_reader - INFO - [sensor_reader.py:133] - Modbus instrument initialized on COM5 (slave 1)
2025-12-23 17:17:38 - core.sensor_reader - INFO - [sensor_reader.py:92] - Sensor reader initialized with frequency 3200.0 Hz
2025-12-23 17:17:41 - core.sensor_reader - ERROR - [sensor_reader.py:283] - Failed to read register block 43501: No communication with the instrument (no answer)
2025-12-23 17:17:41 - core.sensor_reader - ERROR - [sensor_reader.py:346] - Failed to read band values: Register block read failed: No communication with the instrument (no answer)
2025-12-23 17:17:41 - core.sensor_reader - WARNING - [sensor_reader.py:374] - Band read failed, using empty bands
2025-12-23 17:17:41 - core.sensor_reader - INFO - [sensor_reader.py:133] - Modbus instrument initialized on COM5 (slave 1)
2025-12-23 17:17:41 - core.sensor_reader - INFO - [sensor_reader.py:92] - Sensor reader initialized with frequency 3200.0 Hz
2025-12-23 17:17:42 - core.sensor_reader - INFO - [sensor_reader.py:133] - Modbus instrument initialized on COM5 (slave 1)
2025-12-23 17:17:42 - core.sensor_reader - INFO - [sensor_reader.py:92] - Sensor reader initialized with frequency 3200.0 Hz
2025-12-23 17:17:46 - core.sensor_reader - ERROR - [sensor_reader.py:283] - Failed to read register block 43501: No communication with the instrument (no answer)
2025-12-23 17:17:46 - core.sensor_reader - ERROR - [sensor_reader.py:346] - Failed to read band values: Register block read failed: No communication with the instrument (no answer)
2025-12-23 17:17:46 - core.sensor_reader - WARNING - [sensor_reader.py:374] - Band read failed, using empty bands
2025-12-23 17:17:46 - core.sensor_reader - INFO - [sensor_reader.py:133] - Modbus instrument initialized on COM5 (slave 1)
2025-12-23 17:17:46 - core.sensor_reader - INFO - [sensor_reader.py:92] - Sensor reader initialized with frequency 3200.0 Hz
2025-12-23 17:17:50 - core.sensor_reader - ERROR - [sensor_reader.py:283] - Failed to read register block 43501: No communication with the instrument (no answer)
2025-12-23 17:17:50 - core.sensor_reader - ERROR - [sensor_reader.py:346] - Failed to read band values: Register block read failed: No communication with the instrument (no answer)
2025-12-23 17:17:50 - core.sensor_reader - WARNING - [sensor_reader.py:374] - Band read failed, using empty bands
2025-12-23 17:17:54 - core.sensor_reader - ERROR - [sensor_reader.py:283] - Failed to read register block 43501: No communication with the instrument (no answer)
2025-12-23 17:17:54 - core.sensor_reader - ERROR - [sensor_reader.py:346] - Failed to read band values: Register block read failed: No communication with the instrument (no answer)
2025-12-23 17:17:54 - core.sensor_reader - WARNING - [sensor_reader.py:374] - Band read failed, using empty bands
2025-12-23 17:17:57 - core.sensor_reader - ERROR - [sensor_reader.py:283] - Failed to read register block 43501: No communication with the instrument (no answer)
2025-12-23 17:17:57 - core.sensor_reader - ERROR - [sensor_reader.py:346] - Failed to read band values: Register block read failed: No communication with the instrument (no answer)
2025-12-23 17:17:57 - core.sensor_reader - WARNING - [sensor_reader.py:374] - Band read failed, using empty bands
2025-12-23 17:18:01 - core.sensor_reader - ERROR - [sensor_reader.py:283] - Failed to read register block 43501: No communication with the instrument (no answer)
2025-12-23 17:18:01 - core.sensor_reader - ERROR - [sensor_reader.py:346] - Failed to read band values: Register block read failed: No communication with the instrument (no answer)
2025-12-23 17:18:01 - core.sensor_reader - WARNING - [sensor_reader.py:374] - Band read failed, using empty bands
2025-12-23 17:18:04 - core.sensor_reader - ERROR - [sensor_reader.py:283] - Failed to read register block 43501: No communication with the instrument (no answer)
2025-12-23 17:18:04 - core.sensor_reader - ERROR - [sensor_reader.py:346] - Failed to read band values: Register block read failed: No communication with the instrument (no answer)
2025-12-23 17:18:04 - core.sensor_reader - WARNING - [sensor_reader.py:374] - Band read failed, using empty bands
2025-12-23 17:18:08 - core.sensor_reader - ERROR - [sensor_reader.py:283] - Failed to read register block 43501: No communication with the instrument (no answer)
2025-12-23 17:18:08 - core.sensor_reader - ERROR - [sensor_reader.py:346] - Failed to read band values: Register block read failed: No communication with the instrument (no answer)
2025-12-23 17:18:08 - core.sensor_reader - WARNING - [sensor_reader.py:374] - Band read failed, using empty bands
2025-12-23 17:18:14 - core.sensor_reader - ERROR - [sensor_reader.py:283] - Failed to read register block 43501: No communication with the instrument (no answer)
2025-12-23 17:18:14 - core.sensor_reader - ERROR - [sensor_reader.py:346] - Failed to read band values: Register block read failed: No communication with the instrument (no answer)
2025-12-23 17:18:14 - core.sensor_reader - WARNING - [sensor_reader.py:374] - Band read failed, using empty bands
2025-12-23 17:18:17 - core.sensor_reader - ERROR - [sensor_reader.py:283] - Failed to read register block 43501: No communication with the instrument (no answer)
2025-12-23 17:18:17 - core.sensor_reader - ERROR - [sensor_reader.py:346] - Failed to read band values: Register block read failed: No communication with the instrument (no answer)
2025-12-23 17:18:17 - core.sensor_reader - WARNING - [sensor_reader.py:374] - Band read failed, using empty bands
2025-12-23 17:18:21 - core.sensor_reader - ERROR - [sensor_reader.py:283] - Failed to read register block 43501: No communication with the instrument (no answer)
2025-12-23 17:18:21 - core.sensor_reader - ERROR - [sensor_reader.py:346] - Failed to read band values: Register block read failed: No communication with the instrument (no answer)
2025-12-23 17:18:21 - core.sensor_reader - WARNING - [sensor_reader.py:374] - Band read failed, using empty bands
2025-12-23 17:18:25 - core.sensor_reader - ERROR - [sensor_reader.py:283] - Failed to read register block 43501: No communication with the instrument (no answer)
2025-12-23 17:18:25 - core.sensor_reader - ERROR - [sensor_reader.py:346] - Failed to read band values: Register block read failed: No communication with the instrument (no answer)
2025-12-23 17:18:25 - core.sensor_reader - WARNING - [sensor_reader.py:374] - Band read failed, using empty bands
2025-12-23 17:18:28 - core.sensor_reader - ERROR - [sensor_reader.py:283] - Failed to read register block 43501: No communication with the instrument (no answer)
2025-12-23 17:18:28 - core.sensor_reader - ERROR - [sensor_reader.py:346] - Failed to read band values: Register block read failed: No communication with the instrument (no answer)
2025-12-23 17:18:28 - core.sensor_reader - WARNING - [sensor_reader.py:374] - Band read failed, using empty bands
2025-12-23 17:18:32 - core.sensor_reader - ERROR - [sensor_reader.py:283] - Failed to read register block 43501: No communication with the instrument (no answer)
2025-12-23 17:18:32 - core.sensor_reader - ERROR - [sensor_reader.py:346] - Failed to read band values: Register block read failed: No communication with the instrument (no answer)
2025-12-23 17:18:32 - core.sensor_reader - WARNING - [sensor_reader.py:374] - Band read failed, using empty bands
2025-12-23 17:18:35 - core.sensor_reader - ERROR - [sensor_reader.py:283] - Failed to read register block 43501: No communication with the instrument (no answer)
2025-12-23 17:18:35 - core.sensor_reader - ERROR - [sensor_reader.py:346] - Failed to read band values: Register block read failed: No communication with the instrument (no answer)
2025-12-23 17:18:35 - core.sensor_reader - WARNING - [sensor_reader.py:374] - Band read failed, using empty bands
2025-12-23 17:18:42 - core.sensor_reader - ERROR - [sensor_reader.py:283] - Failed to read register block 43501: No communication with the instrument (no answer)
2025-12-23 17:18:42 - core.sensor_reader - ERROR - [sensor_reader.py:346] - Failed to read band values: Register block read failed: No communication with the instrument (no answer)
2025-12-23 17:18:42 - core.sensor_reader - WARNING - [sensor_reader.py:374] - Band read failed, using empty bands
2025-12-23 17:18:45 - core.sensor_reader - ERROR - [sensor_reader.py:283] - Failed to read register block 43501: No communication with the instrument (no answer)
2025-12-23 17:18:45 - core.sensor_reader - ERROR - [sensor_reader.py:346] - Failed to read band values: Register block read failed: No communication with the instrument (no answer)
2025-12-23 17:18:45 - core.sensor_reader - WARNING - [sensor_reader.py:374] - Band read failed, using empty bands
2025-12-23 17:18:48 - core.sensor_reader - ERROR - [sensor_reader.py:283] - Failed to read register block 43501: No communication with the instrument (no answer)
2025-12-23 17:18:48 - core.sensor_reader - ERROR - [sensor_reader.py:346] - Failed to read band values: Register block read failed: No communication with the instrument (no answer)
2025-12-23 17:18:48 - core.sensor_reader - WARNING - [sensor_reader.py:374] - Band read failed, using empty bands
2025-12-23 17:18:52 - core.sensor_reader - ERROR - [sensor_reader.py:283] - Failed to read register block 43501: No communication with the instrument (no answer)
2025-12-23 17:18:52 - core.sensor_reader - ERROR - [sensor_reader.py:346] - Failed to read band values: Register block read failed: No communication with the instrument (no answer)
2025-12-23 17:18:52 - core.sensor_reader - WARNING - [sensor_reader.py:374] - Band read failed, using empty bands
2025-12-23 17:18:55 - core.sensor_reader - ERROR - [sensor_reader.py:283] - Failed to read register block 43501: No communication with the instrument (no answer)
2025-12-23 17:18:55 - core.sensor_reader - ERROR - [sensor_reader.py:346] - Failed to read band values: Register block read failed: No communication with the instrument (no answer)
2025-12-23 17:18:55 - core.sensor_reader - WARNING - [sensor_reader.py:374] - Band read failed, using empty bands
2025-12-23 17:18:59 - core.sensor_reader - ERROR - [sensor_reader.py:283] - Failed to read register block 43501: No communication with the instrument (no answer)
2025-12-23 17:18:59 - core.sensor_reader - ERROR - [sensor_reader.py:346] - Failed to read band values: Register block read failed: No communication with the instrument (no answer)
2025-12-23 17:18:59 - core.sensor_reader - WARNING - [sensor_reader.py:374] - Band read failed, using empty bands
2025-12-23 17:19:02 - core.sensor_reader - ERROR - [sensor_reader.py:283] - Failed to read register block 43501: No communication with the instrument (no answer)
2025-12-23 17:19:02 - core.sensor_reader - ERROR - [sensor_reader.py:346] - Failed to read band values: Register block read failed: No communication with the instrument (no answer)
2025-12-23 17:19:02 - core.sensor_reader - WARNING - [sensor_reader.py:374] - Band read failed, using empty bands
2025-12-23 17:19:06 - core.sensor_reader - ERROR - [sensor_reader.py:283] - Failed to read register block 43501: No communication with the instrument (no answer)
2025-12-23 17:19:06 - core.sensor_reader - ERROR - [sensor_reader.py:346] - Failed to read band values: Register block read failed: No communication with the instrument (no answer)
2025-12-23 17:19:06 - core.sensor_reader - WARNING - [sensor_reader.py:374] - Band read failed, using empty bands
2025-12-23 17:19:10 - core.sensor_reader - ERROR - [sensor_reader.py:283] - Failed to read register block 43501: No communication with the instrument (no answer)
2025-12-23 17:19:10 - core.sensor_reader - ERROR - [sensor_reader.py:346] - Failed to read band values: Register block read failed: No communication with the instrument (no answer)
2025-12-23 17:19:10 - core.sensor_reader - WARNING - [sensor_reader.py:374] - Band read failed, using empty bands
2025-12-23 17:19:13 - core.sensor_reader - ERROR - [sensor_reader.py:283] - Failed to read register block 43501: No communication with the instrument (no answer)
2025-12-23 17:19:13 - core.sensor_reader - ERROR - [sensor_reader.py:346] - Failed to read band values: Register block read failed: No communication with the instrument (no answer)
2025-12-23 17:19:13 - core.sensor_reader - WARNING - [sensor_reader.py:374] - Band read failed, using empty bands
2025-12-23 17:19:16 - core.sensor_reader - ERROR - [sensor_reader.py:283] - Failed to read register block 43501: No communication with the instrument (no answer)
2025-12-23 17:19:16 - core.sensor_reader - ERROR - [sensor_reader.py:346] - Failed to read band values: Register block read failed: No communication with the instrument (no answer)
2025-12-23 17:19:16 - core.sensor_reader - WARNING - [sensor_reader.py:374] - Band read failed, using empty bands
2025-12-23 17:19:20 - core.sensor_reader - ERROR - [sensor_reader.py:283] - Failed to read register block 43501: No communication with the instrument (no answer)
2025-12-23 17:19:20 - core.sensor_reader - ERROR - [sensor_reader.py:346] - Failed to read band values: Register block read failed: No communication with the instrument (no answer)
2025-12-23 17:19:20 - core.sensor_reader - WARNING - [sensor_reader.py:374] - Band read failed, using empty bands
2025-12-23 17:19:24 - core.sensor_reader - ERROR - [sensor_reader.py:283] - Failed to read register block 43501: No communication with the instrument (no answer)
2025-12-23 17:19:24 - core.sensor_reader - ERROR - [sensor_reader.py:346] - Failed to read band values: Register block read failed: No communication with the instrument (no answer)
2025-12-23 17:19:24 - core.sensor_reader - WARNING - [sensor_reader.py:374] - Band read failed, using empty bands
2025-12-23 17:19:27 - core.sensor_reader - ERROR - [sensor_reader.py:283] - Failed to read register block 43501: No communication with the instrument (no answer)
2025-12-23 17:19:27 - core.sensor_reader - ERROR - [sensor_reader.py:346] - Failed to read band values: Register block read failed: No communication with the instrument (no answer)
2025-12-23 17:19:27 - core.sensor_reader - WARNING - [sensor_reader.py:374] - Band read failed, using empty bands
2025-12-23 17:19:31 - core.sensor_reader - ERROR - [sensor_reader.py:283] - Failed to read register block 43501: No communication with the instrument (no answer)
2025-12-23 17:19:31 - core.sensor_reader - ERROR - [sensor_reader.py:346] - Failed to read band values: Register block read failed: No communication with the instrument (no answer)
2025-12-23 17:19:31 - core.sensor_reader - WARNING - [sensor_reader.py:374] - Band read failed, using empty bands
2025-12-23 17:19:34 - core.sensor_reader - ERROR - [sensor_reader.py:283] - Failed to read register block 43501: No communication with the instrument (no answer)
2025-12-23 17:19:34 - core.sensor_reader - ERROR - [sensor_reader.py:346] - Failed to read band values: Register block read failed: No communication with the instrument (no answer)
2025-12-23 17:19:34 - core.sensor_reader - WARNING - [sensor_reader.py:374] - Band read failed, using empty bands
2025-12-23 17:19:41 - core.sensor_reader - ERROR - [sensor_reader.py:283] - Failed to read register block 43501: No communication with the instrument (no answer)
2025-12-23 17:19:41 - core.sensor_reader - ERROR - [sensor_reader.py:346] - Failed to read band values: Register block read failed: No communication with the instrument (no answer)
2025-12-23 17:19:41 - core.sensor_reader - WARNING - [sensor_reader.py:374] - Band read failed, using empty bands
2025-12-23 17:19:44 - core.sensor_reader - ERROR - [sensor_reader.py:283] - Failed to read register block 43501: No communication with the instrument (no answer)
2025-12-23 17:19:44 - core.sensor_reader - ERROR - [sensor_reader.py:346] - Failed to read band values: Register block read failed: No communication with the instrument (no answer)
2025-12-23 17:19:44 - core.sensor_reader - WARNING - [sensor_reader.py:374] - Band read failed, using empty bands
2025-12-23 17:19:48 - core.sensor_reader - ERROR - [sensor_reader.py:283] - Failed to read register block 43501: No communication with the instrument (no answer)
2025-12-23 17:19:48 - core.sensor_reader - ERROR - [sensor_reader.py:346] - Failed to read band values: Register block read failed: No communication with the instrument (no answer)
2025-12-23 17:19:48 - core.sensor_reader - WARNING - [sensor_reader.py:374] - Band read failed, using empty bands
2025-12-23 17:19:51 - core.sensor_reader - ERROR - [sensor_reader.py:283] - Failed to read register block 43501: No communication with the instrument (no answer)
2025-12-23 17:19:51 - core.sensor_reader - ERROR - [sensor_reader.py:346] - Failed to read band values: Register block read failed: No communication with the instrument (no answer)
2025-12-23 17:19:51 - core.sensor_reader - WARNING - [sensor_reader.py:374] - Band read failed, using empty bands
2025-12-23 17:19:55 - core.sensor_reader - ERROR - [sensor_reader.py:283] - Failed to read register block 43501: No communication with the instrument (no answer)
2025-12-23 17:19:55 - core.sensor_reader - ERROR - [sensor_reader.py:346] - Failed to read band values: Register block read failed: No communication with the instrument (no answer)
2025-12-23 17:19:55 - core.sensor_reader - WARNING - [sensor_reader.py:374] - Band read failed, using empty bands
2025-12-23 17:19:58 - core.sensor_reader - ERROR - [sensor_reader.py:283] - Failed to read register block 43501: No communication with the instrument (no answer)
2025-12-23 17:19:58 - core.sensor_reader - ERROR - [sensor_reader.py:346] - Failed to read band values: Register block read failed: No communication with the instrument (no answer)
2025-12-23 17:19:58 - core.sensor_reader - WARNING - [sensor_reader.py:374] - Band read failed, using empty bands
2025-12-23 17:20:02 - core.sensor_reader - ERROR - [sensor_reader.py:283] - Failed to read register block 43501: No communication with the instrument (no answer)
2025-12-23 17:20:02 - core.sensor_reader - ERROR - [sensor_reader.py:346] - Failed to read band values: Register block read failed: No communication with the instrument (no answer)
2025-12-23 17:20:02 - core.sensor_reader - WARNING - [sensor_reader.py:374] - Band read failed, using empty bands
2025-12-23 17:20:05 - core.sensor_reader - ERROR - [sensor_reader.py:283] - Failed to read register block 43501: No communication with the instrument (no answer)
2025-12-23 17:20:05 - core.sensor_reader - ERROR - [sensor_reader.py:346] - Failed to read band values: Register block read failed: No communication with the instrument (no answer)
2025-12-23 17:20:05 - core.sensor_reader - WARNING - [sensor_reader.py:374] - Band read failed, using empty bands
2025-12-23 17:20:09 - core.sensor_reader - ERROR - [sensor_reader.py:283] - Failed to read register block 43501: No communication with the instrument (no answer)
2025-12-23 17:20:09 - core.sensor_reader - ERROR - [sensor_reader.py:346] - Failed to read band values: Register block read failed: No communication with the instrument (no answer)
2025-12-23 17:20:09 - core.sensor_reader - WARNING - [sensor_reader.py:374] - Band read failed, using empty bands
2025-12-23 17:20:12 - core.sensor_reader - ERROR - [sensor_reader.py:283] - Failed to read register block 43501: No communication with the instrument (no answer)
2025-12-23 17:20:12 - core.sensor_reader - ERROR - [sensor_reader.py:346] - Failed to read band values: Register block read failed: No communication with the instrument (no answer)
2025-12-23 17:20:12 - core.sensor_reader - WARNING - [sensor_reader.py:374] - Band read failed, using empty bands
2025-12-23 17:20:16 - core.sensor_reader - ERROR - [sensor_reader.py:283] - Failed to read register block 43501: No communication with the instrument (no answer)
2025-12-23 17:20:16 - core.sensor_reader - ERROR - [sensor_reader.py:346] - Failed to read band values: Register block read failed: No communication with the instrument (no answer)
2025-12-23 17:20:16 - core.sensor_reader - WARNING - [sensor_reader.py:374] - Band read failed, using empty bands
2025-12-23 17:20:19 - core.sensor_reader - ERROR - [sensor_reader.py:283] - Failed to read register block 43501: No communication with the instrument (no answer)
2025-12-23 17:20:19 - core.sensor_reader - ERROR - [sensor_reader.py:346] - Failed to read band values: Register block read failed: No communication with the instrument (no answer)
2025-12-23 17:20:19 - core.sensor_reader - WARNING - [sensor_reader.py:374] - Band read failed, using empty bands
2025-12-23 17:20:22 - core.sensor_reader - ERROR - [sensor_reader.py:283] - Failed to read register block 43501: No communication with the instrument (no answer)
2025-12-23 17:20:22 - core.sensor_reader - ERROR - [sensor_reader.py:346] - Failed to read band values: Register block read failed: No communication with the instrument (no answer)
2025-12-23 17:20:22 - core.sensor_reader - WARNING - [sensor_reader.py:374] - Band read failed, using empty bands
2025-12-23 17:20:26 - core.sensor_reader - ERROR - [sensor_reader.py:283] - Failed to read register block 43501: No communication with the instrument (no answer)
2025-12-23 17:20:26 - core.sensor_reader - ERROR - [sensor_reader.py:346] - Failed to read band values: Register block read failed: No communication with the instrument (no answer)
2025-12-23 17:20:26 - core.sensor_reader - WARNING - [sensor_reader.py:374] - Band read failed, using empty bands
2025-12-23 17:20:30 - core.sensor_reader - ERROR - [sensor_reader.py:283] - Failed to read register block 43501: No communication with the instrument (no answer)
2025-12-23 17:20:30 - core.sensor_reader - ERROR - [sensor_reader.py:346] - Failed to read band values: Register block read failed: No communication with the instrument (no answer)
2025-12-23 17:20:30 - core.sensor_reader - WARNING - [sensor_reader.py:374] - Band read failed, using empty bands
2025-12-23 17:20:33 - core.sensor_reader - ERROR - [sensor_reader.py:283] - Failed to read register block 43501: No communication with the instrument (no answer)
2025-12-23 17:20:33 - core.sensor_reader - ERROR - [sensor_reader.py:346] - Failed to read band values: Register block read failed: No communication with the instrument (no answer)
2025-12-23 17:20:33 - core.sensor_reader - WARNING - [sensor_reader.py:374] - Band read failed, using empty bands
2025-12-23 17:20:36 - core.sensor_reader - ERROR - [sensor_reader.py:283] - Failed to read register block 43501: No communication with the instrument (no answer)
2025-12-23 17:20:36 - core.sensor_reader - ERROR - [sensor_reader.py:346] - Failed to read band values: Register block read failed: No communication with the instrument (no answer)
2025-12-23 17:20:36 - core.sensor_reader - WARNING - [sensor_reader.py:374] - Band read failed, using empty bands
2025-12-23 17:20:43 - core.sensor_reader - ERROR - [sensor_reader.py:283] - Failed to read register block 43501: No communication with the instrument (no answer)
2025-12-23 17:20:43 - core.sensor_reader - ERROR - [sensor_reader.py:346] - Failed to read band values: Register block read failed: No communication with the instrument (no answer)
2025-12-23 17:20:43 - core.sensor_reader - WARNING - [sensor_reader.py:374] - Band read failed, using empty bands
2025-12-23 17:20:47 - core.sensor_reader - ERROR - [sensor_reader.py:283] - Failed to read register block 43501: No communication with the instrument (no answer)
2025-12-23 17:20:47 - core.sensor_reader - ERROR - [sensor_reader.py:346] - Failed to read band values: Register block read failed: No communication with the instrument (no answer)
2025-12-23 17:20:47 - core.sensor_reader - WARNING - [sensor_reader.py:374] - Band read failed, using empty bands
2025-12-23 17:20:50 - core.sensor_reader - ERROR - [sensor_reader.py:283] - Failed to read register block 43501: No communication with the instrument (no answer)
2025-12-23 17:20:50 - core.sensor_reader - ERROR - [sensor_reader.py:346] - Failed to read band values: Register block read failed: No communication with the instrument (no answer)
2025-12-23 17:20:50 - core.sensor_reader - WARNING - [sensor_reader.py:374] - Band read failed, using empty bands
2025-12-23 17:20:53 - core.sensor_reader - ERROR - [sensor_reader.py:283] - Failed to read register block 43501: No communication with the instrument (no answer)
2025-12-23 17:20:53 - core.sensor_reader - ERROR - [sensor_reader.py:346] - Failed to read band values: Register block read failed: No communication with the instrument (no answer)
2025-12-23 17:20:53 - core.sensor_reader - WARNING - [sensor_reader.py:374] - Band read failed, using empty bands
2025-12-23 17:20:57 - core.sensor_reader - ERROR - [sensor_reader.py:283] - Failed to read register block 43501: No communication with the instrument (no answer)
2025-12-23 17:20:57 - core.sensor_reader - ERROR - [sensor_reader.py:346] - Failed to read band values: Register block read failed: No communication with the instrument (no answer)
2025-12-23 17:20:57 - core.sensor_reader - WARNING - [sensor_reader.py:374] - Band read failed, using empty bands
2025-12-23 17:21:00 - core.sensor_reader - ERROR - [sensor_reader.py:283] - Failed to read register block 43501: No communication with the instrument (no answer)
2025-12-23 17:21:00 - core.sensor_reader - ERROR - [sensor_reader.py:346] - Failed to read band values: Register block read failed: No communication with the instrument (no answer)
2025-12-23 17:21:00 - core.sensor_reader - WARNING - [sensor_reader.py:374] - Band read failed, using empty bands
2025-12-23 17:21:07 - core.sensor_reader - ERROR - [sensor_reader.py:283] - Failed to read register block 43501: No communication with the instrument (no answer)
2025-12-23 17:21:07 - core.sensor_reader - ERROR - [sensor_reader.py:346] - Failed to read band values: Register block read failed: No communication with the instrument (no answer)
2025-12-23 17:21:07 - core.sensor_reader - WARNING - [sensor_reader.py:374] - Band read failed, using empty bands
2025-12-23 17:21:11 - core.sensor_reader - ERROR - [sensor_reader.py:283] - Failed to read register block 43501: No communication with the instrument (no answer)
2025-12-23 17:21:11 - core.sensor_reader - ERROR - [sensor_reader.py:346] - Failed to read band values: Register block read failed: No communication with the instrument (no answer)
2025-12-23 17:21:11 - core.sensor_reader - WARNING - [sensor_reader.py:374] - Band read failed, using empty bands
2025-12-23 17:21:14 - core.sensor_reader - ERROR - [sensor_reader.py:283] - Failed to read register block 43501: No communication with the instrument (no answer)
2025-12-23 17:21:14 - core.sensor_reader - ERROR - [sensor_reader.py:346] - Failed to read band values: Register block read failed: No communication with the instrument (no answer)
2025-12-23 17:21:14 - core.sensor_reader - WARNING - [sensor_reader.py:374] - Band read failed, using empty bands
2025-12-23 17:21:17 - core.sensor_reader - ERROR - [sensor_reader.py:283] - Failed to read register block 43501: No communication with the instrument (no answer)
2025-12-23 17:21:17 - core.sensor_reader - ERROR - [sensor_reader.py:346] - Failed to read band values: Register block read failed: No communication with the instrument (no answer)
2025-12-23 17:21:17 - core.sensor_reader - WARNING - [sensor_reader.py:374] - Band read failed, using empty bands
2025-12-23 17:21:24 - core.sensor_reader - ERROR - [sensor_reader.py:283] - Failed to read register block 43501: No communication with the instrument (no answer)
2025-12-23 17:21:24 - core.sensor_reader - ERROR - [sensor_reader.py:346] - Failed to read band values: Register block read failed: No communication with the instrument (no answer)
2025-12-23 17:21:24 - core.sensor_reader - WARNING - [sensor_reader.py:374] - Band read failed, using empty bands
2025-12-23 17:21:27 - core.sensor_reader - ERROR - [sensor_reader.py:283] - Failed to read register block 43501: No communication with the instrument (no answer)
2025-12-23 17:21:27 - core.sensor_reader - ERROR - [sensor_reader.py:346] - Failed to read band values: Register block read failed: No communication with the instrument (no answer)
2025-12-23 17:21:27 - core.sensor_reader - WARNING - [sensor_reader.py:374] - Band read failed, using empty bands
2025-12-23 17:21:31 - core.sensor_reader - ERROR - [sensor_reader.py:283] - Failed to read register block 43501: No communication with the instrument (no answer)
2025-12-23 17:21:31 - core.sensor_reader - ERROR - [sensor_reader.py:346] - Failed to read band values: Register block read failed: No communication with the instrument (no answer)
2025-12-23 17:21:31 - core.sensor_reader - WARNING - [sensor_reader.py:374] - Band read failed, using empty bands
2025-12-23 17:21:34 - core.sensor_reader - ERROR - [sensor_reader.py:283] - Failed to read register block 43501: No communication with the instrument (no answer)
2025-12-23 17:21:34 - core.sensor_reader - ERROR - [sensor_reader.py:346] - Failed to read band values: Register block read failed: No communication with the instrument (no answer)
2025-12-23 17:21:34 - core.sensor_reader - WARNING - [sensor_reader.py:374] - Band read failed, using empty bands
2025-12-23 17:21:38 - core.sensor_reader - ERROR - [sensor_reader.py:283] - Failed to read register block 43501: No communication with the instrument (no answer)
2025-12-23 17:21:38 - core.sensor_reader - ERROR - [sensor_reader.py:346] - Failed to read band values: Register block read failed: No communication with the instrument (no answer)
2025-12-23 17:21:38 - core.sensor_reader - WARNING - [sensor_reader.py:374] - Band read failed, using empty bands
2025-12-23 17:21:41 - core.sensor_reader - ERROR - [sensor_reader.py:283] - Failed to read register block 43501: No communication with the instrument (no answer)
2025-12-23 17:21:41 - core.sensor_reader - ERROR - [sensor_reader.py:346] - Failed to read band values: Register block read failed: No communication with the instrument (no answer)
2025-12-23 17:21:41 - core.sensor_reader - WARNING - [sensor_reader.py:374] - Band read failed, using empty bands
2025-12-23 17:21:45 - core.sensor_reader - ERROR - [sensor_reader.py:283] - Failed to read register block 43501: No communication with the instrument (no answer)
2025-12-23 17:21:45 - core.sensor_reader - ERROR - [sensor_reader.py:346] - Failed to read band values: Register block read failed: No communication with the instrument (no answer)
2025-12-23 17:21:45 - core.sensor_reader - WARNING - [sensor_reader.py:374] - Band read failed, using empty bands
2025-12-23 17:21:48 - core.sensor_reader - ERROR - [sensor_reader.py:283] - Failed to read register block 43501: No communication with the instrument (no answer)
2025-12-23 17:21:48 - core.sensor_reader - ERROR - [sensor_reader.py:346] - Failed to read band values: Register block read failed: No communication with the instrument (no answer)
2025-12-23 17:21:48 - core.sensor_reader - WARNING - [sensor_reader.py:374] - Band read failed, using empty bands
2025-12-23 17:21:52 - core.sensor_reader - ERROR - [sensor_reader.py:283] - Failed to read register block 43501: No communication with the instrument (no answer)
2025-12-23 17:21:52 - core.sensor_reader - ERROR - [sensor_reader.py:346] - Failed to read band values: Register block read failed: No communication with the instrument (no answer)
2025-12-23 17:21:52 - core.sensor_reader - WARNING - [sensor_reader.py:374] - Band read failed, using empty bands
2025-12-23 17:21:55 - core.sensor_reader - ERROR - [sensor_reader.py:283] - Failed to read register block 43501: No communication with the instrument (no answer)
2025-12-23 17:21:55 - core.sensor_reader - ERROR - [sensor_reader.py:346] - Failed to read band values: Register block read failed: No communication with the instrument (no answer)
2025-12-23 17:21:55 - core.sensor_reader - WARNING - [sensor_reader.py:374] - Band read failed, using empty bands
2025-12-23 17:21:58 - core.sensor_reader - ERROR - [sensor_reader.py:283] - Failed to read register block 43501: No communication with the instrument (no answer)
2025-12-23 17:21:58 - core.sensor_reader - ERROR - [sensor_reader.py:346] - Failed to read band values: Register block read failed: No communication with the instrument (no answer)
2025-12-23 17:21:58 - core.sensor_reader - WARNING - [sensor_reader.py:374] - Band read failed, using empty bands
2025-12-23 17:22:02 - core.sensor_reader - ERROR - [sensor_reader.py:283] - Failed to read register block 43501: No communication with the instrument (no answer)
2025-12-23 17:22:02 - core.sensor_reader - ERROR - [sensor_reader.py:346] - Failed to read band values: Register block read failed: No communication with the instrument (no answer)
2025-12-23 17:22:02 - core.sensor_reader - WARNING - [sensor_reader.py:374] - Band read failed, using empty bands
2025-12-23 17:22:05 - core.sensor_reader - ERROR - [sensor_reader.py:283] - Failed to read register block 43501: No communication with the instrument (no answer)
2025-12-23 17:22:05 - core.sensor_reader - ERROR - [sensor_reader.py:346] - Failed to read band values: Register block read failed: No communication with the instrument (no answer)
2025-12-23 17:22:05 - core.sensor_reader - WARNING - [sensor_reader.py:374] - Band read failed, using empty bands
2025-12-23 17:22:09 - core.sensor_reader - ERROR - [sensor_reader.py:283] - Failed to read register block 43501: No communication with the instrument (no answer)
2025-12-23 17:22:09 - core.sensor_reader - ERROR - [sensor_reader.py:346] - Failed to read band values: Register block read failed: No communication with the instrument (no answer)
2025-12-23 17:22:09 - core.sensor_reader - WARNING - [sensor_reader.py:374] - Band read failed, using empty bands
2025-12-23 17:22:12 - core.sensor_reader - ERROR - [sensor_reader.py:283] - Failed to read register block 43501: No communication with the instrument (no answer)
2025-12-23 17:22:12 - core.sensor_reader - ERROR - [sensor_reader.py:346] - Failed to read band values: Register block read failed: No communication with the instrument (no answer)
2025-12-23 17:22:12 - core.sensor_reader - WARNING - [sensor_reader.py:374] - Band read failed, using empty bands
2025-12-23 17:22:16 - core.sensor_reader - ERROR - [sensor_reader.py:283] - Failed to read register block 43501: No communication with the instrument (no answer)
2025-12-23 17:22:16 - core.sensor_reader - ERROR - [sensor_reader.py:346] - Failed to read band values: Register block read failed: No communication with the instrument (no answer)
2025-12-23 17:22:16 - core.sensor_reader - WARNING - [sensor_reader.py:374] - Band read failed, using empty bands
2025-12-23 17:22:19 - core.sensor_reader - ERROR - [sensor_reader.py:283] - Failed to read register block 43501: No communication with the instrument (no answer)
2025-12-23 17:22:19 - core.sensor_reader - ERROR - [sensor_reader.py:346] - Failed to read band values: Register block read failed: No communication with the instrument (no answer)
2025-12-23 17:22:19 - core.sensor_reader - WARNING - [sensor_reader.py:374] - Band read failed, using empty bands
2025-12-23 17:22:23 - core.sensor_reader - ERROR - [sensor_reader.py:283] - Failed to read register block 43501: No communication with the instrument (no answer)
2025-12-23 17:22:23 - core.sensor_reader - ERROR - [sensor_reader.py:346] - Failed to read band values: Register block read failed: No communication with the instrument (no answer)
2025-12-23 17:22:23 - core.sensor_reader - WARNING - [sensor_reader.py:374] - Band read failed, using empty bands
2025-12-23 17:22:26 - core.sensor_reader - ERROR - [sensor_reader.py:283] - Failed to read register block 43501: No communication with the instrument (no answer)
2025-12-23 17:22:26 - core.sensor_reader - ERROR - [sensor_reader.py:346] - Failed to read band values: Register block read failed: No communication with the instrument (no answer)
2025-12-23 17:22:26 - core.sensor_reader - WARNING - [sensor_reader.py:374] - Band read failed, using empty bands
2025-12-23 17:22:30 - core.sensor_reader - ERROR - [sensor_reader.py:283] - Failed to read register block 43501: No communication with the instrument (no answer)
2025-12-23 17:22:30 - core.sensor_reader - ERROR - [sensor_reader.py:346] - Failed to read band values: Register block read failed: No communication with the instrument (no answer)
2025-12-23 17:22:30 - core.sensor_reader - WARNING - [sensor_reader.py:374] - Band read failed, using empty bands
2025-12-23 17:22:33 - core.sensor_reader - ERROR - [sensor_reader.py:283] - Failed to read register block 43501: No communication with the instrument (no answer)
2025-12-23 17:22:33 - core.sensor_reader - ERROR - [sensor_reader.py:346] - Failed to read band values: Register block read failed: No communication with the instrument (no answer)
2025-12-23 17:22:33 - core.sensor_reader - WARNING - [sensor_reader.py:374] - Band read failed, using empty bands
2025-12-23 17:22:37 - core.sensor_reader - ERROR - [sensor_reader.py:283] - Failed to read register block 43501: No communication with the instrument (no answer)
2025-12-23 17:22:37 - core.sensor_reader - ERROR - [sensor_reader.py:346] - Failed to read band values: Register block read failed: No communication with the instrument (no answer)
2025-12-23 17:22:37 - core.sensor_reader - WARNING - [sensor_reader.py:374] - Band read failed, using empty bands
2025-12-23 17:22:40 - core.sensor_reader - ERROR - [sensor_reader.py:283] - Failed to read register block 43501: No communication with the instrument (no answer)
2025-12-23 17:22:40 - core.sensor_reader - ERROR - [sensor_reader.py:346] - Failed to read band values: Register block read failed: No communication with the instrument (no answer)
2025-12-23 17:22:40 - core.sensor_reader - WARNING - [sensor_reader.py:374] - Band read failed, using empty bands
2025-12-23 17:22:44 - core.sensor_reader - ERROR - [sensor_reader.py:283] - Failed to read register block 43501: No communication with the instrument (no answer)
2025-12-23 17:22:44 - core.sensor_reader - ERROR - [sensor_reader.py:346] - Failed to read band values: Register block read failed: No communication with the instrument (no answer)
2025-12-23 17:22:44 - core.sensor_reader - WARNING - [sensor_reader.py:374] - Band read failed, using empty bands
2025-12-23 17:22:47 - core.sensor_reader - ERROR - [sensor_reader.py:283] - Failed to read register block 43501: No communication with the instrument (no answer)
2025-12-23 17:22:47 - core.sensor_reader - ERROR - [sensor_reader.py:346] - Failed to read band values: Register block read failed: No communication with the instrument (no answer)
2025-12-23 17:22:47 - core.sensor_reader - WARNING - [sensor_reader.py:374] - Band read failed, using empty bands
2025-12-23 17:22:50 - core.sensor_reader - ERROR - [sensor_reader.py:283] - Failed to read register block 43501: No communication with the instrument (no answer)
2025-12-23 17:22:50 - core.sensor_reader - ERROR - [sensor_reader.py:346] - Failed to read band values: Register block read failed: No communication with the instrument (no answer)
2025-12-23 17:22:50 - core.sensor_reader - WARNING - [sensor_reader.py:374] - Band read failed, using empty bands
2025-12-23 17:22:54 - core.sensor_reader - ERROR - [sensor_reader.py:283] - Failed to read register block 43501: No communication with the instrument (no answer)
2025-12-23 17:22:54 - core.sensor_reader - ERROR - [sensor_reader.py:346] - Failed to read band values: Register block read failed: No communication with the instrument (no answer)
2025-12-23 17:22:54 - core.sensor_reader - WARNING - [sensor_reader.py:374] - Band read failed, using empty bands
2025-12-23 17:22:57 - core.sensor_reader - ERROR - [sensor_reader.py:283] - Failed to read register block 43501: No communication with the instrument (no answer)
2025-12-23 17:22:57 - core.sensor_reader - ERROR - [sensor_reader.py:346] - Failed to read band values: Register block read failed: No communication with the instrument (no answer)
2025-12-23 17:22:57 - core.sensor_reader - WARNING - [sensor_reader.py:374] - Band read failed, using empty bands
2025-12-23 17:23:01 - core.sensor_reader - ERROR - [sensor_reader.py:283] - Failed to read register block 43501: No communication with the instrument (no answer)
2025-12-23 17:23:01 - core.sensor_reader - ERROR - [sensor_reader.py:346] - Failed to read band values: Register block read failed: No communication with the instrument (no answer)
2025-12-23 17:23:01 - core.sensor_reader - WARNING - [sensor_reader.py:374] - Band read failed, using empty bands
2025-12-23 17:23:04 - core.sensor_reader - ERROR - [sensor_reader.py:283] - Failed to read register block 43501: No communication with the instrument (no answer)
2025-12-23 17:23:04 - core.sensor_reader - ERROR - [sensor_reader.py:346] - Failed to read band values: Register block read failed: No communication with the instrument (no answer)
2025-12-23 17:23:04 - core.sensor_reader - WARNING - [sensor_reader.py:374] - Band read failed, using empty bands
2025-12-23 17:23:08 - core.sensor_reader - ERROR - [sensor_reader.py:283] - Failed to read register block 43501: No communication with the instrument (no answer)
2025-12-23 17:23:08 - core.sensor_reader - ERROR - [sensor_reader.py:346] - Failed to read band values: Register block read failed: No communication with the instrument (no answer)
2025-12-23 17:23:08 - core.sensor_reader - WARNING - [sensor_reader.py:374] - Band read failed, using empty bands
2025-12-23 17:23:11 - core.sensor_reader - ERROR - [sensor_reader.py:283] - Failed to read register block 43501: No communication with the instrument (no answer)
2025-12-23 17:23:11 - core.sensor_reader - ERROR - [sensor_reader.py:346] - Failed to read band values: Register block read failed: No communication with the instrument (no answer)
2025-12-23 17:23:11 - core.sensor_reader - WARNING - [sensor_reader.py:374] - Band read failed, using empty bands
2025-12-23 17:23:15 - core.sensor_reader - ERROR - [sensor_reader.py:283] - Failed to read register block 43501: No communication with the instrument (no answer)
2025-12-23 17:23:15 - core.sensor_reader - ERROR - [sensor_reader.py:346] - Failed to read band values: Register block read failed: No communication with the instrument (no answer)
2025-12-23 17:23:15 - core.sensor_reader - WARNING - [sensor_reader.py:374] - Band read failed, using empty bands
2025-12-23 17:23:18 - core.sensor_reader - ERROR - [sensor_reader.py:283] - Failed to read register block 43501: No communication with the instrument (no answer)
2025-12-23 17:23:18 - core.sensor_reader - ERROR - [sensor_reader.py:346] - Failed to read band values: Register block read failed: No communication with the instrument (no answer)
2025-12-23 17:23:18 - core.sensor_reader - WARNING - [sensor_reader.py:374] - Band read failed, using empty bands
2025-12-23 17:23:21 - core.sensor_reader - ERROR - [sensor_reader.py:283] - Failed to read register block 43501: No communication with the instrument (no answer)
2025-12-23 17:23:21 - core.sensor_reader - ERROR - [sensor_reader.py:346] - Failed to read band values: Register block read failed: No communication with the instrument (no answer)
2025-12-23 17:23:21 - core.sensor_reader - WARNING - [sensor_reader.py:374] - Band read failed, using empty bands
2025-12-23 17:23:25 - core.sensor_reader - ERROR - [sensor_reader.py:283] - Failed to read register block 43501: No communication with the instrument (no answer)
2025-12-23 17:23:25 - core.sensor_reader - ERROR - [sensor_reader.py:346] - Failed to read band values: Register block read failed: No communication with the instrument (no answer)
2025-12-23 17:23:25 - core.sensor_reader - WARNING - [sensor_reader.py:374] - Band read failed, using empty bands
2025-12-23 17:23:28 - core.sensor_reader - ERROR - [sensor_reader.py:283] - Failed to read register block 43501: No communication with the instrument (no answer)
2025-12-23 17:23:28 - core.sensor_reader - ERROR - [sensor_reader.py:346] - Failed to read band values: Register block read failed: No communication with the instrument (no answer)
2025-12-23 17:23:28 - core.sensor_reader - WARNING - [sensor_reader.py:374] - Band read failed, using empty bands
2025-12-23 17:23:32 - core.sensor_reader - ERROR - [sensor_reader.py:283] - Failed to read register block 43501: No communication with the instrument (no answer)
2025-12-23 17:23:32 - core.sensor_reader - ERROR - [sensor_reader.py:346] - Failed to read band values: Register block read failed: No communication with the instrument (no answer)
2025-12-23 17:23:32 - core.sensor_reader - WARNING - [sensor_reader.py:374] - Band read failed, using empty bands
2025-12-23 17:23:35 - core.sensor_reader - ERROR - [sensor_reader.py:283] - Failed to read register block 43501: No communication with the instrument (no answer)
2025-12-23 17:23:35 - core.sensor_reader - ERROR - [sensor_reader.py:346] - Failed to read band values: Register block read failed: No communication with the instrument (no answer)
2025-12-23 17:23:35 - core.sensor_reader - WARNING - [sensor_reader.py:374] - Band read failed, using empty bands
2025-12-23 17:23:39 - core.sensor_reader - ERROR - [sensor_reader.py:283] - Failed to read register block 43501: No communication with the instrument (no answer)
2025-12-23 17:23:39 - core.sensor_reader - ERROR - [sensor_reader.py:346] - Failed to read band values: Register block read failed: No communication with the instrument (no answer)
2025-12-23 17:23:39 - core.sensor_reader - WARNING - [sensor_reader.py:374] - Band read failed, using empty bands
2025-12-23 17:23:42 - core.sensor_reader - ERROR - [sensor_reader.py:283] - Failed to read register block 43501: No communication with the instrument (no answer)
2025-12-23 17:23:42 - core.sensor_reader - ERROR - [sensor_reader.py:346] - Failed to read band values: Register block read failed: No communication with the instrument (no answer)
2025-12-23 17:23:42 - core.sensor_reader - WARNING - [sensor_reader.py:374] - Band read failed, using empty bands
2025-12-23 17:23:46 - core.sensor_reader - ERROR - [sensor_reader.py:283] - Failed to read register block 43501: No communication with the instrument (no answer)
2025-12-23 17:23:46 - core.sensor_reader - ERROR - [sensor_reader.py:346] - Failed to read band values: Register block read failed: No communication with the instrument (no answer)
2025-12-23 17:23:46 - core.sensor_reader - WARNING - [sensor_reader.py:374] - Band read failed, using empty bands
2025-12-23 17:23:49 - core.sensor_reader - ERROR - [sensor_reader.py:283] - Failed to read register block 43501: No communication with the instrument (no answer)
2025-12-23 17:23:49 - core.sensor_reader - ERROR - [sensor_reader.py:346] - Failed to read band values: Register block read failed: No communication with the instrument (no answer)
2025-12-23 17:23:49 - core.sensor_reader - WARNING - [sensor_reader.py:374] - Band read failed, using empty bands
2025-12-23 17:23:53 - core.sensor_reader - ERROR - [sensor_reader.py:283] - Failed to read register block 43501: No communication with the instrument (no answer)
2025-12-23 17:23:53 - core.sensor_reader - ERROR - [sensor_reader.py:346] - Failed to read band values: Register block read failed: No communication with the instrument (no answer)
2025-12-23 17:23:53 - core.sensor_reader - WARNING - [sensor_reader.py:374] - Band read failed, using empty bands
2025-12-23 17:23:56 - core.sensor_reader - ERROR - [sensor_reader.py:283] - Failed to read register block 43501: No communication with the instrument (no answer)
2025-12-23 17:23:56 - core.sensor_reader - ERROR - [sensor_reader.py:346] - Failed to read band values: Register block read failed: No communication with the instrument (no answer)
2025-12-23 17:23:56 - core.sensor_reader - WARNING - [sensor_reader.py:374] - Band read failed, using empty bands
2025-12-23 17:23:59 - core.sensor_reader - ERROR - [sensor_reader.py:283] - Failed to read register block 43501: No communication with the instrument (no answer)
2025-12-23 17:23:59 - core.sensor_reader - ERROR - [sensor_reader.py:346] - Failed to read band values: Register block read failed: No communication with the instrument (no answer)
2025-12-23 17:23:59 - core.sensor_reader - WARNING - [sensor_reader.py:374] - Band read failed, using empty bands
2025-12-23 17:24:03 - core.sensor_reader - ERROR - [sensor_reader.py:283] - Failed to read register block 43501: No communication with the instrument (no answer)
2025-12-23 17:24:03 - core.sensor_reader - ERROR - [sensor_reader.py:346] - Failed to read band values: Register block read failed: No communication with the instrument (no answer)
2025-12-23 17:24:03 - core.sensor_reader - WARNING - [sensor_reader.py:374] - Band read failed, using empty bands
2025-12-23 17:24:06 - core.sensor_reader - ERROR - [sensor_reader.py:283] - Failed to read register block 43501: No communication with the instrument (no answer)
2025-12-23 17:24:06 - core.sensor_reader - ERROR - [sensor_reader.py:346] - Failed to read band values: Register block read failed: No communication with the instrument (no answer)
2025-12-23 17:24:06 - core.sensor_reader - WARNING - [sensor_reader.py:374] - Band read failed, using empty bands
2025-12-23 17:24:10 - core.sensor_reader - ERROR - [sensor_reader.py:283] - Failed to read register block 43501: No communication with the instrument (no answer)
2025-12-23 17:24:10 - core.sensor_reader - ERROR - [sensor_reader.py:346] - Failed to read band values: Register block read failed: No communication with the instrument (no answer)
2025-12-23 17:24:10 - core.sensor_reader - WARNING - [sensor_reader.py:374] - Band read failed, using empty bands
2025-12-23 17:24:13 - core.sensor_reader - ERROR - [sensor_reader.py:283] - Failed to read register block 43501: No communication with the instrument (no answer)
2025-12-23 17:24:13 - core.sensor_reader - ERROR - [sensor_reader.py:346] - Failed to read band values: Register block read failed: No communication with the instrument (no answer)
2025-12-23 17:24:13 - core.sensor_reader - WARNING - [sensor_reader.py:374] - Band read failed, using empty bands
2025-12-23 17:24:17 - core.sensor_reader - ERROR - [sensor_reader.py:283] - Failed to read register block 43501: No communication with the instrument (no answer)
2025-12-23 17:24:17 - core.sensor_reader - ERROR - [sensor_reader.py:346] - Failed to read band values: Register block read failed: No communication with the instrument (no answer)
2025-12-23 17:24:17 - core.sensor_reader - WARNING - [sensor_reader.py:374] - Band read failed, using empty bands
2025-12-23 17:24:20 - core.sensor_reader - ERROR - [sensor_reader.py:283] - Failed to read register block 43501: No communication with the instrument (no answer)
2025-12-23 17:24:20 - core.sensor_reader - ERROR - [sensor_reader.py:346] - Failed to read band values: Register block read failed: No communication with the instrument (no answer)
2025-12-23 17:24:20 - core.sensor_reader - WARNING - [sensor_reader.py:374] - Band read failed, using empty bands
2025-12-23 17:24:24 - core.sensor_reader - ERROR - [sensor_reader.py:283] - Failed to read register block 43501: No communication with the instrument (no answer)
2025-12-23 17:24:24 - core.sensor_reader - ERROR - [sensor_reader.py:346] - Failed to read band values: Register block read failed: No communication with the instrument (no answer)
2025-12-23 17:24:24 - core.sensor_reader - WARNING - [sensor_reader.py:374] - Band read failed, using empty bands
2025-12-23 17:24:27 - core.sensor_reader - ERROR - [sensor_reader.py:283] - Failed to read register block 43501: No communication with the instrument (no answer)
2025-12-23 17:24:27 - core.sensor_reader - ERROR - [sensor_reader.py:346] - Failed to read band values: Register block read failed: No communication with the instrument (no answer)
2025-12-23 17:24:27 - core.sensor_reader - WARNING - [sensor_reader.py:374] - Band read failed, using empty bands
2025-12-23 17:24:30 - core.sensor_reader - ERROR - [sensor_reader.py:283] - Failed to read register block 43501: No communication with the instrument (no answer)
2025-12-23 17:24:30 - core.sensor_reader - ERROR - [sensor_reader.py:346] - Failed to read band values: Register block read failed: No communication with the instrument (no answer)
2025-12-23 17:24:30 - core.sensor_reader - WARNING - [sensor_reader.py:374] - Band read failed, using empty bands
2025-12-23 17:24:34 - core.sensor_reader - ERROR - [sensor_reader.py:283] - Failed to read register block 43501: No communication with the instrument (no answer)
2025-12-23 17:24:34 - core.sensor_reader - ERROR - [sensor_reader.py:346] - Failed to read band values: Register block read failed: No communication with the instrument (no answer)
2025-12-23 17:24:34 - core.sensor_reader - WARNING - [sensor_reader.py:374] - Band read failed, using empty bands
2025-12-23 17:24:37 - core.sensor_reader - ERROR - [sensor_reader.py:283] - Failed to read register block 43501: No communication with the instrument (no answer)
2025-12-23 17:24:37 - core.sensor_reader - ERROR - [sensor_reader.py:346] - Failed to read band values: Register block read failed: No communication with the instrument (no answer)
2025-12-23 17:24:37 - core.sensor_reader - WARNING - [sensor_reader.py:374] - Band read failed, using empty bands
2025-12-23 17:24:41 - core.sensor_reader - ERROR - [sensor_reader.py:283] - Failed to read register block 43501: No communication with the instrument (no answer)
2025-12-23 17:24:41 - core.sensor_reader - ERROR - [sensor_reader.py:346] - Failed to read band values: Register block read failed: No communication with the instrument (no answer)
2025-12-23 17:24:41 - core.sensor_reader - WARNING - [sensor_reader.py:374] - Band read failed, using empty bands
2025-12-23 17:24:44 - core.sensor_reader - ERROR - [sensor_reader.py:283] - Failed to read register block 43501: No communication with the instrument (no answer)
2025-12-23 17:24:44 - core.sensor_reader - ERROR - [sensor_reader.py:346] - Failed to read band values: Register block read failed: No communication with the instrument (no answer)
2025-12-23 17:24:44 - core.sensor_reader - WARNING - [sensor_reader.py:374] - Band read failed, using empty bands
2025-12-23 17:24:48 - core.sensor_reader - ERROR - [sensor_reader.py:283] - Failed to read register block 43501: No communication with the instrument (no answer)
2025-12-23 17:24:48 - core.sensor_reader - ERROR - [sensor_reader.py:346] - Failed to read band values: Register block read failed: No communication with the instrument (no answer)
2025-12-23 17:24:48 - core.sensor_reader - WARNING - [sensor_reader.py:374] - Band read failed, using empty bands
2025-12-23 17:24:51 - core.sensor_reader - ERROR - [sensor_reader.py:283] - Failed to read register block 43501: No communication with the instrument (no answer)
2025-12-23 17:24:51 - core.sensor_reader - ERROR - [sensor_reader.py:346] - Failed to read band values: Register block read failed: No communication with the instrument (no answer)
2025-12-23 17:24:51 - core.sensor_reader - WARNING - [sensor_reader.py:374] - Band read failed, using empty bands
2025-12-23 17:24:55 - core.sensor_reader - ERROR - [sensor_reader.py:283] - Failed to read register block 43501: No communication with the instrument (no answer)
2025-12-23 17:24:55 - core.sensor_reader - ERROR - [sensor_reader.py:346] - Failed to read band values: Register block read failed: No communication with the instrument (no answer)
2025-12-23 17:24:55 - core.sensor_reader - WARNING - [sensor_reader.py:374] - Band read failed, using empty bands
2025-12-23 17:24:58 - core.sensor_reader - ERROR - [sensor_reader.py:283] - Failed to read register block 43501: No communication with the instrument (no answer)
2025-12-23 17:24:58 - core.sensor_reader - ERROR - [sensor_reader.py:346] - Failed to read band values: Register block read failed: No communication with the instrument (no answer)
2025-12-23 17:24:58 - core.sensor_reader - WARNING - [sensor_reader.py:374] - Band read failed, using empty bands
2025-12-23 17:25:02 - core.sensor_reader - ERROR - [sensor_reader.py:283] - Failed to read register block 43501: No communication with the instrument (no answer)
2025-12-23 17:25:02 - core.sensor_reader - ERROR - [sensor_reader.py:346] - Failed to read band values: Register block read failed: No communication with the instrument (no answer)
2025-12-23 17:25:02 - core.sensor_reader - WARNING - [sensor_reader.py:374] - Band read failed, using empty bands
2025-12-23 17:25:05 - core.sensor_reader - ERROR - [sensor_reader.py:283] - Failed to read register block 43501: No communication with the instrument (no answer)
2025-12-23 17:25:05 - core.sensor_reader - ERROR - [sensor_reader.py:346] - Failed to read band values: Register block read failed: No communication with the instrument (no answer)
2025-12-23 17:25:05 - core.sensor_reader - WARNING - [sensor_reader.py:374] - Band read failed, using empty bands
2025-12-23 17:25:08 - core.sensor_reader - ERROR - [sensor_reader.py:283] - Failed to read register block 43501: No communication with the instrument (no answer)
2025-12-23 17:25:08 - core.sensor_reader - ERROR - [sensor_reader.py:346] - Failed to read band values: Register block read failed: No communication with the instrument (no answer)
2025-12-23 17:25:08 - core.sensor_reader - WARNING - [sensor_reader.py:374] - Band read failed, using empty bands
2025-12-23 17:25:12 - core.sensor_reader - ERROR - [sensor_reader.py:283] - Failed to read register block 43501: No communication with the instrument (no answer)
2025-12-23 17:25:12 - core.sensor_reader - ERROR - [sensor_reader.py:346] - Failed to read band values: Register block read failed: No communication with the instrument (no answer)
2025-12-23 17:25:12 - core.sensor_reader - WARNING - [sensor_reader.py:374] - Band read failed, using empty bands
2025-12-23 17:25:15 - core.sensor_reader - ERROR - [sensor_reader.py:283] - Failed to read register block 43501: No communication with the instrument (no answer)
2025-12-23 17:25:15 - core.sensor_reader - ERROR - [sensor_reader.py:346] - Failed to read band values: Register block read failed: No communication with the instrument (no answer)
2025-12-23 17:25:15 - core.sensor_reader - WARNING - [sensor_reader.py:374] - Band read failed, using empty bands
2025-12-23 17:25:19 - core.sensor_reader - ERROR - [sensor_reader.py:283] - Failed to read register block 43501: No communication with the instrument (no answer)
2025-12-23 17:25:19 - core.sensor_reader - ERROR - [sensor_reader.py:346] - Failed to read band values: Register block read failed: No communication with the instrument (no answer)
2025-12-23 17:25:19 - core.sensor_reader - WARNING - [sensor_reader.py:374] - Band read failed, using empty bands
2025-12-23 17:25:22 - core.sensor_reader - ERROR - [sensor_reader.py:283] - Failed to read register block 43501: No communication with the instrument (no answer)
2025-12-23 17:25:22 - core.sensor_reader - ERROR - [sensor_reader.py:346] - Failed to read band values: Register block read failed: No communication with the instrument (no answer)
2025-12-23 17:25:22 - core.sensor_reader - WARNING - [sensor_reader.py:374] - Band read failed, using empty bands
2025-12-23 17:25:26 - core.sensor_reader - ERROR - [sensor_reader.py:283] - Failed to read register block 43501: No communication with the instrument (no answer)
2025-12-23 17:25:26 - core.sensor_reader - ERROR - [sensor_reader.py:346] - Failed to read band values: Register block read failed: No communication with the instrument (no answer)
2025-12-23 17:25:26 - core.sensor_reader - WARNING - [sensor_reader.py:374] - Band read failed, using empty bands
2025-12-23 17:25:29 - core.sensor_reader - ERROR - [sensor_reader.py:283] - Failed to read register block 43501: No communication with the instrument (no answer)
2025-12-23 17:25:29 - core.sensor_reader - ERROR - [sensor_reader.py:346] - Failed to read band values: Register block read failed: No communication with the instrument (no answer)
2025-12-23 17:25:29 - core.sensor_reader - WARNING - [sensor_reader.py:374] - Band read failed, using empty bands
2025-12-23 17:25:33 - core.sensor_reader - ERROR - [sensor_reader.py:283] - Failed to read register block 43501: No communication with the instrument (no answer)
2025-12-23 17:25:33 - core.sensor_reader - ERROR - [sensor_reader.py:346] - Failed to read band values: Register block read failed: No communication with the instrument (no answer)
2025-12-23 17:25:33 - core.sensor_reader - WARNING - [sensor_reader.py:374] - Band read failed, using empty bands
2025-12-23 17:25:36 - core.sensor_reader - ERROR - [sensor_reader.py:283] - Failed to read register block 43501: No communication with the instrument (no answer)
2025-12-23 17:25:36 - core.sensor_reader - ERROR - [sensor_reader.py:346] - Failed to read band values: Register block read failed: No communication with the instrument (no answer)
2025-12-23 17:25:36 - core.sensor_reader - WARNING - [sensor_reader.py:374] - Band read failed, using empty bands
