2025-12-27 19:03:20 - core.sensor_reader - ERROR - [sensor_reader.py:136] - Failed to initialize Modbus instrument on COM3: could not open port 'COM3': OSError(22, 'The semaphore timeout period has expired.', None, 121)
2025-12-27 19:03:20 - core.sensor_reader - ERROR - [sensor_reader.py:94] - Failed to initialize sensor reader: Modbus init failed on COM3: could not open port 'COM3': OSError(22, 'The semaphore timeout period has expired.', None, 121)
2025-12-27 19:03:20 - core.sensor_reader - ERROR - [sensor_reader.py:539] - Failed to initialize reader: Initialization failed: Modbus init failed on COM3: could not open port 'COM3': OSError(22, 'The semaphore timeout period has expired.', None, 121)
2025-12-27 19:03:20 - core.sensor_reader - ERROR - [sensor_reader.py:573] - Sensor read error: Sensor reader not initialized
2025-12-27 19:03:21 - core.sensor_reader - ERROR - [sensor_reader.py:573] - Sensor read error: Sensor reader not initialized
2025-12-27 19:03:22 - core.sensor_reader - ERROR - [sensor_reader.py:573] - Sensor read error: Sensor reader not initialized
2025-12-27 19:03:23 - core.sensor_reader - ERROR - [sensor_reader.py:573] - Sensor read error: Sensor reader not initialized
2025-12-27 19:03:24 - core.sensor_reader - ERROR - [sensor_reader.py:573] - Sensor read error: Sensor reader not initialized
2025-12-27 19:03:25 - core.sensor_reader - INFO - [sensor_reader.py:133] - Modbus instrument initialized on COM5 (slave 1)
2025-12-27 19:03:25 - core.sensor_reader - INFO - [sensor_reader.py:92] - Sensor reader initialized with frequency 3200.0 Hz
2025-12-27 19:03:29 - core.sensor_reader - ERROR - [sensor_reader.py:283] - Failed to read register block 43501: No communication with the instrument (no answer)
2025-12-27 19:03:29 - core.sensor_reader - ERROR - [sensor_reader.py:353] - Failed to read band block: Register block read failed: No communication with the instrument (no answer)
2025-12-27 19:03:29 - core.sensor_reader - INFO - [sensor_reader.py:433] - Extended bands unavailable, trying simple band registers
2025-12-27 19:03:29 - core.sensor_reader - INFO - [sensor_reader.py:133] - Modbus instrument initialized on COM5 (slave 1)
2025-12-27 19:03:29 - core.sensor_reader - INFO - [sensor_reader.py:92] - Sensor reader initialized with frequency 3200.0 Hz
2025-12-27 19:03:33 - core.sensor_reader - ERROR - [sensor_reader.py:283] - Failed to read register block 43501: No communication with the instrument (no answer)
2025-12-27 19:03:33 - core.sensor_reader - ERROR - [sensor_reader.py:353] - Failed to read band block: Register block read failed: No communication with the instrument (no answer)
2025-12-27 19:03:33 - core.sensor_reader - INFO - [sensor_reader.py:433] - Extended bands unavailable, trying simple band registers
2025-12-27 19:03:33 - core.sensor_reader - INFO - [sensor_reader.py:133] - Modbus instrument initialized on COM5 (slave 1)
2025-12-27 19:03:33 - core.sensor_reader - INFO - [sensor_reader.py:92] - Sensor reader initialized with frequency 3200.0 Hz
2025-12-27 19:03:37 - core.sensor_reader - ERROR - [sensor_reader.py:283] - Failed to read register block 43501: No communication with the instrument (no answer)
2025-12-27 19:03:37 - core.sensor_reader - ERROR - [sensor_reader.py:353] - Failed to read band block: Register block read failed: No communication with the instrument (no answer)
2025-12-27 19:03:37 - core.sensor_reader - INFO - [sensor_reader.py:433] - Extended bands unavailable, trying simple band registers
2025-12-27 19:03:40 - core.sensor_reader - ERROR - [sensor_reader.py:283] - Failed to read register block 43501: No communication with the instrument (no answer)
2025-12-27 19:03:40 - core.sensor_reader - ERROR - [sensor_reader.py:353] - Failed to read band block: Register block read failed: No communication with the instrument (no answer)
2025-12-27 19:03:40 - core.sensor_reader - INFO - [sensor_reader.py:433] - Extended bands unavailable, trying simple band registers
2025-12-27 19:03:44 - core.sensor_reader - ERROR - [sensor_reader.py:283] - Failed to read register block 43501: No communication with the instrument (no answer)
2025-12-27 19:03:44 - core.sensor_reader - ERROR - [sensor_reader.py:353] - Failed to read band block: Register block read failed: No communication with the instrument (no answer)
2025-12-27 19:03:44 - core.sensor_reader - INFO - [sensor_reader.py:433] - Extended bands unavailable, trying simple band registers
2025-12-27 19:03:47 - core.sensor_reader - ERROR - [sensor_reader.py:283] - Failed to read register block 43501: No communication with the instrument (no answer)
2025-12-27 19:03:47 - core.sensor_reader - ERROR - [sensor_reader.py:353] - Failed to read band block: Register block read failed: No communication with the instrument (no answer)
2025-12-27 19:03:47 - core.sensor_reader - INFO - [sensor_reader.py:433] - Extended bands unavailable, trying simple band registers
2025-12-27 19:03:51 - core.sensor_reader - ERROR - [sensor_reader.py:283] - Failed to read register block 43501: No communication with the instrument (no answer)
2025-12-27 19:03:51 - core.sensor_reader - ERROR - [sensor_reader.py:353] - Failed to read band block: Register block read failed: No communication with the instrument (no answer)
2025-12-27 19:03:51 - core.sensor_reader - INFO - [sensor_reader.py:433] - Extended bands unavailable, trying simple band registers
2025-12-27 19:03:55 - core.sensor_reader - ERROR - [sensor_reader.py:283] - Failed to read register block 43501: No communication with the instrument (no answer)
2025-12-27 19:03:55 - core.sensor_reader - ERROR - [sensor_reader.py:353] - Failed to read band block: Register block read failed: No communication with the instrument (no answer)
2025-12-27 19:03:55 - core.sensor_reader - INFO - [sensor_reader.py:433] - Extended bands unavailable, trying simple band registers
2025-12-27 19:03:58 - core.sensor_reader - ERROR - [sensor_reader.py:283] - Failed to read register block 43501: No communication with the instrument (no answer)
2025-12-27 19:03:58 - core.sensor_reader - ERROR - [sensor_reader.py:353] - Failed to read band block: Register block read failed: No communication with the instrument (no answer)
2025-12-27 19:03:58 - core.sensor_reader - INFO - [sensor_reader.py:433] - Extended bands unavailable, trying simple band registers
