2025-12-27 22:18:46 - core.sensor_reader - ERROR - [sensor_reader.py:176] - Failed to initialize Modbus instrument on COM3: could not open port 'COM3': OSError(22, 'The semaphore timeout period has expired.', None, 121)
2025-12-27 22:18:46 - core.sensor_reader - ERROR - [sensor_reader.py:134] - Failed to initialize sensor reader: Modbus init failed on COM3: could not open port 'COM3': OSError(22, 'The semaphore timeout period has expired.', None, 121)
2025-12-27 22:18:46 - core.sensor_reader - ERROR - [sensor_reader.py:593] - Failed to initialize reader: Initialization failed: Modbus init failed on COM3: could not open port 'COM3': OSError(22, 'The semaphore timeout period has expired.', None, 121)
2025-12-27 22:18:47 - core.sensor_reader - ERROR - [sensor_reader.py:627] - Sensor read error: Sensor reader not initialized
2025-12-27 22:18:48 - core.sensor_reader - ERROR - [sensor_reader.py:627] - Sensor read error: Sensor reader not initialized
2025-12-27 22:18:49 - core.sensor_reader - ERROR - [sensor_reader.py:627] - Sensor read error: Sensor reader not initialized
2025-12-27 22:18:50 - core.sensor_reader - ERROR - [sensor_reader.py:627] - Sensor read error: Sensor reader not initialized
2025-12-27 22:18:51 - core.sensor_reader - ERROR - [sensor_reader.py:627] - Sensor read error: Sensor reader not initialized
2025-12-27 22:18:52 - core.sensor_reader - ERROR - [sensor_reader.py:627] - Sensor read error: Sensor reader not initialized
2025-12-27 22:18:53 - core.sensor_reader - ERROR - [sensor_reader.py:627] - Sensor read error: Sensor reader not initialized
2025-12-27 22:18:54 - core.sensor_reader - ERROR - [sensor_reader.py:627] - Sensor read error: Sensor reader not initialized
2025-12-27 22:18:55 - core.sensor_reader - ERROR - [sensor_reader.py:627] - Sensor read error: Sensor reader not initialized
2025-12-27 22:18:56 - core.sensor_reader - ERROR - [sensor_reader.py:627] - Sensor read error: Sensor reader not initialized
2025-12-27 22:18:57 - core.sensor_reader - ERROR - [sensor_reader.py:627] - Sensor read error: Sensor reader not initialized
2025-12-27 22:18:57 - core.sensor_reader - INFO - [sensor_reader.py:173] - Modbus instrument initialized on COM5 (slave 1)
2025-12-27 22:18:57 - core.sensor_reader - INFO - [sensor_reader.py:132] - Sensor reader initialized with frequency 3200.0 Hz
2025-12-27 22:19:04 - core.sensor_reader - ERROR - [sensor_reader.py:323] - Failed to read register block 43501: No communication with the instrument (no answer)
2025-12-27 22:19:04 - core.sensor_reader - WARNING - [sensor_reader.py:405] - Extended bands not supported by this sensor: Register block read failed: No communication with the instrument (no answer)
2025-12-27 22:19:04 - core.sensor_reader - INFO - [sensor_reader.py:173] - Modbus instrument initialized on COM5 (slave 1)
2025-12-27 22:19:04 - core.sensor_reader - INFO - [sensor_reader.py:132] - Sensor reader initialized with frequency 3200.0 Hz
2025-12-27 22:19:06 - core.sensor_reader - INFO - [sensor_reader.py:173] - Modbus instrument initialized on COM5 (slave 1)
2025-12-27 22:19:06 - core.sensor_reader - INFO - [sensor_reader.py:132] - Sensor reader initialized with frequency 3200.0 Hz
