2025-12-29 00:41:49 - database.operational_db - INFO - [operational_db.py:96] - Operational database initialized successfully
2025-12-29 00:41:49 - core.sensor_reader - INFO - [sensor_reader.py:181] - Modbus instrument initialized on COM5 (slave 1)
2025-12-29 00:41:49 - core.sensor_reader - INFO - [sensor_reader.py:140] - Sensor reader initialized with frequency 3200.0 Hz
2025-12-29 00:41:58 - core.sensor_reader - ERROR - [sensor_reader.py:306] - Failed to read scalar values: Failed to read register 40043 after 3 attempts: No communication with the instrument (no answer)
2025-12-29 00:42:04 - core.sensor_reader - WARNING - [sensor_reader.py:487] - Connection test failed, attempting reconnect: Failed to read register 40043 after 2 attempts: No communication with the instrument (no answer)
2025-12-29 00:42:04 - core.sensor_reader - INFO - [sensor_reader.py:181] - Modbus instrument initialized on COM5 (slave 1)
2025-12-29 00:42:13 - core.sensor_reader - ERROR - [sensor_reader.py:306] - Failed to read scalar values: Failed to read register 40043 after 3 attempts: No communication with the instrument (no answer)
2025-12-29 00:42:14 - core.sensor_reader - INFO - [sensor_reader.py:181] - Modbus instrument initialized on COM5 (slave 1)
2025-12-29 00:42:14 - core.sensor_reader - INFO - [sensor_reader.py:140] - Sensor reader initialized with frequency 3200.0 Hz
2025-12-29 00:42:23 - core.sensor_reader - ERROR - [sensor_reader.py:306] - Failed to read scalar values: Failed to read register 40043 after 3 attempts: No communication with the instrument (no answer)
2025-12-29 00:42:23 - core.sensor_reader - INFO - [sensor_reader.py:181] - Modbus instrument initialized on COM5 (slave 1)
2025-12-29 00:42:23 - core.sensor_reader - INFO - [sensor_reader.py:140] - Sensor reader initialized with frequency 3200.0 Hz
2025-12-29 00:42:33 - core.sensor_reader - ERROR - [sensor_reader.py:306] - Failed to read scalar values: Failed to read register 40043 after 3 attempts: No communication with the instrument (no answer)
2025-12-29 00:42:33 - core.sensor_reader - INFO - [sensor_reader.py:181] - Modbus instrument initialized on COM5 (slave 1)
2025-12-29 00:42:33 - core.sensor_reader - INFO - [sensor_reader.py:140] - Sensor reader initialized with frequency 3200.0 Hz
2025-12-29 00:42:42 - core.sensor_reader - ERROR - [sensor_reader.py:306] - Failed to read scalar values: Failed to read register 40043 after 3 attempts: No communication with the instrument (no answer)
2025-12-29 00:42:42 - core.sensor_reader - INFO - [sensor_reader.py:181] - Modbus instrument initialized on COM5 (slave 1)
2025-12-29 00:42:42 - core.sensor_reader - INFO - [sensor_reader.py:140] - Sensor reader initialized with frequency 3200.0 Hz
2025-12-29 00:42:52 - core.sensor_reader - ERROR - [sensor_reader.py:306] - Failed to read scalar values: Failed to read register 40043 after 3 attempts: No communication with the instrument (no answer)
2025-12-29 00:42:52 - core.sensor_reader - INFO - [sensor_reader.py:181] - Modbus instrument initialized on COM5 (slave 1)
2025-12-29 00:42:52 - core.sensor_reader - INFO - [sensor_reader.py:140] - Sensor reader initialized with frequency 3200.0 Hz
2025-12-29 00:43:01 - core.sensor_reader - ERROR - [sensor_reader.py:306] - Failed to read scalar values: Failed to read register 40043 after 3 attempts: No communication with the instrument (no answer)
2025-12-29 00:43:01 - core.sensor_reader - INFO - [sensor_reader.py:181] - Modbus instrument initialized on COM5 (slave 1)
2025-12-29 00:43:01 - core.sensor_reader - INFO - [sensor_reader.py:140] - Sensor reader initialized with frequency 3200.0 Hz
2025-12-29 00:43:05 - core.sensor_reader - ERROR - [sensor_reader.py:306] - Failed to read scalar values: Failed to read register 40043 after 3 attempts: WriteFile failed (PermissionError(13, 'Access is denied.', None, 5))
2025-12-29 00:43:05 - core.sensor_reader - ERROR - [sensor_reader.py:184] - Failed to initialize Modbus instrument on COM5: could not open port 'COM5': FileNotFoundError(2, 'The system cannot find the file specified.', None, 2)
2025-12-29 00:43:05 - core.sensor_reader - ERROR - [sensor_reader.py:142] - Failed to initialize sensor reader: Modbus init failed on COM5: could not open port 'COM5': FileNotFoundError(2, 'The system cannot find the file specified.', None, 2)
2025-12-29 00:43:05 - core.sensor_reader - ERROR - [sensor_reader.py:618] - Failed to initialize reader: Initialization failed: Modbus init failed on COM5: could not open port 'COM5': FileNotFoundError(2, 'The system cannot find the file specified.', None, 2)
2025-12-29 00:43:05 - core.sensor_reader - WARNING - [sensor_reader.py:487] - Connection test failed, attempting reconnect: Failed to read register 40043 after 2 attempts: could not open port 'COM5': FileNotFoundError(2, 'The system cannot find the file specified.', None, 2)
2025-12-29 00:43:05 - core.sensor_reader - ERROR - [sensor_reader.py:184] - Failed to initialize Modbus instrument on COM5: could not open port 'COM5': FileNotFoundError(2, 'The system cannot find the file specified.', None, 2)
2025-12-29 00:43:05 - core.sensor_reader - WARNING - [sensor_reader.py:487] - Connection test failed, attempting reconnect: Failed to read register 40043 after 2 attempts: could not open port 'COM5': FileNotFoundError(2, 'The system cannot find the file specified.', None, 2)
2025-12-29 00:43:05 - core.sensor_reader - ERROR - [sensor_reader.py:184] - Failed to initialize Modbus instrument on COM5: could not open port 'COM5': FileNotFoundError(2, 'The system cannot find the file specified.', None, 2)
2025-12-29 00:43:06 - core.sensor_reader - WARNING - [sensor_reader.py:487] - Connection test failed, attempting reconnect: Failed to read register 40043 after 2 attempts: could not open port 'COM5': FileNotFoundError(2, 'The system cannot find the file specified.', None, 2)
2025-12-29 00:43:06 - core.sensor_reader - ERROR - [sensor_reader.py:184] - Failed to initialize Modbus instrument on COM5: could not open port 'COM5': FileNotFoundError(2, 'The system cannot find the file specified.', None, 2)
2025-12-29 00:43:06 - core.sensor_reader - WARNING - [sensor_reader.py:487] - Connection test failed, attempting reconnect: Failed to read register 40043 after 2 attempts: could not open port 'COM5': FileNotFoundError(2, 'The system cannot find the file specified.', None, 2)
2025-12-29 00:43:06 - core.sensor_reader - ERROR - [sensor_reader.py:184] - Failed to initialize Modbus instrument on COM5: could not open port 'COM5': FileNotFoundError(2, 'The system cannot find the file specified.', None, 2)
2025-12-29 00:43:07 - core.sensor_reader - WARNING - [sensor_reader.py:487] - Connection test failed, attempting reconnect: Failed to read register 40043 after 2 attempts: could not open port 'COM5': FileNotFoundError(2, 'The system cannot find the file specified.', None, 2)
2025-12-29 00:43:07 - core.sensor_reader - ERROR - [sensor_reader.py:184] - Failed to initialize Modbus instrument on COM5: could not open port 'COM5': FileNotFoundError(2, 'The system cannot find the file specified.', None, 2)
2025-12-29 00:43:07 - core.sensor_reader - WARNING - [sensor_reader.py:487] - Connection test failed, attempting reconnect: Failed to read register 40043 after 2 attempts: could not open port 'COM5': FileNotFoundError(2, 'The system cannot find the file specified.', None, 2)
2025-12-29 00:43:07 - core.sensor_reader - ERROR - [sensor_reader.py:184] - Failed to initialize Modbus instrument on COM5: could not open port 'COM5': FileNotFoundError(2, 'The system cannot find the file specified.', None, 2)
2025-12-29 00:43:08 - core.sensor_reader - WARNING - [sensor_reader.py:487] - Connection test failed, attempting reconnect: Failed to read register 40043 after 2 attempts: could not open port 'COM5': FileNotFoundError(2, 'The system cannot find the file specified.', None, 2)
2025-12-29 00:43:08 - core.sensor_reader - ERROR - [sensor_reader.py:184] - Failed to initialize Modbus instrument on COM5: could not open port 'COM5': FileNotFoundError(2, 'The system cannot find the file specified.', None, 2)
2025-12-29 00:43:08 - core.sensor_reader - WARNING - [sensor_reader.py:487] - Connection test failed, attempting reconnect: Failed to read register 40043 after 2 attempts: could not open port 'COM5': FileNotFoundError(2, 'The system cannot find the file specified.', None, 2)
2025-12-29 00:43:08 - core.sensor_reader - ERROR - [sensor_reader.py:184] - Failed to initialize Modbus instrument on COM5: could not open port 'COM5': FileNotFoundError(2, 'The system cannot find the file specified.', None, 2)
2025-12-29 00:43:09 - core.sensor_reader - WARNING - [sensor_reader.py:487] - Connection test failed, attempting reconnect: Failed to read register 40043 after 2 attempts: could not open port 'COM5': FileNotFoundError(2, 'The system cannot find the file specified.', None, 2)
2025-12-29 00:43:09 - core.sensor_reader - ERROR - [sensor_reader.py:184] - Failed to initialize Modbus instrument on COM5: could not open port 'COM5': FileNotFoundError(2, 'The system cannot find the file specified.', None, 2)
2025-12-29 00:43:09 - core.sensor_reader - WARNING - [sensor_reader.py:487] - Connection test failed, attempting reconnect: Failed to read register 40043 after 2 attempts: could not open port 'COM5': FileNotFoundError(2, 'The system cannot find the file specified.', None, 2)
2025-12-29 00:43:09 - core.sensor_reader - ERROR - [sensor_reader.py:184] - Failed to initialize Modbus instrument on COM5: could not open port 'COM5': FileNotFoundError(2, 'The system cannot find the file specified.', None, 2)
2025-12-29 00:43:10 - core.sensor_reader - WARNING - [sensor_reader.py:487] - Connection test failed, attempting reconnect: Failed to read register 40043 after 2 attempts: could not open port 'COM5': FileNotFoundError(2, 'The system cannot find the file specified.', None, 2)
2025-12-29 00:43:10 - core.sensor_reader - ERROR - [sensor_reader.py:184] - Failed to initialize Modbus instrument on COM5: could not open port 'COM5': FileNotFoundError(2, 'The system cannot find the file specified.', None, 2)
2025-12-29 00:43:10 - core.sensor_reader - WARNING - [sensor_reader.py:487] - Connection test failed, attempting reconnect: Failed to read register 40043 after 2 attempts: could not open port 'COM5': FileNotFoundError(2, 'The system cannot find the file specified.', None, 2)
2025-12-29 00:43:10 - core.sensor_reader - ERROR - [sensor_reader.py:184] - Failed to initialize Modbus instrument on COM5: could not open port 'COM5': FileNotFoundError(2, 'The system cannot find the file specified.', None, 2)
2025-12-29 00:43:11 - core.sensor_reader - WARNING - [sensor_reader.py:487] - Connection test failed, attempting reconnect: Failed to read register 40043 after 2 attempts: could not open port 'COM5': FileNotFoundError(2, 'The system cannot find the file specified.', None, 2)
2025-12-29 00:43:11 - core.sensor_reader - ERROR - [sensor_reader.py:184] - Failed to initialize Modbus instrument on COM5: could not open port 'COM5': FileNotFoundError(2, 'The system cannot find the file specified.', None, 2)
2025-12-29 00:43:11 - core.sensor_reader - WARNING - [sensor_reader.py:487] - Connection test failed, attempting reconnect: Failed to read register 40043 after 2 attempts: could not open port 'COM5': FileNotFoundError(2, 'The system cannot find the file specified.', None, 2)
2025-12-29 00:43:11 - core.sensor_reader - ERROR - [sensor_reader.py:184] - Failed to initialize Modbus instrument on COM5: could not open port 'COM5': FileNotFoundError(2, 'The system cannot find the file specified.', None, 2)
2025-12-29 00:43:12 - core.sensor_reader - WARNING - [sensor_reader.py:487] - Connection test failed, attempting reconnect: Failed to read register 40043 after 2 attempts: could not open port 'COM5': FileNotFoundError(2, 'The system cannot find the file specified.', None, 2)
2025-12-29 00:43:12 - core.sensor_reader - ERROR - [sensor_reader.py:184] - Failed to initialize Modbus instrument on COM5: could not open port 'COM5': FileNotFoundError(2, 'The system cannot find the file specified.', None, 2)
2025-12-29 00:43:12 - core.sensor_reader - WARNING - [sensor_reader.py:487] - Connection test failed, attempting reconnect: Failed to read register 40043 after 2 attempts: could not open port 'COM5': FileNotFoundError(2, 'The system cannot find the file specified.', None, 2)
2025-12-29 00:43:12 - core.sensor_reader - ERROR - [sensor_reader.py:184] - Failed to initialize Modbus instrument on COM5: could not open port 'COM5': FileNotFoundError(2, 'The system cannot find the file specified.', None, 2)
2025-12-29 00:43:13 - core.sensor_reader - WARNING - [sensor_reader.py:487] - Connection test failed, attempting reconnect: Failed to read register 40043 after 2 attempts: could not open port 'COM5': FileNotFoundError(2, 'The system cannot find the file specified.', None, 2)
2025-12-29 00:43:13 - core.sensor_reader - ERROR - [sensor_reader.py:184] - Failed to initialize Modbus instrument on COM5: could not open port 'COM5': FileNotFoundError(2, 'The system cannot find the file specified.', None, 2)
2025-12-29 00:43:13 - core.sensor_reader - WARNING - [sensor_reader.py:487] - Connection test failed, attempting reconnect: Failed to read register 40043 after 2 attempts: could not open port 'COM5': FileNotFoundError(2, 'The system cannot find the file specified.', None, 2)
2025-12-29 00:43:13 - core.sensor_reader - ERROR - [sensor_reader.py:184] - Failed to initialize Modbus instrument on COM5: could not open port 'COM5': FileNotFoundError(2, 'The system cannot find the file specified.', None, 2)
2025-12-29 00:43:14 - core.sensor_reader - WARNING - [sensor_reader.py:487] - Connection test failed, attempting reconnect: Failed to read register 40043 after 2 attempts: could not open port 'COM5': FileNotFoundError(2, 'The system cannot find the file specified.', None, 2)
2025-12-29 00:43:14 - core.sensor_reader - ERROR - [sensor_reader.py:184] - Failed to initialize Modbus instrument on COM5: could not open port 'COM5': FileNotFoundError(2, 'The system cannot find the file specified.', None, 2)
2025-12-29 00:43:14 - core.sensor_reader - WARNING - [sensor_reader.py:487] - Connection test failed, attempting reconnect: Failed to read register 40043 after 2 attempts: could not open port 'COM5': FileNotFoundError(2, 'The system cannot find the file specified.', None, 2)
2025-12-29 00:43:14 - core.sensor_reader - ERROR - [sensor_reader.py:184] - Failed to initialize Modbus instrument on COM5: could not open port 'COM5': FileNotFoundError(2, 'The system cannot find the file specified.', None, 2)
2025-12-29 00:43:15 - core.sensor_reader - WARNING - [sensor_reader.py:487] - Connection test failed, attempting reconnect: Failed to read register 40043 after 2 attempts: could not open port 'COM5': FileNotFoundError(2, 'The system cannot find the file specified.', None, 2)
2025-12-29 00:43:15 - core.sensor_reader - ERROR - [sensor_reader.py:184] - Failed to initialize Modbus instrument on COM5: could not open port 'COM5': FileNotFoundError(2, 'The system cannot find the file specified.', None, 2)
2025-12-29 00:43:15 - core.sensor_reader - WARNING - [sensor_reader.py:487] - Connection test failed, attempting reconnect: Failed to read register 40043 after 2 attempts: could not open port 'COM5': FileNotFoundError(2, 'The system cannot find the file specified.', None, 2)
2025-12-29 00:43:15 - core.sensor_reader - ERROR - [sensor_reader.py:184] - Failed to initialize Modbus instrument on COM5: could not open port 'COM5': FileNotFoundError(2, 'The system cannot find the file specified.', None, 2)
2025-12-29 00:43:16 - core.sensor_reader - WARNING - [sensor_reader.py:487] - Connection test failed, attempting reconnect: Failed to read register 40043 after 2 attempts: could not open port 'COM5': FileNotFoundError(2, 'The system cannot find the file specified.', None, 2)
2025-12-29 00:43:16 - core.sensor_reader - ERROR - [sensor_reader.py:184] - Failed to initialize Modbus instrument on COM5: could not open port 'COM5': FileNotFoundError(2, 'The system cannot find the file specified.', None, 2)
2025-12-29 00:43:16 - core.sensor_reader - WARNING - [sensor_reader.py:487] - Connection test failed, attempting reconnect: Failed to read register 40043 after 2 attempts: could not open port 'COM5': FileNotFoundError(2, 'The system cannot find the file specified.', None, 2)
2025-12-29 00:43:16 - core.sensor_reader - ERROR - [sensor_reader.py:184] - Failed to initialize Modbus instrument on COM5: could not open port 'COM5': FileNotFoundError(2, 'The system cannot find the file specified.', None, 2)
2025-12-29 00:43:17 - core.sensor_reader - WARNING - [sensor_reader.py:487] - Connection test failed, attempting reconnect: Failed to read register 40043 after 2 attempts: could not open port 'COM5': FileNotFoundError(2, 'The system cannot find the file specified.', None, 2)
2025-12-29 00:43:17 - core.sensor_reader - ERROR - [sensor_reader.py:184] - Failed to initialize Modbus instrument on COM5: could not open port 'COM5': FileNotFoundError(2, 'The system cannot find the file specified.', None, 2)
2025-12-29 00:43:17 - core.sensor_reader - WARNING - [sensor_reader.py:487] - Connection test failed, attempting reconnect: Failed to read register 40043 after 2 attempts: could not open port 'COM5': FileNotFoundError(2, 'The system cannot find the file specified.', None, 2)
2025-12-29 00:43:17 - core.sensor_reader - ERROR - [sensor_reader.py:184] - Failed to initialize Modbus instrument on COM5: could not open port 'COM5': FileNotFoundError(2, 'The system cannot find the file specified.', None, 2)
2025-12-29 00:43:18 - core.sensor_reader - WARNING - [sensor_reader.py:487] - Connection test failed, attempting reconnect: Failed to read register 40043 after 2 attempts: could not open port 'COM5': FileNotFoundError(2, 'The system cannot find the file specified.', None, 2)
2025-12-29 00:43:18 - core.sensor_reader - ERROR - [sensor_reader.py:184] - Failed to initialize Modbus instrument on COM5: could not open port 'COM5': FileNotFoundError(2, 'The system cannot find the file specified.', None, 2)
2025-12-29 00:43:18 - core.sensor_reader - WARNING - [sensor_reader.py:487] - Connection test failed, attempting reconnect: Failed to read register 40043 after 2 attempts: could not open port 'COM5': FileNotFoundError(2, 'The system cannot find the file specified.', None, 2)
2025-12-29 00:43:18 - core.sensor_reader - ERROR - [sensor_reader.py:184] - Failed to initialize Modbus instrument on COM5: could not open port 'COM5': FileNotFoundError(2, 'The system cannot find the file specified.', None, 2)
2025-12-29 00:43:19 - core.sensor_reader - WARNING - [sensor_reader.py:487] - Connection test failed, attempting reconnect: Failed to read register 40043 after 2 attempts: could not open port 'COM5': FileNotFoundError(2, 'The system cannot find the file specified.', None, 2)
2025-12-29 00:43:19 - core.sensor_reader - ERROR - [sensor_reader.py:184] - Failed to initialize Modbus instrument on COM5: could not open port 'COM5': FileNotFoundError(2, 'The system cannot find the file specified.', None, 2)
2025-12-29 00:43:19 - core.sensor_reader - WARNING - [sensor_reader.py:487] - Connection test failed, attempting reconnect: Failed to read register 40043 after 2 attempts: could not open port 'COM5': FileNotFoundError(2, 'The system cannot find the file specified.', None, 2)
2025-12-29 00:43:19 - core.sensor_reader - ERROR - [sensor_reader.py:184] - Failed to initialize Modbus instrument on COM5: could not open port 'COM5': FileNotFoundError(2, 'The system cannot find the file specified.', None, 2)
2025-12-29 00:43:20 - core.sensor_reader - WARNING - [sensor_reader.py:487] - Connection test failed, attempting reconnect: Failed to read register 40043 after 2 attempts: could not open port 'COM5': FileNotFoundError(2, 'The system cannot find the file specified.', None, 2)
2025-12-29 00:43:20 - core.sensor_reader - ERROR - [sensor_reader.py:184] - Failed to initialize Modbus instrument on COM5: could not open port 'COM5': FileNotFoundError(2, 'The system cannot find the file specified.', None, 2)
2025-12-29 00:43:20 - core.sensor_reader - WARNING - [sensor_reader.py:487] - Connection test failed, attempting reconnect: Failed to read register 40043 after 2 attempts: could not open port 'COM5': FileNotFoundError(2, 'The system cannot find the file specified.', None, 2)
2025-12-29 00:43:20 - core.sensor_reader - ERROR - [sensor_reader.py:184] - Failed to initialize Modbus instrument on COM5: could not open port 'COM5': FileNotFoundError(2, 'The system cannot find the file specified.', None, 2)
2025-12-29 00:43:21 - core.sensor_reader - WARNING - [sensor_reader.py:487] - Connection test failed, attempting reconnect: Failed to read register 40043 after 2 attempts: could not open port 'COM5': FileNotFoundError(2, 'The system cannot find the file specified.', None, 2)
2025-12-29 00:43:21 - core.sensor_reader - ERROR - [sensor_reader.py:184] - Failed to initialize Modbus instrument on COM5: could not open port 'COM5': FileNotFoundError(2, 'The system cannot find the file specified.', None, 2)
2025-12-29 00:43:21 - core.sensor_reader - WARNING - [sensor_reader.py:487] - Connection test failed, attempting reconnect: Failed to read register 40043 after 2 attempts: could not open port 'COM5': FileNotFoundError(2, 'The system cannot find the file specified.', None, 2)
2025-12-29 00:43:21 - core.sensor_reader - ERROR - [sensor_reader.py:184] - Failed to initialize Modbus instrument on COM5: could not open port 'COM5': FileNotFoundError(2, 'The system cannot find the file specified.', None, 2)
2025-12-29 00:43:22 - core.sensor_reader - WARNING - [sensor_reader.py:487] - Connection test failed, attempting reconnect: Failed to read register 40043 after 2 attempts: could not open port 'COM5': FileNotFoundError(2, 'The system cannot find the file specified.', None, 2)
2025-12-29 00:43:22 - core.sensor_reader - ERROR - [sensor_reader.py:184] - Failed to initialize Modbus instrument on COM5: could not open port 'COM5': FileNotFoundError(2, 'The system cannot find the file specified.', None, 2)
2025-12-29 00:43:22 - core.sensor_reader - WARNING - [sensor_reader.py:487] - Connection test failed, attempting reconnect: Failed to read register 40043 after 2 attempts: could not open port 'COM5': FileNotFoundError(2, 'The system cannot find the file specified.', None, 2)
2025-12-29 00:43:22 - core.sensor_reader - ERROR - [sensor_reader.py:184] - Failed to initialize Modbus instrument on COM5: could not open port 'COM5': FileNotFoundError(2, 'The system cannot find the file specified.', None, 2)
2025-12-29 00:43:23 - core.sensor_reader - WARNING - [sensor_reader.py:487] - Connection test failed, attempting reconnect: Failed to read register 40043 after 2 attempts: could not open port 'COM5': FileNotFoundError(2, 'The system cannot find the file specified.', None, 2)
2025-12-29 00:43:23 - core.sensor_reader - ERROR - [sensor_reader.py:184] - Failed to initialize Modbus instrument on COM5: could not open port 'COM5': FileNotFoundError(2, 'The system cannot find the file specified.', None, 2)
2025-12-29 00:43:23 - core.sensor_reader - WARNING - [sensor_reader.py:487] - Connection test failed, attempting reconnect: Failed to read register 40043 after 2 attempts: could not open port 'COM5': FileNotFoundError(2, 'The system cannot find the file specified.', None, 2)
2025-12-29 00:43:23 - core.sensor_reader - ERROR - [sensor_reader.py:184] - Failed to initialize Modbus instrument on COM5: could not open port 'COM5': FileNotFoundError(2, 'The system cannot find the file specified.', None, 2)
2025-12-29 00:43:24 - core.sensor_reader - WARNING - [sensor_reader.py:487] - Connection test failed, attempting reconnect: Failed to read register 40043 after 2 attempts: could not open port 'COM5': FileNotFoundError(2, 'The system cannot find the file specified.', None, 2)
2025-12-29 00:43:24 - core.sensor_reader - ERROR - [sensor_reader.py:184] - Failed to initialize Modbus instrument on COM5: could not open port 'COM5': FileNotFoundError(2, 'The system cannot find the file specified.', None, 2)
2025-12-29 00:43:24 - core.sensor_reader - WARNING - [sensor_reader.py:487] - Connection test failed, attempting reconnect: Failed to read register 40043 after 2 attempts: could not open port 'COM5': FileNotFoundError(2, 'The system cannot find the file specified.', None, 2)
2025-12-29 00:43:24 - core.sensor_reader - ERROR - [sensor_reader.py:184] - Failed to initialize Modbus instrument on COM5: could not open port 'COM5': FileNotFoundError(2, 'The system cannot find the file specified.', None, 2)
2025-12-29 00:43:25 - core.sensor_reader - WARNING - [sensor_reader.py:487] - Connection test failed, attempting reconnect: Failed to read register 40043 after 2 attempts: could not open port 'COM5': FileNotFoundError(2, 'The system cannot find the file specified.', None, 2)
2025-12-29 00:43:25 - core.sensor_reader - ERROR - [sensor_reader.py:184] - Failed to initialize Modbus instrument on COM5: could not open port 'COM5': FileNotFoundError(2, 'The system cannot find the file specified.', None, 2)
2025-12-29 00:43:25 - core.sensor_reader - WARNING - [sensor_reader.py:487] - Connection test failed, attempting reconnect: Failed to read register 40043 after 2 attempts: could not open port 'COM5': FileNotFoundError(2, 'The system cannot find the file specified.', None, 2)
2025-12-29 00:43:25 - core.sensor_reader - ERROR - [sensor_reader.py:184] - Failed to initialize Modbus instrument on COM5: could not open port 'COM5': FileNotFoundError(2, 'The system cannot find the file specified.', None, 2)
2025-12-29 00:43:26 - core.sensor_reader - WARNING - [sensor_reader.py:487] - Connection test failed, attempting reconnect: Failed to read register 40043 after 2 attempts: could not open port 'COM5': FileNotFoundError(2, 'The system cannot find the file specified.', None, 2)
2025-12-29 00:43:26 - core.sensor_reader - ERROR - [sensor_reader.py:184] - Failed to initialize Modbus instrument on COM5: could not open port 'COM5': FileNotFoundError(2, 'The system cannot find the file specified.', None, 2)
2025-12-29 00:43:26 - core.sensor_reader - WARNING - [sensor_reader.py:487] - Connection test failed, attempting reconnect: Failed to read register 40043 after 2 attempts: could not open port 'COM5': FileNotFoundError(2, 'The system cannot find the file specified.', None, 2)
2025-12-29 00:43:26 - core.sensor_reader - ERROR - [sensor_reader.py:184] - Failed to initialize Modbus instrument on COM5: could not open port 'COM5': FileNotFoundError(2, 'The system cannot find the file specified.', None, 2)
2025-12-29 00:43:27 - core.sensor_reader - WARNING - [sensor_reader.py:487] - Connection test failed, attempting reconnect: Failed to read register 40043 after 2 attempts: could not open port 'COM5': FileNotFoundError(2, 'The system cannot find the file specified.', None, 2)
2025-12-29 00:43:27 - core.sensor_reader - ERROR - [sensor_reader.py:184] - Failed to initialize Modbus instrument on COM5: could not open port 'COM5': FileNotFoundError(2, 'The system cannot find the file specified.', None, 2)
2025-12-29 00:43:27 - core.sensor_reader - WARNING - [sensor_reader.py:487] - Connection test failed, attempting reconnect: Failed to read register 40043 after 2 attempts: could not open port 'COM5': FileNotFoundError(2, 'The system cannot find the file specified.', None, 2)
2025-12-29 00:43:27 - core.sensor_reader - ERROR - [sensor_reader.py:184] - Failed to initialize Modbus instrument on COM5: could not open port 'COM5': FileNotFoundError(2, 'The system cannot find the file specified.', None, 2)
2025-12-29 00:43:28 - core.sensor_reader - WARNING - [sensor_reader.py:487] - Connection test failed, attempting reconnect: Failed to read register 40043 after 2 attempts: could not open port 'COM5': FileNotFoundError(2, 'The system cannot find the file specified.', None, 2)
2025-12-29 00:43:28 - core.sensor_reader - ERROR - [sensor_reader.py:184] - Failed to initialize Modbus instrument on COM5: could not open port 'COM5': FileNotFoundError(2, 'The system cannot find the file specified.', None, 2)
2025-12-29 00:43:28 - core.sensor_reader - WARNING - [sensor_reader.py:487] - Connection test failed, attempting reconnect: Failed to read register 40043 after 2 attempts: could not open port 'COM5': FileNotFoundError(2, 'The system cannot find the file specified.', None, 2)
2025-12-29 00:43:28 - core.sensor_reader - ERROR - [sensor_reader.py:184] - Failed to initialize Modbus instrument on COM5: could not open port 'COM5': FileNotFoundError(2, 'The system cannot find the file specified.', None, 2)
2025-12-29 00:43:29 - core.sensor_reader - WARNING - [sensor_reader.py:487] - Connection test failed, attempting reconnect: Failed to read register 40043 after 2 attempts: could not open port 'COM5': FileNotFoundError(2, 'The system cannot find the file specified.', None, 2)
2025-12-29 00:43:29 - core.sensor_reader - ERROR - [sensor_reader.py:184] - Failed to initialize Modbus instrument on COM5: could not open port 'COM5': FileNotFoundError(2, 'The system cannot find the file specified.', None, 2)
2025-12-29 00:43:29 - core.sensor_reader - WARNING - [sensor_reader.py:487] - Connection test failed, attempting reconnect: Failed to read register 40043 after 2 attempts: could not open port 'COM5': FileNotFoundError(2, 'The system cannot find the file specified.', None, 2)
2025-12-29 00:43:29 - core.sensor_reader - ERROR - [sensor_reader.py:184] - Failed to initialize Modbus instrument on COM5: could not open port 'COM5': FileNotFoundError(2, 'The system cannot find the file specified.', None, 2)
2025-12-29 00:43:30 - core.sensor_reader - WARNING - [sensor_reader.py:487] - Connection test failed, attempting reconnect: Failed to read register 40043 after 2 attempts: could not open port 'COM5': FileNotFoundError(2, 'The system cannot find the file specified.', None, 2)
2025-12-29 00:43:30 - core.sensor_reader - ERROR - [sensor_reader.py:184] - Failed to initialize Modbus instrument on COM5: could not open port 'COM5': FileNotFoundError(2, 'The system cannot find the file specified.', None, 2)
2025-12-29 00:43:30 - core.sensor_reader - WARNING - [sensor_reader.py:487] - Connection test failed, attempting reconnect: Failed to read register 40043 after 2 attempts: could not open port 'COM5': FileNotFoundError(2, 'The system cannot find the file specified.', None, 2)
2025-12-29 00:43:30 - core.sensor_reader - ERROR - [sensor_reader.py:184] - Failed to initialize Modbus instrument on COM5: could not open port 'COM5': FileNotFoundError(2, 'The system cannot find the file specified.', None, 2)
2025-12-29 00:43:31 - core.sensor_reader - WARNING - [sensor_reader.py:487] - Connection test failed, attempting reconnect: Failed to read register 40043 after 2 attempts: could not open port 'COM5': FileNotFoundError(2, 'The system cannot find the file specified.', None, 2)
2025-12-29 00:43:31 - core.sensor_reader - ERROR - [sensor_reader.py:184] - Failed to initialize Modbus instrument on COM5: could not open port 'COM5': FileNotFoundError(2, 'The system cannot find the file specified.', None, 2)
2025-12-29 00:43:31 - core.sensor_reader - WARNING - [sensor_reader.py:487] - Connection test failed, attempting reconnect: Failed to read register 40043 after 2 attempts: could not open port 'COM5': FileNotFoundError(2, 'The system cannot find the file specified.', None, 2)
2025-12-29 00:43:31 - core.sensor_reader - ERROR - [sensor_reader.py:184] - Failed to initialize Modbus instrument on COM5: could not open port 'COM5': FileNotFoundError(2, 'The system cannot find the file specified.', None, 2)
2025-12-29 00:43:32 - core.sensor_reader - WARNING - [sensor_reader.py:487] - Connection test failed, attempting reconnect: Failed to read register 40043 after 2 attempts: could not open port 'COM5': FileNotFoundError(2, 'The system cannot find the file specified.', None, 2)
2025-12-29 00:43:32 - core.sensor_reader - ERROR - [sensor_reader.py:184] - Failed to initialize Modbus instrument on COM5: could not open port 'COM5': FileNotFoundError(2, 'The system cannot find the file specified.', None, 2)
2025-12-29 00:43:32 - core.sensor_reader - WARNING - [sensor_reader.py:487] - Connection test failed, attempting reconnect: Failed to read register 40043 after 2 attempts: could not open port 'COM5': FileNotFoundError(2, 'The system cannot find the file specified.', None, 2)
2025-12-29 00:43:32 - core.sensor_reader - ERROR - [sensor_reader.py:184] - Failed to initialize Modbus instrument on COM5: could not open port 'COM5': FileNotFoundError(2, 'The system cannot find the file specified.', None, 2)
2025-12-29 00:43:33 - core.sensor_reader - WARNING - [sensor_reader.py:487] - Connection test failed, attempting reconnect: Failed to read register 40043 after 2 attempts: could not open port 'COM5': FileNotFoundError(2, 'The system cannot find the file specified.', None, 2)
2025-12-29 00:43:33 - core.sensor_reader - ERROR - [sensor_reader.py:184] - Failed to initialize Modbus instrument on COM5: could not open port 'COM5': FileNotFoundError(2, 'The system cannot find the file specified.', None, 2)
2025-12-29 00:43:33 - core.sensor_reader - WARNING - [sensor_reader.py:487] - Connection test failed, attempting reconnect: Failed to read register 40043 after 2 attempts: could not open port 'COM5': FileNotFoundError(2, 'The system cannot find the file specified.', None, 2)
2025-12-29 00:43:33 - core.sensor_reader - ERROR - [sensor_reader.py:184] - Failed to initialize Modbus instrument on COM5: could not open port 'COM5': FileNotFoundError(2, 'The system cannot find the file specified.', None, 2)
2025-12-29 00:43:34 - core.sensor_reader - WARNING - [sensor_reader.py:487] - Connection test failed, attempting reconnect: Failed to read register 40043 after 2 attempts: could not open port 'COM5': FileNotFoundError(2, 'The system cannot find the file specified.', None, 2)
2025-12-29 00:43:34 - core.sensor_reader - ERROR - [sensor_reader.py:184] - Failed to initialize Modbus instrument on COM5: could not open port 'COM5': FileNotFoundError(2, 'The system cannot find the file specified.', None, 2)
2025-12-29 00:43:34 - core.sensor_reader - WARNING - [sensor_reader.py:487] - Connection test failed, attempting reconnect: Failed to read register 40043 after 2 attempts: could not open port 'COM5': FileNotFoundError(2, 'The system cannot find the file specified.', None, 2)
2025-12-29 00:43:34 - core.sensor_reader - ERROR - [sensor_reader.py:184] - Failed to initialize Modbus instrument on COM5: could not open port 'COM5': FileNotFoundError(2, 'The system cannot find the file specified.', None, 2)
2025-12-29 00:43:35 - core.sensor_reader - WARNING - [sensor_reader.py:487] - Connection test failed, attempting reconnect: Failed to read register 40043 after 2 attempts: could not open port 'COM5': FileNotFoundError(2, 'The system cannot find the file specified.', None, 2)
2025-12-29 00:43:35 - core.sensor_reader - ERROR - [sensor_reader.py:184] - Failed to initialize Modbus instrument on COM5: could not open port 'COM5': FileNotFoundError(2, 'The system cannot find the file specified.', None, 2)
2025-12-29 00:43:35 - core.sensor_reader - WARNING - [sensor_reader.py:487] - Connection test failed, attempting reconnect: Failed to read register 40043 after 2 attempts: could not open port 'COM5': FileNotFoundError(2, 'The system cannot find the file specified.', None, 2)
2025-12-29 00:43:35 - core.sensor_reader - ERROR - [sensor_reader.py:184] - Failed to initialize Modbus instrument on COM5: could not open port 'COM5': FileNotFoundError(2, 'The system cannot find the file specified.', None, 2)
2025-12-29 00:43:36 - core.sensor_reader - WARNING - [sensor_reader.py:487] - Connection test failed, attempting reconnect: Failed to read register 40043 after 2 attempts: could not open port 'COM5': FileNotFoundError(2, 'The system cannot find the file specified.', None, 2)
2025-12-29 00:43:36 - core.sensor_reader - ERROR - [sensor_reader.py:184] - Failed to initialize Modbus instrument on COM5: could not open port 'COM5': FileNotFoundError(2, 'The system cannot find the file specified.', None, 2)
2025-12-29 00:43:36 - core.sensor_reader - WARNING - [sensor_reader.py:487] - Connection test failed, attempting reconnect: Failed to read register 40043 after 2 attempts: could not open port 'COM5': FileNotFoundError(2, 'The system cannot find the file specified.', None, 2)
2025-12-29 00:43:36 - core.sensor_reader - ERROR - [sensor_reader.py:184] - Failed to initialize Modbus instrument on COM5: could not open port 'COM5': FileNotFoundError(2, 'The system cannot find the file specified.', None, 2)
2025-12-29 00:43:37 - core.sensor_reader - WARNING - [sensor_reader.py:487] - Connection test failed, attempting reconnect: Failed to read register 40043 after 2 attempts: could not open port 'COM5': FileNotFoundError(2, 'The system cannot find the file specified.', None, 2)
2025-12-29 00:43:37 - core.sensor_reader - ERROR - [sensor_reader.py:184] - Failed to initialize Modbus instrument on COM5: could not open port 'COM5': FileNotFoundError(2, 'The system cannot find the file specified.', None, 2)
2025-12-29 00:43:37 - core.sensor_reader - WARNING - [sensor_reader.py:487] - Connection test failed, attempting reconnect: Failed to read register 40043 after 2 attempts: could not open port 'COM5': FileNotFoundError(2, 'The system cannot find the file specified.', None, 2)
2025-12-29 00:43:37 - core.sensor_reader - ERROR - [sensor_reader.py:184] - Failed to initialize Modbus instrument on COM5: could not open port 'COM5': FileNotFoundError(2, 'The system cannot find the file specified.', None, 2)
2025-12-29 00:43:38 - core.sensor_reader - WARNING - [sensor_reader.py:487] - Connection test failed, attempting reconnect: Failed to read register 40043 after 2 attempts: could not open port 'COM5': FileNotFoundError(2, 'The system cannot find the file specified.', None, 2)
2025-12-29 00:43:38 - core.sensor_reader - ERROR - [sensor_reader.py:184] - Failed to initialize Modbus instrument on COM5: could not open port 'COM5': FileNotFoundError(2, 'The system cannot find the file specified.', None, 2)
2025-12-29 00:43:38 - core.sensor_reader - WARNING - [sensor_reader.py:487] - Connection test failed, attempting reconnect: Failed to read register 40043 after 2 attempts: could not open port 'COM5': FileNotFoundError(2, 'The system cannot find the file specified.', None, 2)
2025-12-29 00:43:38 - core.sensor_reader - ERROR - [sensor_reader.py:184] - Failed to initialize Modbus instrument on COM5: could not open port 'COM5': FileNotFoundError(2, 'The system cannot find the file specified.', None, 2)
2025-12-29 00:43:39 - core.sensor_reader - WARNING - [sensor_reader.py:487] - Connection test failed, attempting reconnect: Failed to read register 40043 after 2 attempts: could not open port 'COM5': FileNotFoundError(2, 'The system cannot find the file specified.', None, 2)
2025-12-29 00:43:39 - core.sensor_reader - ERROR - [sensor_reader.py:184] - Failed to initialize Modbus instrument on COM5: could not open port 'COM5': FileNotFoundError(2, 'The system cannot find the file specified.', None, 2)
2025-12-29 00:43:39 - core.sensor_reader - WARNING - [sensor_reader.py:487] - Connection test failed, attempting reconnect: Failed to read register 40043 after 2 attempts: could not open port 'COM5': FileNotFoundError(2, 'The system cannot find the file specified.', None, 2)
2025-12-29 00:43:39 - core.sensor_reader - ERROR - [sensor_reader.py:184] - Failed to initialize Modbus instrument on COM5: could not open port 'COM5': FileNotFoundError(2, 'The system cannot find the file specified.', None, 2)
2025-12-29 00:43:40 - core.sensor_reader - WARNING - [sensor_reader.py:487] - Connection test failed, attempting reconnect: Failed to read register 40043 after 2 attempts: could not open port 'COM5': FileNotFoundError(2, 'The system cannot find the file specified.', None, 2)
2025-12-29 00:43:40 - core.sensor_reader - ERROR - [sensor_reader.py:184] - Failed to initialize Modbus instrument on COM5: could not open port 'COM5': FileNotFoundError(2, 'The system cannot find the file specified.', None, 2)
2025-12-29 00:43:40 - core.sensor_reader - WARNING - [sensor_reader.py:487] - Connection test failed, attempting reconnect: Failed to read register 40043 after 2 attempts: could not open port 'COM5': FileNotFoundError(2, 'The system cannot find the file specified.', None, 2)
2025-12-29 00:43:40 - core.sensor_reader - ERROR - [sensor_reader.py:184] - Failed to initialize Modbus instrument on COM5: could not open port 'COM5': FileNotFoundError(2, 'The system cannot find the file specified.', None, 2)
2025-12-29 00:43:41 - core.sensor_reader - WARNING - [sensor_reader.py:487] - Connection test failed, attempting reconnect: Failed to read register 40043 after 2 attempts: could not open port 'COM5': FileNotFoundError(2, 'The system cannot find the file specified.', None, 2)
2025-12-29 00:43:41 - core.sensor_reader - ERROR - [sensor_reader.py:184] - Failed to initialize Modbus instrument on COM5: could not open port 'COM5': FileNotFoundError(2, 'The system cannot find the file specified.', None, 2)
2025-12-29 00:43:41 - core.sensor_reader - WARNING - [sensor_reader.py:487] - Connection test failed, attempting reconnect: Failed to read register 40043 after 2 attempts: could not open port 'COM5': FileNotFoundError(2, 'The system cannot find the file specified.', None, 2)
2025-12-29 00:43:41 - core.sensor_reader - ERROR - [sensor_reader.py:184] - Failed to initialize Modbus instrument on COM5: could not open port 'COM5': FileNotFoundError(2, 'The system cannot find the file specified.', None, 2)
2025-12-29 00:43:42 - core.sensor_reader - WARNING - [sensor_reader.py:487] - Connection test failed, attempting reconnect: Failed to read register 40043 after 2 attempts: could not open port 'COM5': FileNotFoundError(2, 'The system cannot find the file specified.', None, 2)
2025-12-29 00:43:42 - core.sensor_reader - ERROR - [sensor_reader.py:184] - Failed to initialize Modbus instrument on COM5: could not open port 'COM5': FileNotFoundError(2, 'The system cannot find the file specified.', None, 2)
2025-12-29 00:43:42 - core.sensor_reader - WARNING - [sensor_reader.py:487] - Connection test failed, attempting reconnect: Failed to read register 40043 after 2 attempts: could not open port 'COM5': FileNotFoundError(2, 'The system cannot find the file specified.', None, 2)
2025-12-29 00:43:42 - core.sensor_reader - ERROR - [sensor_reader.py:184] - Failed to initialize Modbus instrument on COM5: could not open port 'COM5': FileNotFoundError(2, 'The system cannot find the file specified.', None, 2)
2025-12-29 00:43:43 - core.sensor_reader - WARNING - [sensor_reader.py:487] - Connection test failed, attempting reconnect: Failed to read register 40043 after 2 attempts: could not open port 'COM5': FileNotFoundError(2, 'The system cannot find the file specified.', None, 2)
2025-12-29 00:43:43 - core.sensor_reader - ERROR - [sensor_reader.py:184] - Failed to initialize Modbus instrument on COM5: could not open port 'COM5': FileNotFoundError(2, 'The system cannot find the file specified.', None, 2)
2025-12-29 00:43:43 - core.sensor_reader - WARNING - [sensor_reader.py:487] - Connection test failed, attempting reconnect: Failed to read register 40043 after 2 attempts: could not open port 'COM5': FileNotFoundError(2, 'The system cannot find the file specified.', None, 2)
2025-12-29 00:43:43 - core.sensor_reader - ERROR - [sensor_reader.py:184] - Failed to initialize Modbus instrument on COM5: could not open port 'COM5': FileNotFoundError(2, 'The system cannot find the file specified.', None, 2)
2025-12-29 00:43:44 - core.sensor_reader - WARNING - [sensor_reader.py:487] - Connection test failed, attempting reconnect: Failed to read register 40043 after 2 attempts: could not open port 'COM5': FileNotFoundError(2, 'The system cannot find the file specified.', None, 2)
2025-12-29 00:43:44 - core.sensor_reader - ERROR - [sensor_reader.py:184] - Failed to initialize Modbus instrument on COM5: could not open port 'COM5': FileNotFoundError(2, 'The system cannot find the file specified.', None, 2)
2025-12-29 00:43:44 - core.sensor_reader - WARNING - [sensor_reader.py:487] - Connection test failed, attempting reconnect: Failed to read register 40043 after 2 attempts: could not open port 'COM5': FileNotFoundError(2, 'The system cannot find the file specified.', None, 2)
2025-12-29 00:43:44 - core.sensor_reader - ERROR - [sensor_reader.py:184] - Failed to initialize Modbus instrument on COM5: could not open port 'COM5': FileNotFoundError(2, 'The system cannot find the file specified.', None, 2)
2025-12-29 00:43:45 - core.sensor_reader - WARNING - [sensor_reader.py:487] - Connection test failed, attempting reconnect: Failed to read register 40043 after 2 attempts: could not open port 'COM5': FileNotFoundError(2, 'The system cannot find the file specified.', None, 2)
2025-12-29 00:43:45 - core.sensor_reader - ERROR - [sensor_reader.py:184] - Failed to initialize Modbus instrument on COM5: could not open port 'COM5': FileNotFoundError(2, 'The system cannot find the file specified.', None, 2)
2025-12-29 00:44:09 - core.sensor_reader - WARNING - [sensor_reader.py:487] - Connection test failed, attempting reconnect: Failed to read register 40043 after 2 attempts: could not open port 'COM5': FileNotFoundError(2, 'The system cannot find the file specified.', None, 2)
2025-12-29 00:44:09 - core.sensor_reader - ERROR - [sensor_reader.py:184] - Failed to initialize Modbus instrument on COM5: could not open port 'COM5': FileNotFoundError(2, 'The system cannot find the file specified.', None, 2)
2025-12-29 00:44:09 - core.sensor_reader - WARNING - [sensor_reader.py:487] - Connection test failed, attempting reconnect: Failed to read register 40043 after 2 attempts: could not open port 'COM5': FileNotFoundError(2, 'The system cannot find the file specified.', None, 2)
2025-12-29 00:44:09 - core.sensor_reader - ERROR - [sensor_reader.py:184] - Failed to initialize Modbus instrument on COM5: could not open port 'COM5': FileNotFoundError(2, 'The system cannot find the file specified.', None, 2)
2025-12-29 00:44:10 - core.sensor_reader - WARNING - [sensor_reader.py:487] - Connection test failed, attempting reconnect: Failed to read register 40043 after 2 attempts: could not open port 'COM5': FileNotFoundError(2, 'The system cannot find the file specified.', None, 2)
2025-12-29 00:44:10 - core.sensor_reader - ERROR - [sensor_reader.py:184] - Failed to initialize Modbus instrument on COM5: could not open port 'COM5': FileNotFoundError(2, 'The system cannot find the file specified.', None, 2)
2025-12-29 00:44:10 - core.sensor_reader - WARNING - [sensor_reader.py:487] - Connection test failed, attempting reconnect: Failed to read register 40043 after 2 attempts: could not open port 'COM5': FileNotFoundError(2, 'The system cannot find the file specified.', None, 2)
2025-12-29 00:44:10 - core.sensor_reader - ERROR - [sensor_reader.py:184] - Failed to initialize Modbus instrument on COM5: could not open port 'COM5': FileNotFoundError(2, 'The system cannot find the file specified.', None, 2)
2025-12-29 00:44:10 - core.sensor_reader - WARNING - [sensor_reader.py:487] - Connection test failed, attempting reconnect: Failed to read register 40043 after 2 attempts: could not open port 'COM5': FileNotFoundError(2, 'The system cannot find the file specified.', None, 2)
2025-12-29 00:44:10 - core.sensor_reader - ERROR - [sensor_reader.py:184] - Failed to initialize Modbus instrument on COM5: could not open port 'COM5': FileNotFoundError(2, 'The system cannot find the file specified.', None, 2)
2025-12-29 00:44:11 - core.sensor_reader - WARNING - [sensor_reader.py:487] - Connection test failed, attempting reconnect: Failed to read register 40043 after 2 attempts: could not open port 'COM5': FileNotFoundError(2, 'The system cannot find the file specified.', None, 2)
2025-12-29 00:44:11 - core.sensor_reader - ERROR - [sensor_reader.py:184] - Failed to initialize Modbus instrument on COM5: could not open port 'COM5': FileNotFoundError(2, 'The system cannot find the file specified.', None, 2)
2025-12-29 00:44:12 - core.sensor_reader - WARNING - [sensor_reader.py:487] - Connection test failed, attempting reconnect: Failed to read register 40043 after 2 attempts: could not open port 'COM5': FileNotFoundError(2, 'The system cannot find the file specified.', None, 2)
2025-12-29 00:44:12 - core.sensor_reader - ERROR - [sensor_reader.py:184] - Failed to initialize Modbus instrument on COM5: could not open port 'COM5': FileNotFoundError(2, 'The system cannot find the file specified.', None, 2)
2025-12-29 00:44:12 - core.sensor_reader - WARNING - [sensor_reader.py:487] - Connection test failed, attempting reconnect: Failed to read register 40043 after 2 attempts: could not open port 'COM5': FileNotFoundError(2, 'The system cannot find the file specified.', None, 2)
2025-12-29 00:44:12 - core.sensor_reader - ERROR - [sensor_reader.py:184] - Failed to initialize Modbus instrument on COM5: could not open port 'COM5': FileNotFoundError(2, 'The system cannot find the file specified.', None, 2)
2025-12-29 00:44:12 - core.sensor_reader - WARNING - [sensor_reader.py:487] - Connection test failed, attempting reconnect: Failed to read register 40043 after 2 attempts: could not open port 'COM5': FileNotFoundError(2, 'The system cannot find the file specified.', None, 2)
2025-12-29 00:44:12 - core.sensor_reader - ERROR - [sensor_reader.py:184] - Failed to initialize Modbus instrument on COM5: could not open port 'COM5': FileNotFoundError(2, 'The system cannot find the file specified.', None, 2)
2025-12-29 00:44:13 - core.sensor_reader - WARNING - [sensor_reader.py:487] - Connection test failed, attempting reconnect: Failed to read register 40043 after 2 attempts: could not open port 'COM5': FileNotFoundError(2, 'The system cannot find the file specified.', None, 2)
2025-12-29 00:44:13 - core.sensor_reader - ERROR - [sensor_reader.py:184] - Failed to initialize Modbus instrument on COM5: could not open port 'COM5': FileNotFoundError(2, 'The system cannot find the file specified.', None, 2)
2025-12-29 00:44:13 - core.sensor_reader - WARNING - [sensor_reader.py:487] - Connection test failed, attempting reconnect: Failed to read register 40043 after 2 attempts: could not open port 'COM5': FileNotFoundError(2, 'The system cannot find the file specified.', None, 2)
2025-12-29 00:44:13 - core.sensor_reader - ERROR - [sensor_reader.py:184] - Failed to initialize Modbus instrument on COM5: could not open port 'COM5': FileNotFoundError(2, 'The system cannot find the file specified.', None, 2)
2025-12-29 00:44:14 - core.sensor_reader - WARNING - [sensor_reader.py:487] - Connection test failed, attempting reconnect: Failed to read register 40043 after 2 attempts: could not open port 'COM5': FileNotFoundError(2, 'The system cannot find the file specified.', None, 2)
2025-12-29 00:44:14 - core.sensor_reader - ERROR - [sensor_reader.py:184] - Failed to initialize Modbus instrument on COM5: could not open port 'COM5': FileNotFoundError(2, 'The system cannot find the file specified.', None, 2)
2025-12-29 00:44:14 - core.sensor_reader - WARNING - [sensor_reader.py:487] - Connection test failed, attempting reconnect: Failed to read register 40043 after 2 attempts: could not open port 'COM5': FileNotFoundError(2, 'The system cannot find the file specified.', None, 2)
2025-12-29 00:44:14 - core.sensor_reader - ERROR - [sensor_reader.py:184] - Failed to initialize Modbus instrument on COM5: could not open port 'COM5': FileNotFoundError(2, 'The system cannot find the file specified.', None, 2)
2025-12-29 00:44:15 - core.sensor_reader - WARNING - [sensor_reader.py:487] - Connection test failed, attempting reconnect: Failed to read register 40043 after 2 attempts: could not open port 'COM5': FileNotFoundError(2, 'The system cannot find the file specified.', None, 2)
2025-12-29 00:44:15 - core.sensor_reader - ERROR - [sensor_reader.py:184] - Failed to initialize Modbus instrument on COM5: could not open port 'COM5': FileNotFoundError(2, 'The system cannot find the file specified.', None, 2)
2025-12-29 00:44:15 - core.sensor_reader - WARNING - [sensor_reader.py:487] - Connection test failed, attempting reconnect: Failed to read register 40043 after 2 attempts: could not open port 'COM5': FileNotFoundError(2, 'The system cannot find the file specified.', None, 2)
2025-12-29 00:44:15 - core.sensor_reader - ERROR - [sensor_reader.py:184] - Failed to initialize Modbus instrument on COM5: could not open port 'COM5': FileNotFoundError(2, 'The system cannot find the file specified.', None, 2)
2025-12-29 00:44:16 - core.sensor_reader - WARNING - [sensor_reader.py:487] - Connection test failed, attempting reconnect: Failed to read register 40043 after 2 attempts: could not open port 'COM5': FileNotFoundError(2, 'The system cannot find the file specified.', None, 2)
2025-12-29 00:44:16 - core.sensor_reader - ERROR - [sensor_reader.py:184] - Failed to initialize Modbus instrument on COM5: could not open port 'COM5': FileNotFoundError(2, 'The system cannot find the file specified.', None, 2)
2025-12-29 00:44:17 - core.sensor_reader - WARNING - [sensor_reader.py:487] - Connection test failed, attempting reconnect: Failed to read register 40043 after 2 attempts: could not open port 'COM5': FileNotFoundError(2, 'The system cannot find the file specified.', None, 2)
2025-12-29 00:44:17 - core.sensor_reader - ERROR - [sensor_reader.py:184] - Failed to initialize Modbus instrument on COM5: could not open port 'COM5': FileNotFoundError(2, 'The system cannot find the file specified.', None, 2)
2025-12-29 00:44:17 - core.sensor_reader - WARNING - [sensor_reader.py:487] - Connection test failed, attempting reconnect: Failed to read register 40043 after 2 attempts: could not open port 'COM5': FileNotFoundError(2, 'The system cannot find the file specified.', None, 2)
2025-12-29 00:44:17 - core.sensor_reader - ERROR - [sensor_reader.py:184] - Failed to initialize Modbus instrument on COM5: could not open port 'COM5': FileNotFoundError(2, 'The system cannot find the file specified.', None, 2)
2025-12-29 00:44:17 - core.sensor_reader - WARNING - [sensor_reader.py:487] - Connection test failed, attempting reconnect: Failed to read register 40043 after 2 attempts: could not open port 'COM5': FileNotFoundError(2, 'The system cannot find the file specified.', None, 2)
2025-12-29 00:44:17 - core.sensor_reader - ERROR - [sensor_reader.py:184] - Failed to initialize Modbus instrument on COM5: could not open port 'COM5': FileNotFoundError(2, 'The system cannot find the file specified.', None, 2)
2025-12-29 00:44:18 - core.sensor_reader - WARNING - [sensor_reader.py:487] - Connection test failed, attempting reconnect: Failed to read register 40043 after 2 attempts: could not open port 'COM5': FileNotFoundError(2, 'The system cannot find the file specified.', None, 2)
2025-12-29 00:44:18 - core.sensor_reader - ERROR - [sensor_reader.py:184] - Failed to initialize Modbus instrument on COM5: could not open port 'COM5': FileNotFoundError(2, 'The system cannot find the file specified.', None, 2)
2025-12-29 00:44:18 - core.sensor_reader - WARNING - [sensor_reader.py:487] - Connection test failed, attempting reconnect: Failed to read register 40043 after 2 attempts: could not open port 'COM5': FileNotFoundError(2, 'The system cannot find the file specified.', None, 2)
2025-12-29 00:44:18 - core.sensor_reader - ERROR - [sensor_reader.py:184] - Failed to initialize Modbus instrument on COM5: could not open port 'COM5': FileNotFoundError(2, 'The system cannot find the file specified.', None, 2)
2025-12-29 00:44:22 - core.sensor_reader - ERROR - [sensor_reader.py:349] - Failed to read register block 43501: No communication with the instrument (no answer)
2025-12-29 00:44:22 - core.sensor_reader - WARNING - [sensor_reader.py:431] - Extended bands not supported by this sensor: Register block read failed: No communication with the instrument (no answer)
2025-12-29 00:44:23 - core.sensor_reader - INFO - [sensor_reader.py:181] - Modbus instrument initialized on COM5 (slave 1)
2025-12-29 00:44:23 - core.sensor_reader - INFO - [sensor_reader.py:140] - Sensor reader initialized with frequency 3200.0 Hz
2025-12-29 00:44:24 - core.sensor_reader - INFO - [sensor_reader.py:181] - Modbus instrument initialized on COM5 (slave 1)
2025-12-29 00:44:24 - core.sensor_reader - INFO - [sensor_reader.py:140] - Sensor reader initialized with frequency 3200.0 Hz
2025-12-29 00:44:25 - core.sensor_reader - INFO - [sensor_reader.py:181] - Modbus instrument initialized on COM5 (slave 1)
2025-12-29 00:44:25 - core.sensor_reader - INFO - [sensor_reader.py:140] - Sensor reader initialized with frequency 3200.0 Hz
2025-12-29 00:44:26 - core.sensor_reader - INFO - [sensor_reader.py:181] - Modbus instrument initialized on COM5 (slave 1)
2025-12-29 00:44:26 - core.sensor_reader - INFO - [sensor_reader.py:140] - Sensor reader initialized with frequency 3200.0 Hz
2025-12-29 00:49:56 - api.dataset_api - ERROR - [dataset_api.py:339] - Error getting ML realtime stats: 'OperationalDatabase' object has no attribute 'get_recent_readings'
2025-12-29 00:52:41 - api.dataset_api - ERROR - [dataset_api.py:339] - Error getting ML realtime stats: 'OperationalDatabase' object has no attribute 'get_recent_readings'
