2025-12-28 09:34:55 - core.sensor_reader - INFO - [sensor_reader.py:173] - Modbus instrument initialized on COM5 (slave 1)
2025-12-28 09:34:55 - core.sensor_reader - INFO - [sensor_reader.py:132] - Sensor reader initialized with frequency 3200.0 Hz
2025-12-28 09:34:58 - core.sensor_reader - ERROR - [sensor_reader.py:329] - Failed to read register block 43501: No communication with the instrument (no answer)
2025-12-28 09:34:58 - core.sensor_reader - WARNING - [sensor_reader.py:411] - Extended bands not supported by this sensor: Register block read failed: No communication with the instrument (no answer)
2025-12-28 09:36:23 - core.sensor_reader - WARNING - [sensor_reader.py:468] - Connection test failed, attempting reconnect: Failed to read register 40043 after 2 attempts: WriteFile failed (PermissionError(13, 'Access is denied.', None, 5))
2025-12-28 09:36:23 - core.sensor_reader - ERROR - [sensor_reader.py:176] - Failed to initialize Modbus instrument on COM5: Cannot configure port, something went wrong. Original message: PermissionError(13, 'Access is denied.', None, 5)
2025-12-28 09:36:23 - core.sensor_reader - WARNING - [sensor_reader.py:468] - Connection test failed, attempting reconnect: Failed to read register 40043 after 2 attempts: could not open port 'COM5': FileNotFoundError(2, 'The system cannot find the file specified.', None, 2)
2025-12-28 09:36:23 - core.sensor_reader - ERROR - [sensor_reader.py:176] - Failed to initialize Modbus instrument on COM5: could not open port 'COM5': FileNotFoundError(2, 'The system cannot find the file specified.', None, 2)
2025-12-28 09:36:24 - core.sensor_reader - WARNING - [sensor_reader.py:468] - Connection test failed, attempting reconnect: Failed to read register 40043 after 2 attempts: could not open port 'COM5': FileNotFoundError(2, 'The system cannot find the file specified.', None, 2)
2025-12-28 09:36:24 - core.sensor_reader - ERROR - [sensor_reader.py:176] - Failed to initialize Modbus instrument on COM5: could not open port 'COM5': FileNotFoundError(2, 'The system cannot find the file specified.', None, 2)
2025-12-28 09:36:24 - core.sensor_reader - WARNING - [sensor_reader.py:468] - Connection test failed, attempting reconnect: Failed to read register 40043 after 2 attempts: could not open port 'COM5': FileNotFoundError(2, 'The system cannot find the file specified.', None, 2)
2025-12-28 09:36:24 - core.sensor_reader - ERROR - [sensor_reader.py:176] - Failed to initialize Modbus instrument on COM5: could not open port 'COM5': FileNotFoundError(2, 'The system cannot find the file specified.', None, 2)
2025-12-28 09:36:25 - core.sensor_reader - WARNING - [sensor_reader.py:468] - Connection test failed, attempting reconnect: Failed to read register 40043 after 2 attempts: could not open port 'COM5': FileNotFoundError(2, 'The system cannot find the file specified.', None, 2)
2025-12-28 09:36:25 - core.sensor_reader - ERROR - [sensor_reader.py:176] - Failed to initialize Modbus instrument on COM5: could not open port 'COM5': FileNotFoundError(2, 'The system cannot find the file specified.', None, 2)
2025-12-28 09:36:25 - core.sensor_reader - WARNING - [sensor_reader.py:468] - Connection test failed, attempting reconnect: Failed to read register 40043 after 2 attempts: could not open port 'COM5': FileNotFoundError(2, 'The system cannot find the file specified.', None, 2)
2025-12-28 09:36:25 - core.sensor_reader - ERROR - [sensor_reader.py:176] - Failed to initialize Modbus instrument on COM5: could not open port 'COM5': FileNotFoundError(2, 'The system cannot find the file specified.', None, 2)
2025-12-28 09:36:26 - core.sensor_reader - WARNING - [sensor_reader.py:468] - Connection test failed, attempting reconnect: Failed to read register 40043 after 2 attempts: could not open port 'COM5': FileNotFoundError(2, 'The system cannot find the file specified.', None, 2)
2025-12-28 09:36:26 - core.sensor_reader - ERROR - [sensor_reader.py:176] - Failed to initialize Modbus instrument on COM5: could not open port 'COM5': FileNotFoundError(2, 'The system cannot find the file specified.', None, 2)
2025-12-28 09:36:26 - core.sensor_reader - WARNING - [sensor_reader.py:468] - Connection test failed, attempting reconnect: Failed to read register 40043 after 2 attempts: could not open port 'COM5': FileNotFoundError(2, 'The system cannot find the file specified.', None, 2)
2025-12-28 09:36:26 - core.sensor_reader - ERROR - [sensor_reader.py:176] - Failed to initialize Modbus instrument on COM5: could not open port 'COM5': FileNotFoundError(2, 'The system cannot find the file specified.', None, 2)
2025-12-28 09:36:27 - core.sensor_reader - WARNING - [sensor_reader.py:468] - Connection test failed, attempting reconnect: Failed to read register 40043 after 2 attempts: could not open port 'COM5': FileNotFoundError(2, 'The system cannot find the file specified.', None, 2)
2025-12-28 09:36:27 - core.sensor_reader - ERROR - [sensor_reader.py:176] - Failed to initialize Modbus instrument on COM5: could not open port 'COM5': FileNotFoundError(2, 'The system cannot find the file specified.', None, 2)
2025-12-28 09:36:27 - core.sensor_reader - WARNING - [sensor_reader.py:468] - Connection test failed, attempting reconnect: Failed to read register 40043 after 2 attempts: could not open port 'COM5': FileNotFoundError(2, 'The system cannot find the file specified.', None, 2)
2025-12-28 09:36:27 - core.sensor_reader - ERROR - [sensor_reader.py:176] - Failed to initialize Modbus instrument on COM5: could not open port 'COM5': FileNotFoundError(2, 'The system cannot find the file specified.', None, 2)
2025-12-28 09:36:28 - core.sensor_reader - WARNING - [sensor_reader.py:468] - Connection test failed, attempting reconnect: Failed to read register 40043 after 2 attempts: could not open port 'COM5': FileNotFoundError(2, 'The system cannot find the file specified.', None, 2)
2025-12-28 09:36:28 - core.sensor_reader - ERROR - [sensor_reader.py:176] - Failed to initialize Modbus instrument on COM5: could not open port 'COM5': FileNotFoundError(2, 'The system cannot find the file specified.', None, 2)
2025-12-28 09:36:28 - core.sensor_reader - WARNING - [sensor_reader.py:468] - Connection test failed, attempting reconnect: Failed to read register 40043 after 2 attempts: could not open port 'COM5': FileNotFoundError(2, 'The system cannot find the file specified.', None, 2)
2025-12-28 09:36:28 - core.sensor_reader - ERROR - [sensor_reader.py:176] - Failed to initialize Modbus instrument on COM5: could not open port 'COM5': FileNotFoundError(2, 'The system cannot find the file specified.', None, 2)
2025-12-28 09:36:29 - core.sensor_reader - WARNING - [sensor_reader.py:468] - Connection test failed, attempting reconnect: Failed to read register 40043 after 2 attempts: could not open port 'COM5': FileNotFoundError(2, 'The system cannot find the file specified.', None, 2)
2025-12-28 09:36:29 - core.sensor_reader - ERROR - [sensor_reader.py:176] - Failed to initialize Modbus instrument on COM5: could not open port 'COM5': FileNotFoundError(2, 'The system cannot find the file specified.', None, 2)
2025-12-28 09:36:29 - core.sensor_reader - WARNING - [sensor_reader.py:468] - Connection test failed, attempting reconnect: Failed to read register 40043 after 2 attempts: could not open port 'COM5': FileNotFoundError(2, 'The system cannot find the file specified.', None, 2)
2025-12-28 09:36:29 - core.sensor_reader - ERROR - [sensor_reader.py:176] - Failed to initialize Modbus instrument on COM5: could not open port 'COM5': FileNotFoundError(2, 'The system cannot find the file specified.', None, 2)
2025-12-28 09:36:30 - core.sensor_reader - WARNING - [sensor_reader.py:468] - Connection test failed, attempting reconnect: Failed to read register 40043 after 2 attempts: could not open port 'COM5': FileNotFoundError(2, 'The system cannot find the file specified.', None, 2)
2025-12-28 09:36:30 - core.sensor_reader - ERROR - [sensor_reader.py:176] - Failed to initialize Modbus instrument on COM5: could not open port 'COM5': FileNotFoundError(2, 'The system cannot find the file specified.', None, 2)
2025-12-28 09:36:30 - core.sensor_reader - WARNING - [sensor_reader.py:468] - Connection test failed, attempting reconnect: Failed to read register 40043 after 2 attempts: could not open port 'COM5': FileNotFoundError(2, 'The system cannot find the file specified.', None, 2)
2025-12-28 09:36:30 - core.sensor_reader - ERROR - [sensor_reader.py:176] - Failed to initialize Modbus instrument on COM5: could not open port 'COM5': FileNotFoundError(2, 'The system cannot find the file specified.', None, 2)
2025-12-28 09:36:31 - core.sensor_reader - WARNING - [sensor_reader.py:468] - Connection test failed, attempting reconnect: Failed to read register 40043 after 2 attempts: could not open port 'COM5': FileNotFoundError(2, 'The system cannot find the file specified.', None, 2)
2025-12-28 09:36:31 - core.sensor_reader - ERROR - [sensor_reader.py:176] - Failed to initialize Modbus instrument on COM5: could not open port 'COM5': FileNotFoundError(2, 'The system cannot find the file specified.', None, 2)
2025-12-28 09:36:31 - core.sensor_reader - WARNING - [sensor_reader.py:468] - Connection test failed, attempting reconnect: Failed to read register 40043 after 2 attempts: could not open port 'COM5': FileNotFoundError(2, 'The system cannot find the file specified.', None, 2)
2025-12-28 09:36:31 - core.sensor_reader - ERROR - [sensor_reader.py:176] - Failed to initialize Modbus instrument on COM5: could not open port 'COM5': FileNotFoundError(2, 'The system cannot find the file specified.', None, 2)
2025-12-28 09:36:32 - core.sensor_reader - WARNING - [sensor_reader.py:468] - Connection test failed, attempting reconnect: Failed to read register 40043 after 2 attempts: could not open port 'COM5': FileNotFoundError(2, 'The system cannot find the file specified.', None, 2)
2025-12-28 09:36:32 - core.sensor_reader - ERROR - [sensor_reader.py:176] - Failed to initialize Modbus instrument on COM5: could not open port 'COM5': FileNotFoundError(2, 'The system cannot find the file specified.', None, 2)
2025-12-28 09:36:32 - core.sensor_reader - WARNING - [sensor_reader.py:468] - Connection test failed, attempting reconnect: Failed to read register 40043 after 2 attempts: could not open port 'COM5': FileNotFoundError(2, 'The system cannot find the file specified.', None, 2)
2025-12-28 09:36:32 - core.sensor_reader - ERROR - [sensor_reader.py:176] - Failed to initialize Modbus instrument on COM5: could not open port 'COM5': FileNotFoundError(2, 'The system cannot find the file specified.', None, 2)
2025-12-28 09:36:33 - core.sensor_reader - WARNING - [sensor_reader.py:468] - Connection test failed, attempting reconnect: Failed to read register 40043 after 2 attempts: could not open port 'COM5': FileNotFoundError(2, 'The system cannot find the file specified.', None, 2)
2025-12-28 09:36:33 - core.sensor_reader - ERROR - [sensor_reader.py:176] - Failed to initialize Modbus instrument on COM5: could not open port 'COM5': FileNotFoundError(2, 'The system cannot find the file specified.', None, 2)
2025-12-28 09:36:33 - core.sensor_reader - WARNING - [sensor_reader.py:468] - Connection test failed, attempting reconnect: Failed to read register 40043 after 2 attempts: could not open port 'COM5': FileNotFoundError(2, 'The system cannot find the file specified.', None, 2)
2025-12-28 09:36:33 - core.sensor_reader - ERROR - [sensor_reader.py:176] - Failed to initialize Modbus instrument on COM5: could not open port 'COM5': FileNotFoundError(2, 'The system cannot find the file specified.', None, 2)
2025-12-28 09:36:34 - core.sensor_reader - WARNING - [sensor_reader.py:468] - Connection test failed, attempting reconnect: Failed to read register 40043 after 2 attempts: could not open port 'COM5': FileNotFoundError(2, 'The system cannot find the file specified.', None, 2)
2025-12-28 09:36:34 - core.sensor_reader - ERROR - [sensor_reader.py:176] - Failed to initialize Modbus instrument on COM5: could not open port 'COM5': FileNotFoundError(2, 'The system cannot find the file specified.', None, 2)
2025-12-28 09:36:34 - core.sensor_reader - WARNING - [sensor_reader.py:468] - Connection test failed, attempting reconnect: Failed to read register 40043 after 2 attempts: could not open port 'COM5': FileNotFoundError(2, 'The system cannot find the file specified.', None, 2)
2025-12-28 09:36:34 - core.sensor_reader - ERROR - [sensor_reader.py:176] - Failed to initialize Modbus instrument on COM5: could not open port 'COM5': FileNotFoundError(2, 'The system cannot find the file specified.', None, 2)
2025-12-28 09:36:35 - core.sensor_reader - WARNING - [sensor_reader.py:468] - Connection test failed, attempting reconnect: Failed to read register 40043 after 2 attempts: could not open port 'COM5': FileNotFoundError(2, 'The system cannot find the file specified.', None, 2)
2025-12-28 09:36:35 - core.sensor_reader - ERROR - [sensor_reader.py:176] - Failed to initialize Modbus instrument on COM5: could not open port 'COM5': FileNotFoundError(2, 'The system cannot find the file specified.', None, 2)
2025-12-28 09:36:35 - core.sensor_reader - WARNING - [sensor_reader.py:468] - Connection test failed, attempting reconnect: Failed to read register 40043 after 2 attempts: could not open port 'COM5': FileNotFoundError(2, 'The system cannot find the file specified.', None, 2)
2025-12-28 09:36:35 - core.sensor_reader - ERROR - [sensor_reader.py:176] - Failed to initialize Modbus instrument on COM5: could not open port 'COM5': FileNotFoundError(2, 'The system cannot find the file specified.', None, 2)
2025-12-28 09:36:36 - core.sensor_reader - WARNING - [sensor_reader.py:468] - Connection test failed, attempting reconnect: Failed to read register 40043 after 2 attempts: could not open port 'COM5': FileNotFoundError(2, 'The system cannot find the file specified.', None, 2)
2025-12-28 09:36:36 - core.sensor_reader - ERROR - [sensor_reader.py:176] - Failed to initialize Modbus instrument on COM5: could not open port 'COM5': FileNotFoundError(2, 'The system cannot find the file specified.', None, 2)
2025-12-28 09:36:36 - core.sensor_reader - WARNING - [sensor_reader.py:468] - Connection test failed, attempting reconnect: Failed to read register 40043 after 2 attempts: could not open port 'COM5': FileNotFoundError(2, 'The system cannot find the file specified.', None, 2)
2025-12-28 09:36:36 - core.sensor_reader - ERROR - [sensor_reader.py:176] - Failed to initialize Modbus instrument on COM5: could not open port 'COM5': FileNotFoundError(2, 'The system cannot find the file specified.', None, 2)
2025-12-28 09:36:37 - core.sensor_reader - WARNING - [sensor_reader.py:468] - Connection test failed, attempting reconnect: Failed to read register 40043 after 2 attempts: could not open port 'COM5': FileNotFoundError(2, 'The system cannot find the file specified.', None, 2)
2025-12-28 09:36:37 - core.sensor_reader - ERROR - [sensor_reader.py:176] - Failed to initialize Modbus instrument on COM5: could not open port 'COM5': FileNotFoundError(2, 'The system cannot find the file specified.', None, 2)
2025-12-28 09:36:37 - core.sensor_reader - WARNING - [sensor_reader.py:468] - Connection test failed, attempting reconnect: Failed to read register 40043 after 2 attempts: could not open port 'COM5': FileNotFoundError(2, 'The system cannot find the file specified.', None, 2)
2025-12-28 09:36:37 - core.sensor_reader - ERROR - [sensor_reader.py:176] - Failed to initialize Modbus instrument on COM5: could not open port 'COM5': FileNotFoundError(2, 'The system cannot find the file specified.', None, 2)
2025-12-28 09:36:38 - core.sensor_reader - WARNING - [sensor_reader.py:468] - Connection test failed, attempting reconnect: Failed to read register 40043 after 2 attempts: could not open port 'COM5': FileNotFoundError(2, 'The system cannot find the file specified.', None, 2)
2025-12-28 09:36:38 - core.sensor_reader - ERROR - [sensor_reader.py:176] - Failed to initialize Modbus instrument on COM5: could not open port 'COM5': FileNotFoundError(2, 'The system cannot find the file specified.', None, 2)
2025-12-28 09:36:38 - core.sensor_reader - WARNING - [sensor_reader.py:468] - Connection test failed, attempting reconnect: Failed to read register 40043 after 2 attempts: could not open port 'COM5': FileNotFoundError(2, 'The system cannot find the file specified.', None, 2)
2025-12-28 09:36:38 - core.sensor_reader - ERROR - [sensor_reader.py:176] - Failed to initialize Modbus instrument on COM5: could not open port 'COM5': FileNotFoundError(2, 'The system cannot find the file specified.', None, 2)
2025-12-28 09:36:39 - core.sensor_reader - WARNING - [sensor_reader.py:468] - Connection test failed, attempting reconnect: Failed to read register 40043 after 2 attempts: could not open port 'COM5': FileNotFoundError(2, 'The system cannot find the file specified.', None, 2)
2025-12-28 09:36:39 - core.sensor_reader - ERROR - [sensor_reader.py:176] - Failed to initialize Modbus instrument on COM5: could not open port 'COM5': FileNotFoundError(2, 'The system cannot find the file specified.', None, 2)
2025-12-28 09:36:39 - core.sensor_reader - WARNING - [sensor_reader.py:468] - Connection test failed, attempting reconnect: Failed to read register 40043 after 2 attempts: could not open port 'COM5': FileNotFoundError(2, 'The system cannot find the file specified.', None, 2)
2025-12-28 09:36:39 - core.sensor_reader - ERROR - [sensor_reader.py:176] - Failed to initialize Modbus instrument on COM5: could not open port 'COM5': FileNotFoundError(2, 'The system cannot find the file specified.', None, 2)
2025-12-28 09:36:40 - core.sensor_reader - WARNING - [sensor_reader.py:468] - Connection test failed, attempting reconnect: Failed to read register 40043 after 2 attempts: could not open port 'COM5': FileNotFoundError(2, 'The system cannot find the file specified.', None, 2)
2025-12-28 09:36:40 - core.sensor_reader - ERROR - [sensor_reader.py:176] - Failed to initialize Modbus instrument on COM5: could not open port 'COM5': FileNotFoundError(2, 'The system cannot find the file specified.', None, 2)
2025-12-28 09:36:40 - core.sensor_reader - WARNING - [sensor_reader.py:468] - Connection test failed, attempting reconnect: Failed to read register 40043 after 2 attempts: could not open port 'COM5': FileNotFoundError(2, 'The system cannot find the file specified.', None, 2)
2025-12-28 09:36:40 - core.sensor_reader - ERROR - [sensor_reader.py:176] - Failed to initialize Modbus instrument on COM5: could not open port 'COM5': FileNotFoundError(2, 'The system cannot find the file specified.', None, 2)
2025-12-28 09:36:41 - core.sensor_reader - WARNING - [sensor_reader.py:468] - Connection test failed, attempting reconnect: Failed to read register 40043 after 2 attempts: could not open port 'COM5': FileNotFoundError(2, 'The system cannot find the file specified.', None, 2)
2025-12-28 09:36:41 - core.sensor_reader - ERROR - [sensor_reader.py:176] - Failed to initialize Modbus instrument on COM5: could not open port 'COM5': FileNotFoundError(2, 'The system cannot find the file specified.', None, 2)
2025-12-28 09:36:41 - core.sensor_reader - WARNING - [sensor_reader.py:468] - Connection test failed, attempting reconnect: Failed to read register 40043 after 2 attempts: could not open port 'COM5': FileNotFoundError(2, 'The system cannot find the file specified.', None, 2)
2025-12-28 09:36:41 - core.sensor_reader - ERROR - [sensor_reader.py:176] - Failed to initialize Modbus instrument on COM5: could not open port 'COM5': FileNotFoundError(2, 'The system cannot find the file specified.', None, 2)
2025-12-28 09:36:42 - core.sensor_reader - WARNING - [sensor_reader.py:468] - Connection test failed, attempting reconnect: Failed to read register 40043 after 2 attempts: could not open port 'COM5': FileNotFoundError(2, 'The system cannot find the file specified.', None, 2)
2025-12-28 09:36:42 - core.sensor_reader - ERROR - [sensor_reader.py:176] - Failed to initialize Modbus instrument on COM5: could not open port 'COM5': FileNotFoundError(2, 'The system cannot find the file specified.', None, 2)
2025-12-28 09:36:42 - core.sensor_reader - WARNING - [sensor_reader.py:468] - Connection test failed, attempting reconnect: Failed to read register 40043 after 2 attempts: could not open port 'COM5': FileNotFoundError(2, 'The system cannot find the file specified.', None, 2)
2025-12-28 09:36:42 - core.sensor_reader - ERROR - [sensor_reader.py:176] - Failed to initialize Modbus instrument on COM5: could not open port 'COM5': FileNotFoundError(2, 'The system cannot find the file specified.', None, 2)
2025-12-28 09:36:43 - core.sensor_reader - WARNING - [sensor_reader.py:468] - Connection test failed, attempting reconnect: Failed to read register 40043 after 2 attempts: could not open port 'COM5': FileNotFoundError(2, 'The system cannot find the file specified.', None, 2)
2025-12-28 09:36:43 - core.sensor_reader - ERROR - [sensor_reader.py:176] - Failed to initialize Modbus instrument on COM5: could not open port 'COM5': FileNotFoundError(2, 'The system cannot find the file specified.', None, 2)
2025-12-28 09:39:34 - database.operational_db - INFO - [operational_db.py:96] - Operational database initialized successfully
2025-12-28 09:39:34 - api.dataset_api - ERROR - [dataset_api.py:339] - Error getting ML realtime stats: 'OperationalDatabase' object has no attribute 'get_recent_readings'
2025-12-28 09:39:38 - api.dataset_api - ERROR - [dataset_api.py:339] - Error getting ML realtime stats: 'OperationalDatabase' object has no attribute 'get_recent_readings'
